ARM GAS  /tmp/cc6l9RDy.s 			page 1


   1              		.cpu cortex-m3
   2              		.eabi_attribute 20, 1
   3              		.eabi_attribute 21, 1
   4              		.eabi_attribute 23, 3
   5              		.eabi_attribute 24, 1
   6              		.eabi_attribute 25, 1
   7              		.eabi_attribute 26, 1
   8              		.eabi_attribute 30, 1
   9              		.eabi_attribute 34, 1
  10              		.eabi_attribute 18, 4
  11              		.file	"ir_Dish.c"
  12              		.text
  13              	.Ltext0:
  14              		.cfi_sections	.debug_frame
  15              		.section	.text.sendDISH,"ax",%progbits
  16              		.align	1
  17              		.global	sendDISH
  18              		.syntax unified
  19              		.thumb
  20              		.thumb_func
  21              		.fpu softvfp
  23              	sendDISH:
  24              	.LFB64:
  25              		.file 1 "Src/irremote/ir_Dish.c"
   1:Src/irremote/ir_Dish.c **** #include "IRremote.h"
   2:Src/irremote/ir_Dish.c **** #include "IRremoteInt.h"
   3:Src/irremote/ir_Dish.c **** 
   4:Src/irremote/ir_Dish.c **** //==============================================================================
   5:Src/irremote/ir_Dish.c **** //                       DDDD   IIIII   SSSS  H   H
   6:Src/irremote/ir_Dish.c **** //                        D  D    I    S      H   H
   7:Src/irremote/ir_Dish.c **** //                        D  D    I     SSS   HHHHH
   8:Src/irremote/ir_Dish.c **** //                        D  D    I        S  H   H
   9:Src/irremote/ir_Dish.c **** //                       DDDD   IIIII  SSSS   H   H
  10:Src/irremote/ir_Dish.c **** //==============================================================================
  11:Src/irremote/ir_Dish.c **** 
  12:Src/irremote/ir_Dish.c **** // Sharp and DISH support by Todd Treece ( http://unionbridge.org/design/ircommand )
  13:Src/irremote/ir_Dish.c **** //
  14:Src/irremote/ir_Dish.c **** // The sned function needs to be repeated 4 times
  15:Src/irremote/ir_Dish.c **** //
  16:Src/irremote/ir_Dish.c **** // Only send the last for characters of the hex.
  17:Src/irremote/ir_Dish.c **** // I.E.  Use 0x1C10 instead of 0x0000000000001C10 as listed in the LIRC file.
  18:Src/irremote/ir_Dish.c **** //
  19:Src/irremote/ir_Dish.c **** // Here is the LIRC file I found that seems to match the remote codes from the
  20:Src/irremote/ir_Dish.c **** // oscilloscope:
  21:Src/irremote/ir_Dish.c **** //   DISH NETWORK (echostar 301):
  22:Src/irremote/ir_Dish.c **** //   http://lirc.sourceforge.net/remotes/echostar/301_501_3100_5100_58xx_59xx
  23:Src/irremote/ir_Dish.c **** 
  24:Src/irremote/ir_Dish.c **** #define DISH_BITS          16
  25:Src/irremote/ir_Dish.c **** #define DISH_HDR_MARK     400
  26:Src/irremote/ir_Dish.c **** #define DISH_HDR_SPACE   6100
  27:Src/irremote/ir_Dish.c **** #define DISH_BIT_MARK     400
  28:Src/irremote/ir_Dish.c **** #define DISH_ONE_SPACE   1700
  29:Src/irremote/ir_Dish.c **** #define DISH_ZERO_SPACE  2800
  30:Src/irremote/ir_Dish.c **** #define DISH_RPT_SPACE   6200
  31:Src/irremote/ir_Dish.c **** 
  32:Src/irremote/ir_Dish.c **** //+=============================================================================
  33:Src/irremote/ir_Dish.c **** #if SEND_DISH
ARM GAS  /tmp/cc6l9RDy.s 			page 2


  34:Src/irremote/ir_Dish.c **** void  sendDISH (unsigned long data,  int nbits)
  35:Src/irremote/ir_Dish.c **** {
  26              		.loc 1 35 0
  27              		.cfi_startproc
  28              		@ args = 0, pretend = 0, frame = 0
  29              		@ frame_needed = 0, uses_anonymous_args = 0
  30              	.LVL0:
  31 0000 38B5     		push	{r3, r4, r5, lr}
  32              	.LCFI0:
  33              		.cfi_def_cfa_offset 16
  34              		.cfi_offset 3, -16
  35              		.cfi_offset 4, -12
  36              		.cfi_offset 5, -8
  37              		.cfi_offset 14, -4
  38 0002 0546     		mov	r5, r0
  39 0004 0C46     		mov	r4, r1
  36:Src/irremote/ir_Dish.c **** 	// Set IR carrier frequency
  37:Src/irremote/ir_Dish.c ****     irsend_enableIROut(56);
  40              		.loc 1 37 0
  41 0006 3820     		movs	r0, #56
  42              	.LVL1:
  43 0008 FFF7FEFF 		bl	irsend_enableIROut
  44              	.LVL2:
  38:Src/irremote/ir_Dish.c **** 
  39:Src/irremote/ir_Dish.c ****     irsend_mark(DISH_HDR_MARK);
  45              		.loc 1 39 0
  46 000c 4FF4C870 		mov	r0, #400
  47 0010 FFF7FEFF 		bl	irsend_mark
  48              	.LVL3:
  40:Src/irremote/ir_Dish.c ****     irsend_space(DISH_HDR_SPACE);
  49              		.loc 1 40 0
  50 0014 41F2D470 		movw	r0, #6100
  51 0018 FFF7FEFF 		bl	irsend_space
  52              	.LVL4:
  41:Src/irremote/ir_Dish.c **** 
  42:Src/irremote/ir_Dish.c ****     unsigned long  mask;
  43:Src/irremote/ir_Dish.c ****     for (mask = 1UL << (nbits - 1);  mask;  mask >>= 1) {
  53              		.loc 1 43 0
  54 001c 631E     		subs	r3, r4, #1
  55 001e 0124     		movs	r4, #1
  56              	.LVL5:
  57 0020 9C40     		lsls	r4, r4, r3
  58              	.LVL6:
  59 0022 08E0     		b	.L2
  60              	.LVL7:
  61              	.L3:
  44:Src/irremote/ir_Dish.c **** 		if (data & mask) {
  45:Src/irremote/ir_Dish.c ****             irsend_mark(DISH_BIT_MARK);
  46:Src/irremote/ir_Dish.c ****             irsend_space(DISH_ONE_SPACE);
  47:Src/irremote/ir_Dish.c **** 		} else {
  48:Src/irremote/ir_Dish.c ****             irsend_mark(DISH_BIT_MARK);
  62              		.loc 1 48 0
  63 0024 4FF4C870 		mov	r0, #400
  64 0028 FFF7FEFF 		bl	irsend_mark
  65              	.LVL8:
  49:Src/irremote/ir_Dish.c ****             irsend_space(DISH_ZERO_SPACE);
  66              		.loc 1 49 0
ARM GAS  /tmp/cc6l9RDy.s 			page 3


  67 002c 4FF42F60 		mov	r0, #2800
  68 0030 FFF7FEFF 		bl	irsend_space
  69              	.LVL9:
  70              	.L4:
  43:Src/irremote/ir_Dish.c **** 		if (data & mask) {
  71              		.loc 1 43 0 discriminator 2
  72 0034 6408     		lsrs	r4, r4, #1
  73              	.LVL10:
  74              	.L2:
  43:Src/irremote/ir_Dish.c **** 		if (data & mask) {
  75              		.loc 1 43 0 is_stmt 0 discriminator 1
  76 0036 54B1     		cbz	r4, .L7
  44:Src/irremote/ir_Dish.c **** 		if (data & mask) {
  77              		.loc 1 44 0 is_stmt 1
  78 0038 2C42     		tst	r4, r5
  79 003a F3D0     		beq	.L3
  45:Src/irremote/ir_Dish.c ****             irsend_space(DISH_ONE_SPACE);
  80              		.loc 1 45 0
  81 003c 4FF4C870 		mov	r0, #400
  82 0040 FFF7FEFF 		bl	irsend_mark
  83              	.LVL11:
  46:Src/irremote/ir_Dish.c **** 		} else {
  84              		.loc 1 46 0
  85 0044 40F2A460 		movw	r0, #1700
  86 0048 FFF7FEFF 		bl	irsend_space
  87              	.LVL12:
  88 004c F2E7     		b	.L4
  89              	.L7:
  50:Src/irremote/ir_Dish.c **** 		}
  51:Src/irremote/ir_Dish.c **** 	}
  52:Src/irremote/ir_Dish.c ****     irsend_mark(DISH_HDR_MARK); //added 26th March 2016, by AnalysIR ( https://www.AnalysIR.com )
  90              		.loc 1 52 0
  91 004e 4FF4C870 		mov	r0, #400
  92 0052 FFF7FEFF 		bl	irsend_mark
  93              	.LVL13:
  94 0056 38BD     		pop	{r3, r4, r5, pc}
  95              		.cfi_endproc
  96              	.LFE64:
  98              		.text
  99              	.Letext0:
 100              		.file 2 "/home/mpitiot/opt/gcc-arm-none-eabi-6-2017-q1-update/arm-none-eabi/include/machine/_defau
 101              		.file 3 "/home/mpitiot/opt/gcc-arm-none-eabi-6-2017-q1-update/arm-none-eabi/include/sys/_stdint.h"
 102              		.file 4 "Drivers/CMSIS/Include/core_cm3.h"
 103              		.file 5 "Drivers/CMSIS/Device/ST/STM32F1xx/Include/system_stm32f1xx.h"
 104              		.file 6 "Drivers/CMSIS/Device/ST/STM32F1xx/Include/stm32f103xb.h"
 105              		.file 7 "/home/mpitiot/opt/gcc-arm-none-eabi-6-2017-q1-update/arm-none-eabi/include/sys/lock.h"
 106              		.file 8 "/home/mpitiot/opt/gcc-arm-none-eabi-6-2017-q1-update/arm-none-eabi/include/sys/_types.h"
 107              		.file 9 "/home/mpitiot/opt/gcc-arm-none-eabi-6-2017-q1-update/lib/gcc/arm-none-eabi/6.3.1/include/
 108              		.file 10 "/home/mpitiot/opt/gcc-arm-none-eabi-6-2017-q1-update/arm-none-eabi/include/sys/reent.h"
 109              		.file 11 "Inc/irremote/IRremoteInt.h"
 110              		.file 12 "Inc/irremote/IRremote.h"
ARM GAS  /tmp/cc6l9RDy.s 			page 4


DEFINED SYMBOLS
                            *ABS*:0000000000000000 ir_Dish.c
     /tmp/cc6l9RDy.s:16     .text.sendDISH:0000000000000000 $t
     /tmp/cc6l9RDy.s:23     .text.sendDISH:0000000000000000 sendDISH
                     .debug_frame:0000000000000010 $d

UNDEFINED SYMBOLS
irsend_enableIROut
irsend_mark
irsend_space
