ARM GAS  /tmp/ccGCFggl.s 			page 1


   1              		.cpu cortex-m3
   2              		.eabi_attribute 20, 1
   3              		.eabi_attribute 21, 1
   4              		.eabi_attribute 23, 3
   5              		.eabi_attribute 24, 1
   6              		.eabi_attribute 25, 1
   7              		.eabi_attribute 26, 1
   8              		.eabi_attribute 30, 1
   9              		.eabi_attribute 34, 1
  10              		.eabi_attribute 18, 4
  11              		.file	"ir_Mitsubishi.c"
  12              		.text
  13              	.Ltext0:
  14              		.cfi_sections	.debug_frame
  15              		.section	.text.decodeMitsubishi,"ax",%progbits
  16              		.align	1
  17              		.global	decodeMitsubishi
  18              		.syntax unified
  19              		.thumb
  20              		.thumb_func
  21              		.fpu softvfp
  23              	decodeMitsubishi:
  24              	.LFB64:
  25              		.file 1 "Src/irremote/ir_Mitsubishi.c"
   1:Src/irremote/ir_Mitsubishi.c **** #include "IRremote.h"
   2:Src/irremote/ir_Mitsubishi.c **** #include "IRremoteInt.h"
   3:Src/irremote/ir_Mitsubishi.c **** 
   4:Src/irremote/ir_Mitsubishi.c **** //==============================================================================
   5:Src/irremote/ir_Mitsubishi.c **** //    MMMMM  IIIII TTTTT   SSSS  U   U  BBBB   IIIII   SSSS  H   H  IIIII
   6:Src/irremote/ir_Mitsubishi.c **** //    M M M    I     T    S      U   U  B   B    I    S      H   H    I
   7:Src/irremote/ir_Mitsubishi.c **** //    M M M    I     T     SSS   U   U  BBBB     I     SSS   HHHHH    I
   8:Src/irremote/ir_Mitsubishi.c **** //    M   M    I     T        S  U   U  B   B    I        S  H   H    I
   9:Src/irremote/ir_Mitsubishi.c **** //    M   M  IIIII   T    SSSS    UUU   BBBBB  IIIII  SSSS   H   H  IIIII
  10:Src/irremote/ir_Mitsubishi.c **** //==============================================================================
  11:Src/irremote/ir_Mitsubishi.c **** 
  12:Src/irremote/ir_Mitsubishi.c **** // Looks like Sony except for timings, 48 chars of data and time/space different
  13:Src/irremote/ir_Mitsubishi.c **** 
  14:Src/irremote/ir_Mitsubishi.c **** #define MITSUBISHI_BITS 16
  15:Src/irremote/ir_Mitsubishi.c **** 
  16:Src/irremote/ir_Mitsubishi.c **** // Mitsubishi RM 75501
  17:Src/irremote/ir_Mitsubishi.c **** // 14200 7 41 7 42 7 42 7 17 7 17 7 18 7 41 7 18 7 17 7 17 7 18 7 41 8 17 7 17 7 18 7 17 7
  18:Src/irremote/ir_Mitsubishi.c **** // #define MITSUBISHI_HDR_MARK	250  // seen range 3500
  19:Src/irremote/ir_Mitsubishi.c **** #define MITSUBISHI_HDR_SPACE	350 //  7*50+100
  20:Src/irremote/ir_Mitsubishi.c **** #define MITSUBISHI_ONE_MARK	1950 // 41*50-100
  21:Src/irremote/ir_Mitsubishi.c **** #define MITSUBISHI_ZERO_MARK  750 // 17*50-100
  22:Src/irremote/ir_Mitsubishi.c **** // #define MITSUBISHI_DOUBLE_SPACE_USECS  800  // usually ssee 713 - not using ticks as get number 
  23:Src/irremote/ir_Mitsubishi.c **** // #define MITSUBISHI_RPT_LENGTH 45000
  24:Src/irremote/ir_Mitsubishi.c **** 
  25:Src/irremote/ir_Mitsubishi.c **** //+=============================================================================
  26:Src/irremote/ir_Mitsubishi.c **** #if DECODE_MITSUBISHI
  27:Src/irremote/ir_Mitsubishi.c **** unsigned char  decodeMitsubishi (struct decode_results *results)
  28:Src/irremote/ir_Mitsubishi.c **** {
  26              		.loc 1 28 0
  27              		.cfi_startproc
  28              		@ args = 0, pretend = 0, frame = 0
  29              		@ frame_needed = 0, uses_anonymous_args = 0
  30              	.LVL0:
ARM GAS  /tmp/ccGCFggl.s 			page 2


  31 0000 F8B5     		push	{r3, r4, r5, r6, r7, lr}
  32              	.LCFI0:
  33              		.cfi_def_cfa_offset 24
  34              		.cfi_offset 3, -24
  35              		.cfi_offset 4, -20
  36              		.cfi_offset 5, -16
  37              		.cfi_offset 6, -12
  38              		.cfi_offset 7, -8
  39              		.cfi_offset 14, -4
  40              	.LVL1:
  29:Src/irremote/ir_Mitsubishi.c ****   // Serial.print("?!? decoding Mitsubishi:");Serial.print(irparams.rawlen); Serial.print(" want ")
  30:Src/irremote/ir_Mitsubishi.c ****   long data = 0;
  31:Src/irremote/ir_Mitsubishi.c ****   if (irparams.rawlen < 2 * MITSUBISHI_BITS + 2)  return FALSE ;
  41              		.loc 1 31 0
  42 0002 264B     		ldr	r3, .L16
  43 0004 DB7C     		ldrb	r3, [r3, #19]	@ zero_extendqisi2
  44 0006 DBB2     		uxtb	r3, r3
  45 0008 212B     		cmp	r3, #33
  46 000a 01D8     		bhi	.L14
  47 000c 0020     		movs	r0, #0
  48              	.LVL2:
  49 000e F8BD     		pop	{r3, r4, r5, r6, r7, pc}
  50              	.LVL3:
  51              	.L14:
  52 0010 0646     		mov	r6, r0
  53              	.LVL4:
  32:Src/irremote/ir_Mitsubishi.c ****   int offset = 0; // Skip first space
  33:Src/irremote/ir_Mitsubishi.c ****   // Initial space
  34:Src/irremote/ir_Mitsubishi.c **** 
  35:Src/irremote/ir_Mitsubishi.c **** #if 0
  36:Src/irremote/ir_Mitsubishi.c ****   // Put this back in for debugging - note can't use #DEBUG as if Debug on we don't see the repeat 
  37:Src/irremote/ir_Mitsubishi.c ****   Serial.print("IR Gap: ");
  38:Src/irremote/ir_Mitsubishi.c ****   Serial.println( results->rawbuf[offset]);
  39:Src/irremote/ir_Mitsubishi.c ****   Serial.println( "test against:");
  40:Src/irremote/ir_Mitsubishi.c ****   Serial.println(results->rawbuf[offset]);
  41:Src/irremote/ir_Mitsubishi.c **** #endif
  42:Src/irremote/ir_Mitsubishi.c **** 
  43:Src/irremote/ir_Mitsubishi.c **** #if 0
  44:Src/irremote/ir_Mitsubishi.c ****   // Not seeing double keys from Mitsubishi
  45:Src/irremote/ir_Mitsubishi.c ****   if (results->rawbuf[offset] < MITSUBISHI_DOUBLE_SPACE_USECS) {
  46:Src/irremote/ir_Mitsubishi.c ****     // Serial.print("IR Gap found: ");
  47:Src/irremote/ir_Mitsubishi.c ****     results->bits = 0;
  48:Src/irremote/ir_Mitsubishi.c ****     results->value = REPEAT;
  49:Src/irremote/ir_Mitsubishi.c ****     results->decode_type = MITSUBISHI;
  50:Src/irremote/ir_Mitsubishi.c ****     return true;
  51:Src/irremote/ir_Mitsubishi.c ****   }
  52:Src/irremote/ir_Mitsubishi.c **** #endif
  53:Src/irremote/ir_Mitsubishi.c **** 
  54:Src/irremote/ir_Mitsubishi.c ****   offset++;
  55:Src/irremote/ir_Mitsubishi.c **** 
  56:Src/irremote/ir_Mitsubishi.c ****   // Typical
  57:Src/irremote/ir_Mitsubishi.c ****   // 14200 7 41 7 42 7 42 7 17 7 17 7 18 7 41 7 18 7 17 7 17 7 18 7 41 8 17 7 17 7 18 7 17 7
  58:Src/irremote/ir_Mitsubishi.c **** 
  59:Src/irremote/ir_Mitsubishi.c ****   // Initial Space
  60:Src/irremote/ir_Mitsubishi.c ****   if (!MATCH_MARK(results->rawbuf[offset], MITSUBISHI_HDR_SPACE))  return FALSE ;
  54              		.loc 1 60 0
  55 0012 0369     		ldr	r3, [r0, #16]
ARM GAS  /tmp/ccGCFggl.s 			page 3


  56 0014 5868     		ldr	r0, [r3, #4]
  57              	.LVL5:
  58 0016 4FF4AF71 		mov	r1, #350
  59 001a FFF7FEFF 		bl	MATCH_MARK
  60              	.LVL6:
  61 001e 0028     		cmp	r0, #0
  62 0020 37D0     		beq	.L10
  63 0022 0224     		movs	r4, #2
  64 0024 0025     		movs	r5, #0
  65 0026 11E0     		b	.L3
  66              	.LVL7:
  67              	.L4:
  61:Src/irremote/ir_Mitsubishi.c ****   offset++;
  62:Src/irremote/ir_Mitsubishi.c **** 
  63:Src/irremote/ir_Mitsubishi.c ****   while (offset + 1 < irparams.rawlen) {
  64:Src/irremote/ir_Mitsubishi.c ****     if      (MATCH_MARK(results->rawbuf[offset], MITSUBISHI_ONE_MARK))   data = (data << 1) | 1 ;
  65:Src/irremote/ir_Mitsubishi.c ****     else if (MATCH_MARK(results->rawbuf[offset], MITSUBISHI_ZERO_MARK))  data <<= 1 ;
  68              		.loc 1 65 0
  69 0028 3369     		ldr	r3, [r6, #16]
  70 002a 53F82400 		ldr	r0, [r3, r4, lsl #2]
  71 002e 40F2EE21 		movw	r1, #750
  72 0032 FFF7FEFF 		bl	MATCH_MARK
  73              	.LVL8:
  74 0036 70B3     		cbz	r0, .L11
  75              		.loc 1 65 0 is_stmt 0 discriminator 1
  76 0038 6D00     		lsls	r5, r5, #1
  77              	.LVL9:
  78              	.L5:
  66:Src/irremote/ir_Mitsubishi.c ****     else                                                                 return FALSE ;
  67:Src/irremote/ir_Mitsubishi.c ****     offset++;
  68:Src/irremote/ir_Mitsubishi.c **** 
  69:Src/irremote/ir_Mitsubishi.c ****     if (!MATCH_SPACE(results->rawbuf[offset], MITSUBISHI_HDR_SPACE))  break ;
  79              		.loc 1 69 0 is_stmt 1
  80 003a 3369     		ldr	r3, [r6, #16]
  81 003c 53F82700 		ldr	r0, [r3, r7, lsl #2]
  82 0040 4FF4AF71 		mov	r1, #350
  83 0044 FFF7FEFF 		bl	MATCH_SPACE
  84              	.LVL10:
  85 0048 98B1     		cbz	r0, .L12
  70:Src/irremote/ir_Mitsubishi.c ****     offset++;
  86              		.loc 1 70 0
  87 004a 0234     		adds	r4, r4, #2
  88              	.LVL11:
  89              	.L3:
  63:Src/irremote/ir_Mitsubishi.c ****     if      (MATCH_MARK(results->rawbuf[offset], MITSUBISHI_ONE_MARK))   data = (data << 1) | 1 ;
  90              		.loc 1 63 0
  91 004c 671C     		adds	r7, r4, #1
  92 004e 134B     		ldr	r3, .L16
  93 0050 DB7C     		ldrb	r3, [r3, #19]	@ zero_extendqisi2
  94 0052 DBB2     		uxtb	r3, r3
  95 0054 9F42     		cmp	r7, r3
  96 0056 0DDA     		bge	.L6
  64:Src/irremote/ir_Mitsubishi.c ****     else if (MATCH_MARK(results->rawbuf[offset], MITSUBISHI_ZERO_MARK))  data <<= 1 ;
  97              		.loc 1 64 0
  98 0058 3369     		ldr	r3, [r6, #16]
  99 005a 53F82400 		ldr	r0, [r3, r4, lsl #2]
 100 005e 40F29E71 		movw	r1, #1950
ARM GAS  /tmp/ccGCFggl.s 			page 4


 101 0062 FFF7FEFF 		bl	MATCH_MARK
 102              	.LVL12:
 103 0066 0028     		cmp	r0, #0
 104 0068 DED0     		beq	.L4
  64:Src/irremote/ir_Mitsubishi.c ****     else if (MATCH_MARK(results->rawbuf[offset], MITSUBISHI_ZERO_MARK))  data <<= 1 ;
 105              		.loc 1 64 0 is_stmt 0 discriminator 1
 106 006a 6D00     		lsls	r5, r5, #1
 107              	.LVL13:
 108 006c 45F00105 		orr	r5, r5, #1
 109              	.LVL14:
 110 0070 E3E7     		b	.L5
 111              	.LVL15:
 112              	.L12:
  67:Src/irremote/ir_Mitsubishi.c **** 
 113              		.loc 1 67 0 is_stmt 1
 114 0072 3C46     		mov	r4, r7
 115              	.LVL16:
 116              	.L6:
  71:Src/irremote/ir_Mitsubishi.c ****   }
  72:Src/irremote/ir_Mitsubishi.c **** 
  73:Src/irremote/ir_Mitsubishi.c ****   // Success
  74:Src/irremote/ir_Mitsubishi.c ****   results->bits = (offset - 1) / 2;
 117              		.loc 1 74 0
 118 0074 013C     		subs	r4, r4, #1
 119              	.LVL17:
 120 0076 04EBD474 		add	r4, r4, r4, lsr #31
 121              	.LVL18:
 122 007a 6410     		asrs	r4, r4, #1
 123 007c F460     		str	r4, [r6, #12]
  75:Src/irremote/ir_Mitsubishi.c ****   if (results->bits < MITSUBISHI_BITS) {
 124              		.loc 1 75 0
 125 007e 0F2C     		cmp	r4, #15
 126 0080 04DD     		ble	.L15
  76:Src/irremote/ir_Mitsubishi.c ****     results->bits = 0;
  77:Src/irremote/ir_Mitsubishi.c ****     return FALSE;
  78:Src/irremote/ir_Mitsubishi.c ****   }
  79:Src/irremote/ir_Mitsubishi.c **** 
  80:Src/irremote/ir_Mitsubishi.c ****   results->value       = data;
 127              		.loc 1 80 0
 128 0082 B560     		str	r5, [r6, #8]
  81:Src/irremote/ir_Mitsubishi.c ****   results->decode_type = MITSUBISHI;
 129              		.loc 1 81 0
 130 0084 0C23     		movs	r3, #12
 131 0086 3370     		strb	r3, [r6]
  82:Src/irremote/ir_Mitsubishi.c ****   return TRUE;
 132              		.loc 1 82 0
 133 0088 0120     		movs	r0, #1
 134 008a F8BD     		pop	{r3, r4, r5, r6, r7, pc}
 135              	.LVL19:
 136              	.L15:
  76:Src/irremote/ir_Mitsubishi.c ****     results->bits = 0;
 137              		.loc 1 76 0
 138 008c 0020     		movs	r0, #0
 139 008e F060     		str	r0, [r6, #12]
  77:Src/irremote/ir_Mitsubishi.c ****   }
 140              		.loc 1 77 0
 141 0090 F8BD     		pop	{r3, r4, r5, r6, r7, pc}
ARM GAS  /tmp/ccGCFggl.s 			page 5


 142              	.LVL20:
 143              	.L10:
  60:Src/irremote/ir_Mitsubishi.c ****   offset++;
 144              		.loc 1 60 0
 145 0092 0020     		movs	r0, #0
 146 0094 F8BD     		pop	{r3, r4, r5, r6, r7, pc}
 147              	.LVL21:
 148              	.L11:
  66:Src/irremote/ir_Mitsubishi.c ****     offset++;
 149              		.loc 1 66 0
 150 0096 0020     		movs	r0, #0
  83:Src/irremote/ir_Mitsubishi.c **** }
 151              		.loc 1 83 0
 152 0098 F8BD     		pop	{r3, r4, r5, r6, r7, pc}
 153              	.LVL22:
 154              	.L17:
 155 009a 00BF     		.align	2
 156              	.L16:
 157 009c 00000000 		.word	irparams
 158              		.cfi_endproc
 159              	.LFE64:
 161              		.text
 162              	.Letext0:
 163              		.file 2 "/home/mpitiot/opt/gcc-arm-none-eabi-6-2017-q1-update/arm-none-eabi/include/machine/_defau
 164              		.file 3 "/home/mpitiot/opt/gcc-arm-none-eabi-6-2017-q1-update/arm-none-eabi/include/sys/_stdint.h"
 165              		.file 4 "Drivers/CMSIS/Include/core_cm3.h"
 166              		.file 5 "Drivers/CMSIS/Device/ST/STM32F1xx/Include/system_stm32f1xx.h"
 167              		.file 6 "Drivers/CMSIS/Device/ST/STM32F1xx/Include/stm32f103xb.h"
 168              		.file 7 "/home/mpitiot/opt/gcc-arm-none-eabi-6-2017-q1-update/arm-none-eabi/include/sys/lock.h"
 169              		.file 8 "/home/mpitiot/opt/gcc-arm-none-eabi-6-2017-q1-update/arm-none-eabi/include/sys/_types.h"
 170              		.file 9 "/home/mpitiot/opt/gcc-arm-none-eabi-6-2017-q1-update/lib/gcc/arm-none-eabi/6.3.1/include/
 171              		.file 10 "/home/mpitiot/opt/gcc-arm-none-eabi-6-2017-q1-update/arm-none-eabi/include/sys/reent.h"
 172              		.file 11 "Inc/irremote/IRremoteInt.h"
 173              		.file 12 "Inc/irremote/IRremote.h"
ARM GAS  /tmp/ccGCFggl.s 			page 6


DEFINED SYMBOLS
                            *ABS*:0000000000000000 ir_Mitsubishi.c
     /tmp/ccGCFggl.s:16     .text.decodeMitsubishi:0000000000000000 $t
     /tmp/ccGCFggl.s:23     .text.decodeMitsubishi:0000000000000000 decodeMitsubishi
     /tmp/ccGCFggl.s:157    .text.decodeMitsubishi:000000000000009c $d
                     .debug_frame:0000000000000010 $d

UNDEFINED SYMBOLS
MATCH_MARK
MATCH_SPACE
irparams
