ARM GAS  /tmp/cclLNo8b.s 			page 1


   1              		.cpu cortex-m3
   2              		.eabi_attribute 20, 1
   3              		.eabi_attribute 21, 1
   4              		.eabi_attribute 23, 3
   5              		.eabi_attribute 24, 1
   6              		.eabi_attribute 25, 1
   7              		.eabi_attribute 26, 1
   8              		.eabi_attribute 30, 1
   9              		.eabi_attribute 34, 1
  10              		.eabi_attribute 18, 4
  11              		.file	"stm32f1xx_hal_pcd_ex.c"
  12              		.text
  13              	.Ltext0:
  14              		.cfi_sections	.debug_frame
  15              		.section	.text.HAL_PCDEx_PMAConfig,"ax",%progbits
  16              		.align	1
  17              		.global	HAL_PCDEx_PMAConfig
  18              		.syntax unified
  19              		.thumb
  20              		.thumb_func
  21              		.fpu softvfp
  23              	HAL_PCDEx_PMAConfig:
  24              	.LFB64:
  25              		.file 1 "Drivers/STM32F1xx_HAL_Driver/Src/stm32f1xx_hal_pcd_ex.c"
   1:Drivers/STM32F1xx_HAL_Driver/Src/stm32f1xx_hal_pcd_ex.c **** /**
   2:Drivers/STM32F1xx_HAL_Driver/Src/stm32f1xx_hal_pcd_ex.c ****   ******************************************************************************
   3:Drivers/STM32F1xx_HAL_Driver/Src/stm32f1xx_hal_pcd_ex.c ****   * @file    stm32f1xx_hal_pcd_ex.c
   4:Drivers/STM32F1xx_HAL_Driver/Src/stm32f1xx_hal_pcd_ex.c ****   * @author  MCD Application Team
   5:Drivers/STM32F1xx_HAL_Driver/Src/stm32f1xx_hal_pcd_ex.c ****   * @version V1.1.1
   6:Drivers/STM32F1xx_HAL_Driver/Src/stm32f1xx_hal_pcd_ex.c ****   * @date    12-May-2017
   7:Drivers/STM32F1xx_HAL_Driver/Src/stm32f1xx_hal_pcd_ex.c ****   * @brief   Extended PCD HAL module driver.
   8:Drivers/STM32F1xx_HAL_Driver/Src/stm32f1xx_hal_pcd_ex.c ****   *          This file provides firmware functions to manage the following 
   9:Drivers/STM32F1xx_HAL_Driver/Src/stm32f1xx_hal_pcd_ex.c ****   *          functionalities of the USB Peripheral Controller:
  10:Drivers/STM32F1xx_HAL_Driver/Src/stm32f1xx_hal_pcd_ex.c ****   *           + Extended features functions: Update FIFO configuration, 
  11:Drivers/STM32F1xx_HAL_Driver/Src/stm32f1xx_hal_pcd_ex.c ****   *           PMA configuration for EPs  
  12:Drivers/STM32F1xx_HAL_Driver/Src/stm32f1xx_hal_pcd_ex.c ****   *
  13:Drivers/STM32F1xx_HAL_Driver/Src/stm32f1xx_hal_pcd_ex.c ****   ******************************************************************************
  14:Drivers/STM32F1xx_HAL_Driver/Src/stm32f1xx_hal_pcd_ex.c ****   * @attention
  15:Drivers/STM32F1xx_HAL_Driver/Src/stm32f1xx_hal_pcd_ex.c ****   *
  16:Drivers/STM32F1xx_HAL_Driver/Src/stm32f1xx_hal_pcd_ex.c ****   * <h2><center>&copy; COPYRIGHT(c) 2016 STMicroelectronics</center></h2>
  17:Drivers/STM32F1xx_HAL_Driver/Src/stm32f1xx_hal_pcd_ex.c ****   *
  18:Drivers/STM32F1xx_HAL_Driver/Src/stm32f1xx_hal_pcd_ex.c ****   * Redistribution and use in source and binary forms, with or without modification,
  19:Drivers/STM32F1xx_HAL_Driver/Src/stm32f1xx_hal_pcd_ex.c ****   * are permitted provided that the following conditions are met:
  20:Drivers/STM32F1xx_HAL_Driver/Src/stm32f1xx_hal_pcd_ex.c ****   *   1. Redistributions of source code must retain the above copyright notice,
  21:Drivers/STM32F1xx_HAL_Driver/Src/stm32f1xx_hal_pcd_ex.c ****   *      this list of conditions and the following disclaimer.
  22:Drivers/STM32F1xx_HAL_Driver/Src/stm32f1xx_hal_pcd_ex.c ****   *   2. Redistributions in binary form must reproduce the above copyright notice,
  23:Drivers/STM32F1xx_HAL_Driver/Src/stm32f1xx_hal_pcd_ex.c ****   *      this list of conditions and the following disclaimer in the documentation
  24:Drivers/STM32F1xx_HAL_Driver/Src/stm32f1xx_hal_pcd_ex.c ****   *      and/or other materials provided with the distribution.
  25:Drivers/STM32F1xx_HAL_Driver/Src/stm32f1xx_hal_pcd_ex.c ****   *   3. Neither the name of STMicroelectronics nor the names of its contributors
  26:Drivers/STM32F1xx_HAL_Driver/Src/stm32f1xx_hal_pcd_ex.c ****   *      may be used to endorse or promote products derived from this software
  27:Drivers/STM32F1xx_HAL_Driver/Src/stm32f1xx_hal_pcd_ex.c ****   *      without specific prior written permission.
  28:Drivers/STM32F1xx_HAL_Driver/Src/stm32f1xx_hal_pcd_ex.c ****   *
  29:Drivers/STM32F1xx_HAL_Driver/Src/stm32f1xx_hal_pcd_ex.c ****   * THIS SOFTWARE IS PROVIDED BY THE COPYRIGHT HOLDERS AND CONTRIBUTORS "AS IS"
  30:Drivers/STM32F1xx_HAL_Driver/Src/stm32f1xx_hal_pcd_ex.c ****   * AND ANY EXPRESS OR IMPLIED WARRANTIES, INCLUDING, BUT NOT LIMITED TO, THE
  31:Drivers/STM32F1xx_HAL_Driver/Src/stm32f1xx_hal_pcd_ex.c ****   * IMPLIED WARRANTIES OF MERCHANTABILITY AND FITNESS FOR A PARTICULAR PURPOSE ARE
  32:Drivers/STM32F1xx_HAL_Driver/Src/stm32f1xx_hal_pcd_ex.c ****   * DISCLAIMED. IN NO EVENT SHALL THE COPYRIGHT HOLDER OR CONTRIBUTORS BE LIABLE
  33:Drivers/STM32F1xx_HAL_Driver/Src/stm32f1xx_hal_pcd_ex.c ****   * FOR ANY DIRECT, INDIRECT, INCIDENTAL, SPECIAL, EXEMPLARY, OR CONSEQUENTIAL
ARM GAS  /tmp/cclLNo8b.s 			page 2


  34:Drivers/STM32F1xx_HAL_Driver/Src/stm32f1xx_hal_pcd_ex.c ****   * DAMAGES (INCLUDING, BUT NOT LIMITED TO, PROCUREMENT OF SUBSTITUTE GOODS OR
  35:Drivers/STM32F1xx_HAL_Driver/Src/stm32f1xx_hal_pcd_ex.c ****   * SERVICES; LOSS OF USE, DATA, OR PROFITS; OR BUSINESS INTERRUPTION) HOWEVER
  36:Drivers/STM32F1xx_HAL_Driver/Src/stm32f1xx_hal_pcd_ex.c ****   * CAUSED AND ON ANY THEORY OF LIABILITY, WHETHER IN CONTRACT, STRICT LIABILITY,
  37:Drivers/STM32F1xx_HAL_Driver/Src/stm32f1xx_hal_pcd_ex.c ****   * OR TORT (INCLUDING NEGLIGENCE OR OTHERWISE) ARISING IN ANY WAY OUT OF THE USE
  38:Drivers/STM32F1xx_HAL_Driver/Src/stm32f1xx_hal_pcd_ex.c ****   * OF THIS SOFTWARE, EVEN IF ADVISED OF THE POSSIBILITY OF SUCH DAMAGE.
  39:Drivers/STM32F1xx_HAL_Driver/Src/stm32f1xx_hal_pcd_ex.c ****   *
  40:Drivers/STM32F1xx_HAL_Driver/Src/stm32f1xx_hal_pcd_ex.c ****   ******************************************************************************
  41:Drivers/STM32F1xx_HAL_Driver/Src/stm32f1xx_hal_pcd_ex.c ****   */
  42:Drivers/STM32F1xx_HAL_Driver/Src/stm32f1xx_hal_pcd_ex.c **** 
  43:Drivers/STM32F1xx_HAL_Driver/Src/stm32f1xx_hal_pcd_ex.c **** /* Includes ------------------------------------------------------------------*/
  44:Drivers/STM32F1xx_HAL_Driver/Src/stm32f1xx_hal_pcd_ex.c **** #include "stm32f1xx_hal.h"
  45:Drivers/STM32F1xx_HAL_Driver/Src/stm32f1xx_hal_pcd_ex.c **** 
  46:Drivers/STM32F1xx_HAL_Driver/Src/stm32f1xx_hal_pcd_ex.c **** /** @addtogroup STM32F1xx_HAL_Driver
  47:Drivers/STM32F1xx_HAL_Driver/Src/stm32f1xx_hal_pcd_ex.c ****   * @{
  48:Drivers/STM32F1xx_HAL_Driver/Src/stm32f1xx_hal_pcd_ex.c ****   */
  49:Drivers/STM32F1xx_HAL_Driver/Src/stm32f1xx_hal_pcd_ex.c **** 
  50:Drivers/STM32F1xx_HAL_Driver/Src/stm32f1xx_hal_pcd_ex.c **** #ifdef HAL_PCD_MODULE_ENABLED
  51:Drivers/STM32F1xx_HAL_Driver/Src/stm32f1xx_hal_pcd_ex.c **** 
  52:Drivers/STM32F1xx_HAL_Driver/Src/stm32f1xx_hal_pcd_ex.c **** #if defined(STM32F102x6) || defined(STM32F102xB) || \
  53:Drivers/STM32F1xx_HAL_Driver/Src/stm32f1xx_hal_pcd_ex.c ****     defined(STM32F103x6) || defined(STM32F103xB) || \
  54:Drivers/STM32F1xx_HAL_Driver/Src/stm32f1xx_hal_pcd_ex.c ****     defined(STM32F103xE) || defined(STM32F103xG) || \
  55:Drivers/STM32F1xx_HAL_Driver/Src/stm32f1xx_hal_pcd_ex.c ****     defined(STM32F105xC) || defined(STM32F107xC)
  56:Drivers/STM32F1xx_HAL_Driver/Src/stm32f1xx_hal_pcd_ex.c **** 
  57:Drivers/STM32F1xx_HAL_Driver/Src/stm32f1xx_hal_pcd_ex.c **** 
  58:Drivers/STM32F1xx_HAL_Driver/Src/stm32f1xx_hal_pcd_ex.c **** /** @defgroup PCDEx PCDEx
  59:Drivers/STM32F1xx_HAL_Driver/Src/stm32f1xx_hal_pcd_ex.c ****   * @brief PCD Extended HAL module driver
  60:Drivers/STM32F1xx_HAL_Driver/Src/stm32f1xx_hal_pcd_ex.c ****   * @{
  61:Drivers/STM32F1xx_HAL_Driver/Src/stm32f1xx_hal_pcd_ex.c ****   */
  62:Drivers/STM32F1xx_HAL_Driver/Src/stm32f1xx_hal_pcd_ex.c **** 
  63:Drivers/STM32F1xx_HAL_Driver/Src/stm32f1xx_hal_pcd_ex.c **** 
  64:Drivers/STM32F1xx_HAL_Driver/Src/stm32f1xx_hal_pcd_ex.c **** /* Private types -------------------------------------------------------------*/
  65:Drivers/STM32F1xx_HAL_Driver/Src/stm32f1xx_hal_pcd_ex.c **** /* Private variables ---------------------------------------------------------*/
  66:Drivers/STM32F1xx_HAL_Driver/Src/stm32f1xx_hal_pcd_ex.c **** /* Private constants ---------------------------------------------------------*/
  67:Drivers/STM32F1xx_HAL_Driver/Src/stm32f1xx_hal_pcd_ex.c **** /* Private macros ------------------------------------------------------------*/
  68:Drivers/STM32F1xx_HAL_Driver/Src/stm32f1xx_hal_pcd_ex.c **** /* Private functions ---------------------------------------------------------*/
  69:Drivers/STM32F1xx_HAL_Driver/Src/stm32f1xx_hal_pcd_ex.c **** /* Exported functions --------------------------------------------------------*/
  70:Drivers/STM32F1xx_HAL_Driver/Src/stm32f1xx_hal_pcd_ex.c **** /** @defgroup PCDEx_Exported_Functions PCDEx Exported Functions
  71:Drivers/STM32F1xx_HAL_Driver/Src/stm32f1xx_hal_pcd_ex.c ****   * @{
  72:Drivers/STM32F1xx_HAL_Driver/Src/stm32f1xx_hal_pcd_ex.c ****   */
  73:Drivers/STM32F1xx_HAL_Driver/Src/stm32f1xx_hal_pcd_ex.c **** 
  74:Drivers/STM32F1xx_HAL_Driver/Src/stm32f1xx_hal_pcd_ex.c **** /** @defgroup PCDEx_Exported_Functions_Group1 Peripheral Control functions
  75:Drivers/STM32F1xx_HAL_Driver/Src/stm32f1xx_hal_pcd_ex.c ****   * @brief    PCDEx control functions 
  76:Drivers/STM32F1xx_HAL_Driver/Src/stm32f1xx_hal_pcd_ex.c ****   *
  77:Drivers/STM32F1xx_HAL_Driver/Src/stm32f1xx_hal_pcd_ex.c **** @verbatim
  78:Drivers/STM32F1xx_HAL_Driver/Src/stm32f1xx_hal_pcd_ex.c ****  ===============================================================================
  79:Drivers/STM32F1xx_HAL_Driver/Src/stm32f1xx_hal_pcd_ex.c ****               ##### Extended Peripheral Control functions #####
  80:Drivers/STM32F1xx_HAL_Driver/Src/stm32f1xx_hal_pcd_ex.c ****  ===============================================================================
  81:Drivers/STM32F1xx_HAL_Driver/Src/stm32f1xx_hal_pcd_ex.c ****     [..]  This section provides functions allowing to:
  82:Drivers/STM32F1xx_HAL_Driver/Src/stm32f1xx_hal_pcd_ex.c ****       (+) Update FIFO (USB_OTG_FS)
  83:Drivers/STM32F1xx_HAL_Driver/Src/stm32f1xx_hal_pcd_ex.c ****       (+) Update PMA configuration (USB)
  84:Drivers/STM32F1xx_HAL_Driver/Src/stm32f1xx_hal_pcd_ex.c **** 
  85:Drivers/STM32F1xx_HAL_Driver/Src/stm32f1xx_hal_pcd_ex.c **** @endverbatim
  86:Drivers/STM32F1xx_HAL_Driver/Src/stm32f1xx_hal_pcd_ex.c ****   * @{
  87:Drivers/STM32F1xx_HAL_Driver/Src/stm32f1xx_hal_pcd_ex.c ****   */
  88:Drivers/STM32F1xx_HAL_Driver/Src/stm32f1xx_hal_pcd_ex.c **** 
  89:Drivers/STM32F1xx_HAL_Driver/Src/stm32f1xx_hal_pcd_ex.c **** #if defined (USB_OTG_FS)
  90:Drivers/STM32F1xx_HAL_Driver/Src/stm32f1xx_hal_pcd_ex.c **** /**
ARM GAS  /tmp/cclLNo8b.s 			page 3


  91:Drivers/STM32F1xx_HAL_Driver/Src/stm32f1xx_hal_pcd_ex.c ****   * @brief  Set Tx FIFO
  92:Drivers/STM32F1xx_HAL_Driver/Src/stm32f1xx_hal_pcd_ex.c ****   * @param  hpcd: PCD handle
  93:Drivers/STM32F1xx_HAL_Driver/Src/stm32f1xx_hal_pcd_ex.c ****   * @param  fifo: The number of Tx fifo
  94:Drivers/STM32F1xx_HAL_Driver/Src/stm32f1xx_hal_pcd_ex.c ****   * @param  size: Fifo size
  95:Drivers/STM32F1xx_HAL_Driver/Src/stm32f1xx_hal_pcd_ex.c ****   * @retval HAL status
  96:Drivers/STM32F1xx_HAL_Driver/Src/stm32f1xx_hal_pcd_ex.c ****   */
  97:Drivers/STM32F1xx_HAL_Driver/Src/stm32f1xx_hal_pcd_ex.c **** HAL_StatusTypeDef HAL_PCDEx_SetTxFiFo(PCD_HandleTypeDef *hpcd, uint8_t fifo, uint16_t size)
  98:Drivers/STM32F1xx_HAL_Driver/Src/stm32f1xx_hal_pcd_ex.c **** {
  99:Drivers/STM32F1xx_HAL_Driver/Src/stm32f1xx_hal_pcd_ex.c ****   uint8_t index = 0;
 100:Drivers/STM32F1xx_HAL_Driver/Src/stm32f1xx_hal_pcd_ex.c ****   uint32_t Tx_Offset = 0U;
 101:Drivers/STM32F1xx_HAL_Driver/Src/stm32f1xx_hal_pcd_ex.c ****   
 102:Drivers/STM32F1xx_HAL_Driver/Src/stm32f1xx_hal_pcd_ex.c ****   /*  TXn min size = 16 words. (n  : Transmit FIFO index)
 103:Drivers/STM32F1xx_HAL_Driver/Src/stm32f1xx_hal_pcd_ex.c ****       When a TxFIFO is not used, the Configuration should be as follows: 
 104:Drivers/STM32F1xx_HAL_Driver/Src/stm32f1xx_hal_pcd_ex.c ****           case 1 :  n > m    and Txn is not used    (n,m  : Transmit FIFO indexes)
 105:Drivers/STM32F1xx_HAL_Driver/Src/stm32f1xx_hal_pcd_ex.c ****          --> Txm can use the space allocated for Txn.
 106:Drivers/STM32F1xx_HAL_Driver/Src/stm32f1xx_hal_pcd_ex.c ****          case2  :  n < m    and Txn is not used    (n,m  : Transmit FIFO indexes)
 107:Drivers/STM32F1xx_HAL_Driver/Src/stm32f1xx_hal_pcd_ex.c ****          --> Txn should be configured with the minimum space of 16 words
 108:Drivers/STM32F1xx_HAL_Driver/Src/stm32f1xx_hal_pcd_ex.c ****      The FIFO is used optimally when used TxFIFOs are allocated in the top 
 109:Drivers/STM32F1xx_HAL_Driver/Src/stm32f1xx_hal_pcd_ex.c ****          of the FIFO.Ex: use EP1 and EP2 as IN instead of EP1 and EP3 as IN ones.
 110:Drivers/STM32F1xx_HAL_Driver/Src/stm32f1xx_hal_pcd_ex.c ****      When DMA is used 3n * FIFO locations should be reserved for internal DMA registers */
 111:Drivers/STM32F1xx_HAL_Driver/Src/stm32f1xx_hal_pcd_ex.c ****   
 112:Drivers/STM32F1xx_HAL_Driver/Src/stm32f1xx_hal_pcd_ex.c ****   Tx_Offset = hpcd->Instance->GRXFSIZ;
 113:Drivers/STM32F1xx_HAL_Driver/Src/stm32f1xx_hal_pcd_ex.c ****   
 114:Drivers/STM32F1xx_HAL_Driver/Src/stm32f1xx_hal_pcd_ex.c ****   if(fifo == 0U)
 115:Drivers/STM32F1xx_HAL_Driver/Src/stm32f1xx_hal_pcd_ex.c ****   {
 116:Drivers/STM32F1xx_HAL_Driver/Src/stm32f1xx_hal_pcd_ex.c ****     hpcd->Instance->DIEPTXF0_HNPTXFSIZ = (size << 16U) | Tx_Offset;
 117:Drivers/STM32F1xx_HAL_Driver/Src/stm32f1xx_hal_pcd_ex.c ****   }
 118:Drivers/STM32F1xx_HAL_Driver/Src/stm32f1xx_hal_pcd_ex.c ****   else
 119:Drivers/STM32F1xx_HAL_Driver/Src/stm32f1xx_hal_pcd_ex.c ****   {
 120:Drivers/STM32F1xx_HAL_Driver/Src/stm32f1xx_hal_pcd_ex.c ****     Tx_Offset += (hpcd->Instance->DIEPTXF0_HNPTXFSIZ) >> 16U;
 121:Drivers/STM32F1xx_HAL_Driver/Src/stm32f1xx_hal_pcd_ex.c ****     for(index = 0; index < (fifo - 1); index++)
 122:Drivers/STM32F1xx_HAL_Driver/Src/stm32f1xx_hal_pcd_ex.c ****     {
 123:Drivers/STM32F1xx_HAL_Driver/Src/stm32f1xx_hal_pcd_ex.c ****       Tx_Offset += (hpcd->Instance->DIEPTXF[index] >> 16U);
 124:Drivers/STM32F1xx_HAL_Driver/Src/stm32f1xx_hal_pcd_ex.c ****     }
 125:Drivers/STM32F1xx_HAL_Driver/Src/stm32f1xx_hal_pcd_ex.c ****     
 126:Drivers/STM32F1xx_HAL_Driver/Src/stm32f1xx_hal_pcd_ex.c ****     /* Multiply Tx_Size by 2 to get higher performance */
 127:Drivers/STM32F1xx_HAL_Driver/Src/stm32f1xx_hal_pcd_ex.c ****     hpcd->Instance->DIEPTXF[fifo - 1U] = (size << 16U) | Tx_Offset;
 128:Drivers/STM32F1xx_HAL_Driver/Src/stm32f1xx_hal_pcd_ex.c ****     
 129:Drivers/STM32F1xx_HAL_Driver/Src/stm32f1xx_hal_pcd_ex.c ****   }
 130:Drivers/STM32F1xx_HAL_Driver/Src/stm32f1xx_hal_pcd_ex.c ****   
 131:Drivers/STM32F1xx_HAL_Driver/Src/stm32f1xx_hal_pcd_ex.c ****   return HAL_OK;
 132:Drivers/STM32F1xx_HAL_Driver/Src/stm32f1xx_hal_pcd_ex.c **** }
 133:Drivers/STM32F1xx_HAL_Driver/Src/stm32f1xx_hal_pcd_ex.c **** 
 134:Drivers/STM32F1xx_HAL_Driver/Src/stm32f1xx_hal_pcd_ex.c **** /**
 135:Drivers/STM32F1xx_HAL_Driver/Src/stm32f1xx_hal_pcd_ex.c ****   * @brief  Set Rx FIFO
 136:Drivers/STM32F1xx_HAL_Driver/Src/stm32f1xx_hal_pcd_ex.c ****   * @param  hpcd: PCD handle
 137:Drivers/STM32F1xx_HAL_Driver/Src/stm32f1xx_hal_pcd_ex.c ****   * @param  size: Size of Rx fifo
 138:Drivers/STM32F1xx_HAL_Driver/Src/stm32f1xx_hal_pcd_ex.c ****   * @retval HAL status
 139:Drivers/STM32F1xx_HAL_Driver/Src/stm32f1xx_hal_pcd_ex.c ****   */
 140:Drivers/STM32F1xx_HAL_Driver/Src/stm32f1xx_hal_pcd_ex.c **** HAL_StatusTypeDef HAL_PCDEx_SetRxFiFo(PCD_HandleTypeDef *hpcd, uint16_t size)
 141:Drivers/STM32F1xx_HAL_Driver/Src/stm32f1xx_hal_pcd_ex.c **** {
 142:Drivers/STM32F1xx_HAL_Driver/Src/stm32f1xx_hal_pcd_ex.c ****   hpcd->Instance->GRXFSIZ = size;
 143:Drivers/STM32F1xx_HAL_Driver/Src/stm32f1xx_hal_pcd_ex.c ****   return HAL_OK;
 144:Drivers/STM32F1xx_HAL_Driver/Src/stm32f1xx_hal_pcd_ex.c **** }
 145:Drivers/STM32F1xx_HAL_Driver/Src/stm32f1xx_hal_pcd_ex.c **** #endif /* USB_OTG_FS */
 146:Drivers/STM32F1xx_HAL_Driver/Src/stm32f1xx_hal_pcd_ex.c **** 
 147:Drivers/STM32F1xx_HAL_Driver/Src/stm32f1xx_hal_pcd_ex.c **** #if defined (USB)
ARM GAS  /tmp/cclLNo8b.s 			page 4


 148:Drivers/STM32F1xx_HAL_Driver/Src/stm32f1xx_hal_pcd_ex.c **** /**
 149:Drivers/STM32F1xx_HAL_Driver/Src/stm32f1xx_hal_pcd_ex.c ****   * @brief  Configure PMA for EP
 150:Drivers/STM32F1xx_HAL_Driver/Src/stm32f1xx_hal_pcd_ex.c ****   * @param  hpcd : Device instance
 151:Drivers/STM32F1xx_HAL_Driver/Src/stm32f1xx_hal_pcd_ex.c ****   * @param  ep_addr: endpoint address
 152:Drivers/STM32F1xx_HAL_Driver/Src/stm32f1xx_hal_pcd_ex.c ****   * @param  ep_kind: endpoint Kind
 153:Drivers/STM32F1xx_HAL_Driver/Src/stm32f1xx_hal_pcd_ex.c ****   *                  USB_SNG_BUF: Single Buffer used
 154:Drivers/STM32F1xx_HAL_Driver/Src/stm32f1xx_hal_pcd_ex.c ****   *                  USB_DBL_BUF: Double Buffer used
 155:Drivers/STM32F1xx_HAL_Driver/Src/stm32f1xx_hal_pcd_ex.c ****   * @param  pmaadress: EP address in The PMA: In case of single buffer endpoint
 156:Drivers/STM32F1xx_HAL_Driver/Src/stm32f1xx_hal_pcd_ex.c ****   *                   this parameter is 16-bit value providing the address
 157:Drivers/STM32F1xx_HAL_Driver/Src/stm32f1xx_hal_pcd_ex.c ****   *                   in PMA allocated to endpoint.
 158:Drivers/STM32F1xx_HAL_Driver/Src/stm32f1xx_hal_pcd_ex.c ****   *                   In case of double buffer endpoint this parameter
 159:Drivers/STM32F1xx_HAL_Driver/Src/stm32f1xx_hal_pcd_ex.c ****   *                   is a 32-bit value providing the endpoint buffer 0 address
 160:Drivers/STM32F1xx_HAL_Driver/Src/stm32f1xx_hal_pcd_ex.c ****   *                   in the LSB part of 32-bit value and endpoint buffer 1 address
 161:Drivers/STM32F1xx_HAL_Driver/Src/stm32f1xx_hal_pcd_ex.c ****   *                   in the MSB part of 32-bit value.
 162:Drivers/STM32F1xx_HAL_Driver/Src/stm32f1xx_hal_pcd_ex.c ****   * @retval HAL status
 163:Drivers/STM32F1xx_HAL_Driver/Src/stm32f1xx_hal_pcd_ex.c ****   */
 164:Drivers/STM32F1xx_HAL_Driver/Src/stm32f1xx_hal_pcd_ex.c **** 
 165:Drivers/STM32F1xx_HAL_Driver/Src/stm32f1xx_hal_pcd_ex.c **** HAL_StatusTypeDef  HAL_PCDEx_PMAConfig(PCD_HandleTypeDef *hpcd, 
 166:Drivers/STM32F1xx_HAL_Driver/Src/stm32f1xx_hal_pcd_ex.c ****                                        uint16_t ep_addr,
 167:Drivers/STM32F1xx_HAL_Driver/Src/stm32f1xx_hal_pcd_ex.c ****                                        uint16_t ep_kind,
 168:Drivers/STM32F1xx_HAL_Driver/Src/stm32f1xx_hal_pcd_ex.c ****                                        uint32_t pmaadress)
 169:Drivers/STM32F1xx_HAL_Driver/Src/stm32f1xx_hal_pcd_ex.c **** 
 170:Drivers/STM32F1xx_HAL_Driver/Src/stm32f1xx_hal_pcd_ex.c **** {
  26              		.loc 1 170 0
  27              		.cfi_startproc
  28              		@ args = 0, pretend = 0, frame = 0
  29              		@ frame_needed = 0, uses_anonymous_args = 0
  30              		@ link register save eliminated.
  31              	.LVL0:
 171:Drivers/STM32F1xx_HAL_Driver/Src/stm32f1xx_hal_pcd_ex.c ****   PCD_EPTypeDef *ep = NULL;
 172:Drivers/STM32F1xx_HAL_Driver/Src/stm32f1xx_hal_pcd_ex.c ****   
 173:Drivers/STM32F1xx_HAL_Driver/Src/stm32f1xx_hal_pcd_ex.c ****   /* initialize ep structure*/
 174:Drivers/STM32F1xx_HAL_Driver/Src/stm32f1xx_hal_pcd_ex.c ****   if ((ep_addr & 0x80U) == 0x80U)
  32              		.loc 1 174 0
  33 0000 11F0800F 		tst	r1, #128
  34 0004 0CD0     		beq	.L2
 175:Drivers/STM32F1xx_HAL_Driver/Src/stm32f1xx_hal_pcd_ex.c ****   {
 176:Drivers/STM32F1xx_HAL_Driver/Src/stm32f1xx_hal_pcd_ex.c ****     ep = &hpcd->IN_ep[ep_addr & 0x7FU];
  35              		.loc 1 176 0
  36 0006 01F07F01 		and	r1, r1, #127
  37              	.LVL1:
  38 000a 4901     		lsls	r1, r1, #5
  39 000c 2831     		adds	r1, r1, #40
  40 000e 0144     		add	r1, r1, r0
  41              	.LVL2:
  42              	.L3:
 177:Drivers/STM32F1xx_HAL_Driver/Src/stm32f1xx_hal_pcd_ex.c ****   }
 178:Drivers/STM32F1xx_HAL_Driver/Src/stm32f1xx_hal_pcd_ex.c ****   else
 179:Drivers/STM32F1xx_HAL_Driver/Src/stm32f1xx_hal_pcd_ex.c ****   {
 180:Drivers/STM32F1xx_HAL_Driver/Src/stm32f1xx_hal_pcd_ex.c ****     ep = &hpcd->OUT_ep[ep_addr];
 181:Drivers/STM32F1xx_HAL_Driver/Src/stm32f1xx_hal_pcd_ex.c ****   }
 182:Drivers/STM32F1xx_HAL_Driver/Src/stm32f1xx_hal_pcd_ex.c ****   
 183:Drivers/STM32F1xx_HAL_Driver/Src/stm32f1xx_hal_pcd_ex.c ****   /* Here we check if the endpoint is single or double Buffer*/
 184:Drivers/STM32F1xx_HAL_Driver/Src/stm32f1xx_hal_pcd_ex.c ****   if (ep_kind == PCD_SNG_BUF)
  43              		.loc 1 184 0
  44 0010 5AB1     		cbz	r2, .L6
 185:Drivers/STM32F1xx_HAL_Driver/Src/stm32f1xx_hal_pcd_ex.c ****   {
ARM GAS  /tmp/cclLNo8b.s 			page 5


 186:Drivers/STM32F1xx_HAL_Driver/Src/stm32f1xx_hal_pcd_ex.c ****     /*Single Buffer*/
 187:Drivers/STM32F1xx_HAL_Driver/Src/stm32f1xx_hal_pcd_ex.c ****     ep->doublebuffer = 0U;
 188:Drivers/STM32F1xx_HAL_Driver/Src/stm32f1xx_hal_pcd_ex.c ****     /*Configure te PMA*/
 189:Drivers/STM32F1xx_HAL_Driver/Src/stm32f1xx_hal_pcd_ex.c ****     ep->pmaadress = (uint16_t)pmaadress;
 190:Drivers/STM32F1xx_HAL_Driver/Src/stm32f1xx_hal_pcd_ex.c ****   }
 191:Drivers/STM32F1xx_HAL_Driver/Src/stm32f1xx_hal_pcd_ex.c ****   else /*USB_DBL_BUF*/
 192:Drivers/STM32F1xx_HAL_Driver/Src/stm32f1xx_hal_pcd_ex.c ****   {
 193:Drivers/STM32F1xx_HAL_Driver/Src/stm32f1xx_hal_pcd_ex.c ****     /*Double Buffer Endpoint*/
 194:Drivers/STM32F1xx_HAL_Driver/Src/stm32f1xx_hal_pcd_ex.c ****     ep->doublebuffer = 1U;
  45              		.loc 1 194 0
  46 0012 0122     		movs	r2, #1
  47              	.LVL3:
  48 0014 8A72     		strb	r2, [r1, #10]
 195:Drivers/STM32F1xx_HAL_Driver/Src/stm32f1xx_hal_pcd_ex.c ****     /*Configure the PMA*/
 196:Drivers/STM32F1xx_HAL_Driver/Src/stm32f1xx_hal_pcd_ex.c ****     ep->pmaaddr0 =  pmaadress & 0x0000FFFFU;
  49              		.loc 1 196 0
  50 0016 CB80     		strh	r3, [r1, #6]	@ movhi
 197:Drivers/STM32F1xx_HAL_Driver/Src/stm32f1xx_hal_pcd_ex.c ****     ep->pmaaddr1 =  (pmaadress & 0xFFFF0000U) >> 16U;
  51              		.loc 1 197 0
  52 0018 1B0C     		lsrs	r3, r3, #16
  53              	.LVL4:
  54 001a 0B81     		strh	r3, [r1, #8]	@ movhi
  55              	.L5:
 198:Drivers/STM32F1xx_HAL_Driver/Src/stm32f1xx_hal_pcd_ex.c ****   }
 199:Drivers/STM32F1xx_HAL_Driver/Src/stm32f1xx_hal_pcd_ex.c ****   
 200:Drivers/STM32F1xx_HAL_Driver/Src/stm32f1xx_hal_pcd_ex.c ****   return HAL_OK; 
 201:Drivers/STM32F1xx_HAL_Driver/Src/stm32f1xx_hal_pcd_ex.c **** }
  56              		.loc 1 201 0
  57 001c 0020     		movs	r0, #0
  58              	.LVL5:
  59 001e 7047     		bx	lr
  60              	.LVL6:
  61              	.L2:
 180:Drivers/STM32F1xx_HAL_Driver/Src/stm32f1xx_hal_pcd_ex.c ****   }
  62              		.loc 1 180 0
  63 0020 4901     		lsls	r1, r1, #5
  64              	.LVL7:
  65 0022 01F50A71 		add	r1, r1, #552
  66 0026 0144     		add	r1, r1, r0
  67              	.LVL8:
  68 0028 F2E7     		b	.L3
  69              	.L6:
 187:Drivers/STM32F1xx_HAL_Driver/Src/stm32f1xx_hal_pcd_ex.c ****     /*Configure te PMA*/
  70              		.loc 1 187 0
  71 002a 8A72     		strb	r2, [r1, #10]
 189:Drivers/STM32F1xx_HAL_Driver/Src/stm32f1xx_hal_pcd_ex.c ****   }
  72              		.loc 1 189 0
  73 002c 8B80     		strh	r3, [r1, #4]	@ movhi
  74 002e F5E7     		b	.L5
  75              		.cfi_endproc
  76              	.LFE64:
  78              		.section	.text.HAL_PCDEx_SetConnectionState,"ax",%progbits
  79              		.align	1
  80              		.weak	HAL_PCDEx_SetConnectionState
  81              		.syntax unified
  82              		.thumb
  83              		.thumb_func
ARM GAS  /tmp/cclLNo8b.s 			page 6


  84              		.fpu softvfp
  86              	HAL_PCDEx_SetConnectionState:
  87              	.LFB65:
 202:Drivers/STM32F1xx_HAL_Driver/Src/stm32f1xx_hal_pcd_ex.c **** #endif /* USB */
 203:Drivers/STM32F1xx_HAL_Driver/Src/stm32f1xx_hal_pcd_ex.c **** /**
 204:Drivers/STM32F1xx_HAL_Driver/Src/stm32f1xx_hal_pcd_ex.c ****   * @}
 205:Drivers/STM32F1xx_HAL_Driver/Src/stm32f1xx_hal_pcd_ex.c ****   */
 206:Drivers/STM32F1xx_HAL_Driver/Src/stm32f1xx_hal_pcd_ex.c **** 
 207:Drivers/STM32F1xx_HAL_Driver/Src/stm32f1xx_hal_pcd_ex.c **** /** @defgroup PCDEx_Exported_Functions_Group2 Peripheral State functions
 208:Drivers/STM32F1xx_HAL_Driver/Src/stm32f1xx_hal_pcd_ex.c ****   * @brief    Manage device connection state  
 209:Drivers/STM32F1xx_HAL_Driver/Src/stm32f1xx_hal_pcd_ex.c ****   * @{
 210:Drivers/STM32F1xx_HAL_Driver/Src/stm32f1xx_hal_pcd_ex.c ****   */
 211:Drivers/STM32F1xx_HAL_Driver/Src/stm32f1xx_hal_pcd_ex.c **** /**
 212:Drivers/STM32F1xx_HAL_Driver/Src/stm32f1xx_hal_pcd_ex.c ****   * @brief  Software Device Connection,  
 213:Drivers/STM32F1xx_HAL_Driver/Src/stm32f1xx_hal_pcd_ex.c ****   *         this function is not required by USB OTG FS peripheral, it is used 
 214:Drivers/STM32F1xx_HAL_Driver/Src/stm32f1xx_hal_pcd_ex.c ****   *         only by USB Device FS peripheral.
 215:Drivers/STM32F1xx_HAL_Driver/Src/stm32f1xx_hal_pcd_ex.c ****   * @param  hpcd: PCD handle
 216:Drivers/STM32F1xx_HAL_Driver/Src/stm32f1xx_hal_pcd_ex.c ****   * @param  state: connection state (0 : disconnected / 1: connected)
 217:Drivers/STM32F1xx_HAL_Driver/Src/stm32f1xx_hal_pcd_ex.c ****   * @retval None
 218:Drivers/STM32F1xx_HAL_Driver/Src/stm32f1xx_hal_pcd_ex.c ****   */
 219:Drivers/STM32F1xx_HAL_Driver/Src/stm32f1xx_hal_pcd_ex.c **** __weak void HAL_PCDEx_SetConnectionState(PCD_HandleTypeDef *hpcd, uint8_t state)
 220:Drivers/STM32F1xx_HAL_Driver/Src/stm32f1xx_hal_pcd_ex.c **** {
  88              		.loc 1 220 0
  89              		.cfi_startproc
  90              		@ args = 0, pretend = 0, frame = 0
  91              		@ frame_needed = 0, uses_anonymous_args = 0
  92              		@ link register save eliminated.
  93              	.LVL9:
  94 0000 7047     		bx	lr
  95              		.cfi_endproc
  96              	.LFE65:
  98              		.text
  99              	.Letext0:
 100              		.file 2 "/home/mpitiot/opt/gcc-arm-none-eabi-6-2017-q1-update/arm-none-eabi/include/machine/_defau
 101              		.file 3 "/home/mpitiot/opt/gcc-arm-none-eabi-6-2017-q1-update/arm-none-eabi/include/sys/_stdint.h"
 102              		.file 4 "Drivers/CMSIS/Include/core_cm3.h"
 103              		.file 5 "Drivers/CMSIS/Device/ST/STM32F1xx/Include/system_stm32f1xx.h"
 104              		.file 6 "Drivers/CMSIS/Device/ST/STM32F1xx/Include/stm32f103xb.h"
 105              		.file 7 "/home/mpitiot/opt/gcc-arm-none-eabi-6-2017-q1-update/arm-none-eabi/include/sys/lock.h"
 106              		.file 8 "/home/mpitiot/opt/gcc-arm-none-eabi-6-2017-q1-update/arm-none-eabi/include/sys/_types.h"
 107              		.file 9 "/home/mpitiot/opt/gcc-arm-none-eabi-6-2017-q1-update/lib/gcc/arm-none-eabi/6.3.1/include/
 108              		.file 10 "/home/mpitiot/opt/gcc-arm-none-eabi-6-2017-q1-update/arm-none-eabi/include/sys/reent.h"
 109              		.file 11 "Drivers/STM32F1xx_HAL_Driver/Inc/stm32f1xx_hal_def.h"
 110              		.file 12 "Drivers/STM32F1xx_HAL_Driver/Inc/stm32f1xx_ll_usb.h"
 111              		.file 13 "Drivers/STM32F1xx_HAL_Driver/Inc/stm32f1xx_hal_pcd.h"
ARM GAS  /tmp/cclLNo8b.s 			page 7


DEFINED SYMBOLS
                            *ABS*:0000000000000000 stm32f1xx_hal_pcd_ex.c
     /tmp/cclLNo8b.s:16     .text.HAL_PCDEx_PMAConfig:0000000000000000 $t
     /tmp/cclLNo8b.s:23     .text.HAL_PCDEx_PMAConfig:0000000000000000 HAL_PCDEx_PMAConfig
     /tmp/cclLNo8b.s:79     .text.HAL_PCDEx_SetConnectionState:0000000000000000 $t
     /tmp/cclLNo8b.s:86     .text.HAL_PCDEx_SetConnectionState:0000000000000000 HAL_PCDEx_SetConnectionState
                     .debug_frame:0000000000000010 $d

NO UNDEFINED SYMBOLS
