ARM GAS  /tmp/ccUw0LOd.s 			page 1


   1              		.cpu cortex-m3
   2              		.eabi_attribute 20, 1
   3              		.eabi_attribute 21, 1
   4              		.eabi_attribute 23, 3
   5              		.eabi_attribute 24, 1
   6              		.eabi_attribute 25, 1
   7              		.eabi_attribute 26, 1
   8              		.eabi_attribute 30, 1
   9              		.eabi_attribute 34, 1
  10              		.eabi_attribute 18, 4
  11              		.file	"usb_device.c"
  12              		.text
  13              	.Ltext0:
  14              		.cfi_sections	.debug_frame
  15              		.section	.text.MX_USB_DEVICE_Init,"ax",%progbits
  16              		.align	1
  17              		.global	MX_USB_DEVICE_Init
  18              		.syntax unified
  19              		.thumb
  20              		.thumb_func
  21              		.fpu softvfp
  23              	MX_USB_DEVICE_Init:
  24              	.LFB64:
  25              		.file 1 "Src/usb_device.c"
   1:Src/usb_device.c **** /**
   2:Src/usb_device.c ****   ******************************************************************************
   3:Src/usb_device.c ****   * @file           : USB_DEVICE  
   4:Src/usb_device.c ****   * @version        : v2.0_Cube
   5:Src/usb_device.c ****   * @brief          : This file implements the USB Device 
   6:Src/usb_device.c ****   ******************************************************************************
   7:Src/usb_device.c ****   * This notice applies to any and all portions of this file
   8:Src/usb_device.c ****   * that are not between comment pairs USER CODE BEGIN and
   9:Src/usb_device.c ****   * USER CODE END. Other portions of this file, whether 
  10:Src/usb_device.c ****   * inserted by the user or by software development tools
  11:Src/usb_device.c ****   * are owned by their respective copyright owners.
  12:Src/usb_device.c ****   *
  13:Src/usb_device.c ****   * Copyright (c) 2017 STMicroelectronics International N.V. 
  14:Src/usb_device.c ****   * All rights reserved.
  15:Src/usb_device.c ****   *
  16:Src/usb_device.c ****   * Redistribution and use in source and binary forms, with or without 
  17:Src/usb_device.c ****   * modification, are permitted, provided that the following conditions are met:
  18:Src/usb_device.c ****   *
  19:Src/usb_device.c ****   * 1. Redistribution of source code must retain the above copyright notice, 
  20:Src/usb_device.c ****   *    this list of conditions and the following disclaimer.
  21:Src/usb_device.c ****   * 2. Redistributions in binary form must reproduce the above copyright notice,
  22:Src/usb_device.c ****   *    this list of conditions and the following disclaimer in the documentation
  23:Src/usb_device.c ****   *    and/or other materials provided with the distribution.
  24:Src/usb_device.c ****   * 3. Neither the name of STMicroelectronics nor the names of other 
  25:Src/usb_device.c ****   *    contributors to this software may be used to endorse or promote products 
  26:Src/usb_device.c ****   *    derived from this software without specific written permission.
  27:Src/usb_device.c ****   * 4. This software, including modifications and/or derivative works of this 
  28:Src/usb_device.c ****   *    software, must execute solely and exclusively on microcontroller or
  29:Src/usb_device.c ****   *    microprocessor devices manufactured by or for STMicroelectronics.
  30:Src/usb_device.c ****   * 5. Redistribution and use of this software other than as permitted under 
  31:Src/usb_device.c ****   *    this license is void and will automatically terminate your rights under 
  32:Src/usb_device.c ****   *    this license. 
  33:Src/usb_device.c ****   *
ARM GAS  /tmp/ccUw0LOd.s 			page 2


  34:Src/usb_device.c ****   * THIS SOFTWARE IS PROVIDED BY STMICROELECTRONICS AND CONTRIBUTORS "AS IS" 
  35:Src/usb_device.c ****   * AND ANY EXPRESS, IMPLIED OR STATUTORY WARRANTIES, INCLUDING, BUT NOT 
  36:Src/usb_device.c ****   * LIMITED TO, THE IMPLIED WARRANTIES OF MERCHANTABILITY, FITNESS FOR A 
  37:Src/usb_device.c ****   * PARTICULAR PURPOSE AND NON-INFRINGEMENT OF THIRD PARTY INTELLECTUAL PROPERTY
  38:Src/usb_device.c ****   * RIGHTS ARE DISCLAIMED TO THE FULLEST EXTENT PERMITTED BY LAW. IN NO EVENT 
  39:Src/usb_device.c ****   * SHALL STMICROELECTRONICS OR CONTRIBUTORS BE LIABLE FOR ANY DIRECT, INDIRECT,
  40:Src/usb_device.c ****   * INCIDENTAL, SPECIAL, EXEMPLARY, OR CONSEQUENTIAL DAMAGES (INCLUDING, BUT NOT
  41:Src/usb_device.c ****   * LIMITED TO, PROCUREMENT OF SUBSTITUTE GOODS OR SERVICES; LOSS OF USE, DATA, 
  42:Src/usb_device.c ****   * OR PROFITS; OR BUSINESS INTERRUPTION) HOWEVER CAUSED AND ON ANY THEORY OF 
  43:Src/usb_device.c ****   * LIABILITY, WHETHER IN CONTRACT, STRICT LIABILITY, OR TORT (INCLUDING 
  44:Src/usb_device.c ****   * NEGLIGENCE OR OTHERWISE) ARISING IN ANY WAY OUT OF THE USE OF THIS SOFTWARE,
  45:Src/usb_device.c ****   * EVEN IF ADVISED OF THE POSSIBILITY OF SUCH DAMAGE.
  46:Src/usb_device.c ****   *
  47:Src/usb_device.c ****   ******************************************************************************
  48:Src/usb_device.c **** */
  49:Src/usb_device.c **** 
  50:Src/usb_device.c **** /* Includes ------------------------------------------------------------------*/
  51:Src/usb_device.c **** 
  52:Src/usb_device.c **** #include "usb_device.h"
  53:Src/usb_device.c **** #include "usbd_core.h"
  54:Src/usb_device.c **** #include "usbd_desc.h"
  55:Src/usb_device.c **** #include "usbd_hid.h"
  56:Src/usb_device.c **** 
  57:Src/usb_device.c **** /* USB Device Core handle declaration */
  58:Src/usb_device.c **** USBD_HandleTypeDef hUsbDeviceFS;
  59:Src/usb_device.c **** 
  60:Src/usb_device.c **** /* init function */				        
  61:Src/usb_device.c **** void MX_USB_DEVICE_Init(void)
  62:Src/usb_device.c **** {
  26              		.loc 1 62 0
  27              		.cfi_startproc
  28              		@ args = 0, pretend = 0, frame = 0
  29              		@ frame_needed = 0, uses_anonymous_args = 0
  30 0000 10B5     		push	{r4, lr}
  31              	.LCFI0:
  32              		.cfi_def_cfa_offset 8
  33              		.cfi_offset 4, -8
  34              		.cfi_offset 14, -4
  63:Src/usb_device.c ****   /* Init Device Library,Add Supported Class and Start the library*/
  64:Src/usb_device.c ****   USBD_Init(&hUsbDeviceFS, &FS_Desc, DEVICE_FS);
  35              		.loc 1 64 0
  36 0002 074C     		ldr	r4, .L3
  37 0004 0022     		movs	r2, #0
  38 0006 0749     		ldr	r1, .L3+4
  39 0008 2046     		mov	r0, r4
  40 000a FFF7FEFF 		bl	USBD_Init
  41              	.LVL0:
  65:Src/usb_device.c **** 
  66:Src/usb_device.c ****   USBD_RegisterClass(&hUsbDeviceFS, &USBD_HID);
  42              		.loc 1 66 0
  43 000e 0649     		ldr	r1, .L3+8
  44 0010 2046     		mov	r0, r4
  45 0012 FFF7FEFF 		bl	USBD_RegisterClass
  46              	.LVL1:
  67:Src/usb_device.c **** 
  68:Src/usb_device.c ****   USBD_Start(&hUsbDeviceFS);
  47              		.loc 1 68 0
ARM GAS  /tmp/ccUw0LOd.s 			page 3


  48 0016 2046     		mov	r0, r4
  49 0018 FFF7FEFF 		bl	USBD_Start
  50              	.LVL2:
  51 001c 10BD     		pop	{r4, pc}
  52              	.L4:
  53 001e 00BF     		.align	2
  54              	.L3:
  55 0020 00000000 		.word	hUsbDeviceFS
  56 0024 00000000 		.word	FS_Desc
  57 0028 00000000 		.word	USBD_HID
  58              		.cfi_endproc
  59              	.LFE64:
  61              		.comm	hUsbDeviceFS,548,4
  62              		.text
  63              	.Letext0:
  64              		.file 2 "/home/mpitiot/opt/gcc-arm-none-eabi-6-2017-q1-update/arm-none-eabi/include/machine/_defau
  65              		.file 3 "/home/mpitiot/opt/gcc-arm-none-eabi-6-2017-q1-update/arm-none-eabi/include/sys/_stdint.h"
  66              		.file 4 "Drivers/CMSIS/Include/core_cm3.h"
  67              		.file 5 "Drivers/CMSIS/Device/ST/STM32F1xx/Include/system_stm32f1xx.h"
  68              		.file 6 "/home/mpitiot/opt/gcc-arm-none-eabi-6-2017-q1-update/arm-none-eabi/include/sys/lock.h"
  69              		.file 7 "/home/mpitiot/opt/gcc-arm-none-eabi-6-2017-q1-update/arm-none-eabi/include/sys/_types.h"
  70              		.file 8 "/home/mpitiot/opt/gcc-arm-none-eabi-6-2017-q1-update/lib/gcc/arm-none-eabi/6.3.1/include/
  71              		.file 9 "/home/mpitiot/opt/gcc-arm-none-eabi-6-2017-q1-update/arm-none-eabi/include/sys/reent.h"
  72              		.file 10 "/home/mpitiot/opt/gcc-arm-none-eabi-6-2017-q1-update/arm-none-eabi/include/stdlib.h"
  73              		.file 11 "Middlewares/ST/STM32_USB_Device_Library/Core/Inc/usbd_def.h"
  74              		.file 12 "Inc/usb_device.h"
  75              		.file 13 "Inc/usbd_desc.h"
  76              		.file 14 "Middlewares/ST/STM32_USB_Device_Library/Class/HID/Inc/usbd_hid.h"
  77              		.file 15 "Middlewares/ST/STM32_USB_Device_Library/Core/Inc/usbd_core.h"
ARM GAS  /tmp/ccUw0LOd.s 			page 4


DEFINED SYMBOLS
                            *ABS*:0000000000000000 usb_device.c
     /tmp/ccUw0LOd.s:16     .text.MX_USB_DEVICE_Init:0000000000000000 $t
     /tmp/ccUw0LOd.s:23     .text.MX_USB_DEVICE_Init:0000000000000000 MX_USB_DEVICE_Init
     /tmp/ccUw0LOd.s:55     .text.MX_USB_DEVICE_Init:0000000000000020 $d
                            *COM*:0000000000000224 hUsbDeviceFS
                     .debug_frame:0000000000000010 $d

UNDEFINED SYMBOLS
USBD_Init
USBD_RegisterClass
USBD_Start
FS_Desc
USBD_HID
