ARM GAS  /tmp/cchpTffj.s 			page 1


   1              		.cpu cortex-m3
   2              		.eabi_attribute 20, 1
   3              		.eabi_attribute 21, 1
   4              		.eabi_attribute 23, 3
   5              		.eabi_attribute 24, 1
   6              		.eabi_attribute 25, 1
   7              		.eabi_attribute 26, 1
   8              		.eabi_attribute 30, 1
   9              		.eabi_attribute 34, 1
  10              		.eabi_attribute 18, 4
  11              		.file	"usbd_hid.c"
  12              		.text
  13              	.Ltext0:
  14              		.cfi_sections	.debug_frame
  15              		.section	.text.USBD_HID_GetCfgDesc,"ax",%progbits
  16              		.align	1
  17              		.syntax unified
  18              		.thumb
  19              		.thumb_func
  20              		.fpu softvfp
  22              	USBD_HID_GetCfgDesc:
  23              	.LFB69:
  24              		.file 1 "Middlewares/ST/STM32_USB_Device_Library/Class/HID/Src/usbd_hid.c"
   1:Middlewares/ST/STM32_USB_Device_Library/Class/HID/Src/usbd_hid.c **** /**
   2:Middlewares/ST/STM32_USB_Device_Library/Class/HID/Src/usbd_hid.c ****   ******************************************************************************
   3:Middlewares/ST/STM32_USB_Device_Library/Class/HID/Src/usbd_hid.c ****   * @file    usbd_hid.c
   4:Middlewares/ST/STM32_USB_Device_Library/Class/HID/Src/usbd_hid.c ****   * @author  MCD Application Team
   5:Middlewares/ST/STM32_USB_Device_Library/Class/HID/Src/usbd_hid.c ****   * @version V2.4.2
   6:Middlewares/ST/STM32_USB_Device_Library/Class/HID/Src/usbd_hid.c ****   * @date    11-December-2015
   7:Middlewares/ST/STM32_USB_Device_Library/Class/HID/Src/usbd_hid.c ****   * @brief   This file provides the HID core functions.
   8:Middlewares/ST/STM32_USB_Device_Library/Class/HID/Src/usbd_hid.c ****   *
   9:Middlewares/ST/STM32_USB_Device_Library/Class/HID/Src/usbd_hid.c ****   * @verbatim
  10:Middlewares/ST/STM32_USB_Device_Library/Class/HID/Src/usbd_hid.c ****   *      
  11:Middlewares/ST/STM32_USB_Device_Library/Class/HID/Src/usbd_hid.c ****   *          ===================================================================      
  12:Middlewares/ST/STM32_USB_Device_Library/Class/HID/Src/usbd_hid.c ****   *                                HID Class  Description
  13:Middlewares/ST/STM32_USB_Device_Library/Class/HID/Src/usbd_hid.c ****   *          =================================================================== 
  14:Middlewares/ST/STM32_USB_Device_Library/Class/HID/Src/usbd_hid.c ****   *           This module manages the HID class V1.11 following the "Device Class Definition
  15:Middlewares/ST/STM32_USB_Device_Library/Class/HID/Src/usbd_hid.c ****   *           for Human Interface Devices (HID) Version 1.11 Jun 27, 2001".
  16:Middlewares/ST/STM32_USB_Device_Library/Class/HID/Src/usbd_hid.c ****   *           This driver implements the following aspects of the specification:
  17:Middlewares/ST/STM32_USB_Device_Library/Class/HID/Src/usbd_hid.c ****   *             - The Boot Interface Subclass
  18:Middlewares/ST/STM32_USB_Device_Library/Class/HID/Src/usbd_hid.c ****   *             - The Mouse protocol
  19:Middlewares/ST/STM32_USB_Device_Library/Class/HID/Src/usbd_hid.c ****   *             - Usage Page : Generic Desktop
  20:Middlewares/ST/STM32_USB_Device_Library/Class/HID/Src/usbd_hid.c ****   *             - Usage : Joystick
  21:Middlewares/ST/STM32_USB_Device_Library/Class/HID/Src/usbd_hid.c ****   *             - Collection : Application 
  22:Middlewares/ST/STM32_USB_Device_Library/Class/HID/Src/usbd_hid.c ****   *      
  23:Middlewares/ST/STM32_USB_Device_Library/Class/HID/Src/usbd_hid.c ****   * @note     In HS mode and when the DMA is used, all variables and data structures
  24:Middlewares/ST/STM32_USB_Device_Library/Class/HID/Src/usbd_hid.c ****   *           dealing with the DMA during the transaction process should be 32-bit aligned.
  25:Middlewares/ST/STM32_USB_Device_Library/Class/HID/Src/usbd_hid.c ****   *           
  26:Middlewares/ST/STM32_USB_Device_Library/Class/HID/Src/usbd_hid.c ****   *      
  27:Middlewares/ST/STM32_USB_Device_Library/Class/HID/Src/usbd_hid.c ****   *  @endverbatim
  28:Middlewares/ST/STM32_USB_Device_Library/Class/HID/Src/usbd_hid.c ****   *
  29:Middlewares/ST/STM32_USB_Device_Library/Class/HID/Src/usbd_hid.c ****   ******************************************************************************
  30:Middlewares/ST/STM32_USB_Device_Library/Class/HID/Src/usbd_hid.c ****   * @attention
  31:Middlewares/ST/STM32_USB_Device_Library/Class/HID/Src/usbd_hid.c ****   *
  32:Middlewares/ST/STM32_USB_Device_Library/Class/HID/Src/usbd_hid.c ****   * <h2><center>&copy; COPYRIGHT 2015 STMicroelectronics</center></h2>
  33:Middlewares/ST/STM32_USB_Device_Library/Class/HID/Src/usbd_hid.c ****   *
  34:Middlewares/ST/STM32_USB_Device_Library/Class/HID/Src/usbd_hid.c ****   * Licensed under MCD-ST Liberty SW License Agreement V2, (the "License");
ARM GAS  /tmp/cchpTffj.s 			page 2


  35:Middlewares/ST/STM32_USB_Device_Library/Class/HID/Src/usbd_hid.c ****   * You may not use this file except in compliance with the License.
  36:Middlewares/ST/STM32_USB_Device_Library/Class/HID/Src/usbd_hid.c ****   * You may obtain a copy of the License at:
  37:Middlewares/ST/STM32_USB_Device_Library/Class/HID/Src/usbd_hid.c ****   *
  38:Middlewares/ST/STM32_USB_Device_Library/Class/HID/Src/usbd_hid.c ****   *        http://www.st.com/software_license_agreement_liberty_v2
  39:Middlewares/ST/STM32_USB_Device_Library/Class/HID/Src/usbd_hid.c ****   *
  40:Middlewares/ST/STM32_USB_Device_Library/Class/HID/Src/usbd_hid.c ****   * Unless required by applicable law or agreed to in writing, software 
  41:Middlewares/ST/STM32_USB_Device_Library/Class/HID/Src/usbd_hid.c ****   * distributed under the License is distributed on an "AS IS" BASIS, 
  42:Middlewares/ST/STM32_USB_Device_Library/Class/HID/Src/usbd_hid.c ****   * WITHOUT WARRANTIES OR CONDITIONS OF ANY KIND, either express or implied.
  43:Middlewares/ST/STM32_USB_Device_Library/Class/HID/Src/usbd_hid.c ****   * See the License for the specific language governing permissions and
  44:Middlewares/ST/STM32_USB_Device_Library/Class/HID/Src/usbd_hid.c ****   * limitations under the License.
  45:Middlewares/ST/STM32_USB_Device_Library/Class/HID/Src/usbd_hid.c ****   *
  46:Middlewares/ST/STM32_USB_Device_Library/Class/HID/Src/usbd_hid.c ****   ******************************************************************************
  47:Middlewares/ST/STM32_USB_Device_Library/Class/HID/Src/usbd_hid.c ****   */ 
  48:Middlewares/ST/STM32_USB_Device_Library/Class/HID/Src/usbd_hid.c **** 
  49:Middlewares/ST/STM32_USB_Device_Library/Class/HID/Src/usbd_hid.c **** /* Includes ------------------------------------------------------------------*/
  50:Middlewares/ST/STM32_USB_Device_Library/Class/HID/Src/usbd_hid.c **** #include "usbd_hid.h"
  51:Middlewares/ST/STM32_USB_Device_Library/Class/HID/Src/usbd_hid.c **** #include "usbd_desc.h"
  52:Middlewares/ST/STM32_USB_Device_Library/Class/HID/Src/usbd_hid.c **** #include "usbd_ctlreq.h"
  53:Middlewares/ST/STM32_USB_Device_Library/Class/HID/Src/usbd_hid.c **** 
  54:Middlewares/ST/STM32_USB_Device_Library/Class/HID/Src/usbd_hid.c **** 
  55:Middlewares/ST/STM32_USB_Device_Library/Class/HID/Src/usbd_hid.c **** /** @addtogroup STM32_USB_DEVICE_LIBRARY
  56:Middlewares/ST/STM32_USB_Device_Library/Class/HID/Src/usbd_hid.c ****   * @{
  57:Middlewares/ST/STM32_USB_Device_Library/Class/HID/Src/usbd_hid.c ****   */
  58:Middlewares/ST/STM32_USB_Device_Library/Class/HID/Src/usbd_hid.c **** 
  59:Middlewares/ST/STM32_USB_Device_Library/Class/HID/Src/usbd_hid.c **** 
  60:Middlewares/ST/STM32_USB_Device_Library/Class/HID/Src/usbd_hid.c **** /** @defgroup USBD_HID 
  61:Middlewares/ST/STM32_USB_Device_Library/Class/HID/Src/usbd_hid.c ****   * @brief usbd core module
  62:Middlewares/ST/STM32_USB_Device_Library/Class/HID/Src/usbd_hid.c ****   * @{
  63:Middlewares/ST/STM32_USB_Device_Library/Class/HID/Src/usbd_hid.c ****   */ 
  64:Middlewares/ST/STM32_USB_Device_Library/Class/HID/Src/usbd_hid.c **** 
  65:Middlewares/ST/STM32_USB_Device_Library/Class/HID/Src/usbd_hid.c **** /** @defgroup USBD_HID_Private_TypesDefinitions
  66:Middlewares/ST/STM32_USB_Device_Library/Class/HID/Src/usbd_hid.c ****   * @{
  67:Middlewares/ST/STM32_USB_Device_Library/Class/HID/Src/usbd_hid.c ****   */ 
  68:Middlewares/ST/STM32_USB_Device_Library/Class/HID/Src/usbd_hid.c **** /**
  69:Middlewares/ST/STM32_USB_Device_Library/Class/HID/Src/usbd_hid.c ****   * @}
  70:Middlewares/ST/STM32_USB_Device_Library/Class/HID/Src/usbd_hid.c ****   */ 
  71:Middlewares/ST/STM32_USB_Device_Library/Class/HID/Src/usbd_hid.c **** 
  72:Middlewares/ST/STM32_USB_Device_Library/Class/HID/Src/usbd_hid.c **** 
  73:Middlewares/ST/STM32_USB_Device_Library/Class/HID/Src/usbd_hid.c **** /** @defgroup USBD_HID_Private_Defines
  74:Middlewares/ST/STM32_USB_Device_Library/Class/HID/Src/usbd_hid.c ****   * @{
  75:Middlewares/ST/STM32_USB_Device_Library/Class/HID/Src/usbd_hid.c ****   */ 
  76:Middlewares/ST/STM32_USB_Device_Library/Class/HID/Src/usbd_hid.c **** 
  77:Middlewares/ST/STM32_USB_Device_Library/Class/HID/Src/usbd_hid.c **** /**
  78:Middlewares/ST/STM32_USB_Device_Library/Class/HID/Src/usbd_hid.c ****   * @}
  79:Middlewares/ST/STM32_USB_Device_Library/Class/HID/Src/usbd_hid.c ****   */ 
  80:Middlewares/ST/STM32_USB_Device_Library/Class/HID/Src/usbd_hid.c **** 
  81:Middlewares/ST/STM32_USB_Device_Library/Class/HID/Src/usbd_hid.c **** 
  82:Middlewares/ST/STM32_USB_Device_Library/Class/HID/Src/usbd_hid.c **** /** @defgroup USBD_HID_Private_Macros
  83:Middlewares/ST/STM32_USB_Device_Library/Class/HID/Src/usbd_hid.c ****   * @{
  84:Middlewares/ST/STM32_USB_Device_Library/Class/HID/Src/usbd_hid.c ****   */ 
  85:Middlewares/ST/STM32_USB_Device_Library/Class/HID/Src/usbd_hid.c **** /**
  86:Middlewares/ST/STM32_USB_Device_Library/Class/HID/Src/usbd_hid.c ****   * @}
  87:Middlewares/ST/STM32_USB_Device_Library/Class/HID/Src/usbd_hid.c ****   */ 
  88:Middlewares/ST/STM32_USB_Device_Library/Class/HID/Src/usbd_hid.c **** 
  89:Middlewares/ST/STM32_USB_Device_Library/Class/HID/Src/usbd_hid.c **** 
  90:Middlewares/ST/STM32_USB_Device_Library/Class/HID/Src/usbd_hid.c **** 
  91:Middlewares/ST/STM32_USB_Device_Library/Class/HID/Src/usbd_hid.c **** 
ARM GAS  /tmp/cchpTffj.s 			page 3


  92:Middlewares/ST/STM32_USB_Device_Library/Class/HID/Src/usbd_hid.c **** /** @defgroup USBD_HID_Private_FunctionPrototypes
  93:Middlewares/ST/STM32_USB_Device_Library/Class/HID/Src/usbd_hid.c ****   * @{
  94:Middlewares/ST/STM32_USB_Device_Library/Class/HID/Src/usbd_hid.c ****   */
  95:Middlewares/ST/STM32_USB_Device_Library/Class/HID/Src/usbd_hid.c **** 
  96:Middlewares/ST/STM32_USB_Device_Library/Class/HID/Src/usbd_hid.c **** 
  97:Middlewares/ST/STM32_USB_Device_Library/Class/HID/Src/usbd_hid.c **** static uint8_t  USBD_HID_Init (USBD_HandleTypeDef *pdev, 
  98:Middlewares/ST/STM32_USB_Device_Library/Class/HID/Src/usbd_hid.c ****                                uint8_t cfgidx);
  99:Middlewares/ST/STM32_USB_Device_Library/Class/HID/Src/usbd_hid.c **** 
 100:Middlewares/ST/STM32_USB_Device_Library/Class/HID/Src/usbd_hid.c **** static uint8_t  USBD_HID_DeInit (USBD_HandleTypeDef *pdev, 
 101:Middlewares/ST/STM32_USB_Device_Library/Class/HID/Src/usbd_hid.c ****                                  uint8_t cfgidx);
 102:Middlewares/ST/STM32_USB_Device_Library/Class/HID/Src/usbd_hid.c **** 
 103:Middlewares/ST/STM32_USB_Device_Library/Class/HID/Src/usbd_hid.c **** static uint8_t  USBD_HID_Setup (USBD_HandleTypeDef *pdev, 
 104:Middlewares/ST/STM32_USB_Device_Library/Class/HID/Src/usbd_hid.c ****                                 USBD_SetupReqTypedef *req);
 105:Middlewares/ST/STM32_USB_Device_Library/Class/HID/Src/usbd_hid.c **** 
 106:Middlewares/ST/STM32_USB_Device_Library/Class/HID/Src/usbd_hid.c **** static uint8_t  *USBD_HID_GetCfgDesc (uint16_t *length);
 107:Middlewares/ST/STM32_USB_Device_Library/Class/HID/Src/usbd_hid.c **** 
 108:Middlewares/ST/STM32_USB_Device_Library/Class/HID/Src/usbd_hid.c **** static uint8_t  *USBD_HID_GetDeviceQualifierDesc (uint16_t *length);
 109:Middlewares/ST/STM32_USB_Device_Library/Class/HID/Src/usbd_hid.c **** 
 110:Middlewares/ST/STM32_USB_Device_Library/Class/HID/Src/usbd_hid.c **** static uint8_t  USBD_HID_DataIn (USBD_HandleTypeDef *pdev, uint8_t epnum);
 111:Middlewares/ST/STM32_USB_Device_Library/Class/HID/Src/usbd_hid.c **** /**
 112:Middlewares/ST/STM32_USB_Device_Library/Class/HID/Src/usbd_hid.c ****   * @}
 113:Middlewares/ST/STM32_USB_Device_Library/Class/HID/Src/usbd_hid.c ****   */ 
 114:Middlewares/ST/STM32_USB_Device_Library/Class/HID/Src/usbd_hid.c **** 
 115:Middlewares/ST/STM32_USB_Device_Library/Class/HID/Src/usbd_hid.c **** /** @defgroup USBD_HID_Private_Variables
 116:Middlewares/ST/STM32_USB_Device_Library/Class/HID/Src/usbd_hid.c ****   * @{
 117:Middlewares/ST/STM32_USB_Device_Library/Class/HID/Src/usbd_hid.c ****   */ 
 118:Middlewares/ST/STM32_USB_Device_Library/Class/HID/Src/usbd_hid.c **** 
 119:Middlewares/ST/STM32_USB_Device_Library/Class/HID/Src/usbd_hid.c **** USBD_ClassTypeDef  USBD_HID = 
 120:Middlewares/ST/STM32_USB_Device_Library/Class/HID/Src/usbd_hid.c **** {
 121:Middlewares/ST/STM32_USB_Device_Library/Class/HID/Src/usbd_hid.c ****   USBD_HID_Init,
 122:Middlewares/ST/STM32_USB_Device_Library/Class/HID/Src/usbd_hid.c ****   USBD_HID_DeInit,
 123:Middlewares/ST/STM32_USB_Device_Library/Class/HID/Src/usbd_hid.c ****   USBD_HID_Setup,
 124:Middlewares/ST/STM32_USB_Device_Library/Class/HID/Src/usbd_hid.c ****   NULL, /*EP0_TxSent*/  
 125:Middlewares/ST/STM32_USB_Device_Library/Class/HID/Src/usbd_hid.c ****   NULL, /*EP0_RxReady*/
 126:Middlewares/ST/STM32_USB_Device_Library/Class/HID/Src/usbd_hid.c ****   USBD_HID_DataIn, /*DataIn*/
 127:Middlewares/ST/STM32_USB_Device_Library/Class/HID/Src/usbd_hid.c ****   NULL, /*DataOut*/
 128:Middlewares/ST/STM32_USB_Device_Library/Class/HID/Src/usbd_hid.c ****   NULL, /*SOF */
 129:Middlewares/ST/STM32_USB_Device_Library/Class/HID/Src/usbd_hid.c ****   NULL,
 130:Middlewares/ST/STM32_USB_Device_Library/Class/HID/Src/usbd_hid.c ****   NULL,      
 131:Middlewares/ST/STM32_USB_Device_Library/Class/HID/Src/usbd_hid.c ****   USBD_HID_GetCfgDesc,
 132:Middlewares/ST/STM32_USB_Device_Library/Class/HID/Src/usbd_hid.c ****   USBD_HID_GetCfgDesc, 
 133:Middlewares/ST/STM32_USB_Device_Library/Class/HID/Src/usbd_hid.c ****   USBD_HID_GetCfgDesc,
 134:Middlewares/ST/STM32_USB_Device_Library/Class/HID/Src/usbd_hid.c ****   USBD_HID_GetDeviceQualifierDesc,
 135:Middlewares/ST/STM32_USB_Device_Library/Class/HID/Src/usbd_hid.c **** };
 136:Middlewares/ST/STM32_USB_Device_Library/Class/HID/Src/usbd_hid.c **** 
 137:Middlewares/ST/STM32_USB_Device_Library/Class/HID/Src/usbd_hid.c **** /* USB HID device Configuration Descriptor */
 138:Middlewares/ST/STM32_USB_Device_Library/Class/HID/Src/usbd_hid.c **** __ALIGN_BEGIN static uint8_t USBD_HID_CfgDesc[USB_HID_CONFIG_DESC_SIZ]  __ALIGN_END =
 139:Middlewares/ST/STM32_USB_Device_Library/Class/HID/Src/usbd_hid.c **** {
 140:Middlewares/ST/STM32_USB_Device_Library/Class/HID/Src/usbd_hid.c ****   0x09, /* bLength: Configuration Descriptor size */
 141:Middlewares/ST/STM32_USB_Device_Library/Class/HID/Src/usbd_hid.c ****   USB_DESC_TYPE_CONFIGURATION, /* bDescriptorType: Configuration */
 142:Middlewares/ST/STM32_USB_Device_Library/Class/HID/Src/usbd_hid.c ****   USB_HID_CONFIG_DESC_SIZ,
 143:Middlewares/ST/STM32_USB_Device_Library/Class/HID/Src/usbd_hid.c ****   /* wTotalLength: Bytes returned */
 144:Middlewares/ST/STM32_USB_Device_Library/Class/HID/Src/usbd_hid.c ****   0x00,
 145:Middlewares/ST/STM32_USB_Device_Library/Class/HID/Src/usbd_hid.c ****   0x01,         /*bNumInterfaces: 1 interface*/
 146:Middlewares/ST/STM32_USB_Device_Library/Class/HID/Src/usbd_hid.c ****   0x01,         /*bConfigurationValue: Configuration value*/
 147:Middlewares/ST/STM32_USB_Device_Library/Class/HID/Src/usbd_hid.c ****   0x00,         /*iConfiguration: Index of string descriptor describing
 148:Middlewares/ST/STM32_USB_Device_Library/Class/HID/Src/usbd_hid.c ****   the configuration*/
ARM GAS  /tmp/cchpTffj.s 			page 4


 149:Middlewares/ST/STM32_USB_Device_Library/Class/HID/Src/usbd_hid.c ****   0xE0,         /*bmAttributes: bus powered and Support Remote Wake-up */
 150:Middlewares/ST/STM32_USB_Device_Library/Class/HID/Src/usbd_hid.c ****   0x32,         /*MaxPower 100 mA: this current is used for detecting Vbus*/
 151:Middlewares/ST/STM32_USB_Device_Library/Class/HID/Src/usbd_hid.c ****   
 152:Middlewares/ST/STM32_USB_Device_Library/Class/HID/Src/usbd_hid.c ****   /************** Descriptor of Joystick Mouse interface ****************/
 153:Middlewares/ST/STM32_USB_Device_Library/Class/HID/Src/usbd_hid.c ****   /* 09 */
 154:Middlewares/ST/STM32_USB_Device_Library/Class/HID/Src/usbd_hid.c ****   0x09,         /*bLength: Interface Descriptor size*/
 155:Middlewares/ST/STM32_USB_Device_Library/Class/HID/Src/usbd_hid.c ****   USB_DESC_TYPE_INTERFACE,/*bDescriptorType: Interface descriptor type*/
 156:Middlewares/ST/STM32_USB_Device_Library/Class/HID/Src/usbd_hid.c ****   0x00,         /*bInterfaceNumber: Number of Interface*/
 157:Middlewares/ST/STM32_USB_Device_Library/Class/HID/Src/usbd_hid.c ****   0x00,         /*bAlternateSetting: Alternate setting*/
 158:Middlewares/ST/STM32_USB_Device_Library/Class/HID/Src/usbd_hid.c ****   0x01,         /*bNumEndpoints*/
 159:Middlewares/ST/STM32_USB_Device_Library/Class/HID/Src/usbd_hid.c ****   0x03,         /*bInterfaceClass: HID*/
 160:Middlewares/ST/STM32_USB_Device_Library/Class/HID/Src/usbd_hid.c ****   0x00,         /*bInterfaceSubClass : 1=BOOT, 0=no boot*/
 161:Middlewares/ST/STM32_USB_Device_Library/Class/HID/Src/usbd_hid.c ****   0x01,         /*nInterfaceProtocol : 0=none, 1=keyboard, 2=mouse*/
 162:Middlewares/ST/STM32_USB_Device_Library/Class/HID/Src/usbd_hid.c ****   0,            /*iInterface: Index of string descriptor*/
 163:Middlewares/ST/STM32_USB_Device_Library/Class/HID/Src/usbd_hid.c ****   /******************** Descriptor of Joystick Mouse HID ********************/
 164:Middlewares/ST/STM32_USB_Device_Library/Class/HID/Src/usbd_hid.c ****   /* 18 */
 165:Middlewares/ST/STM32_USB_Device_Library/Class/HID/Src/usbd_hid.c ****   0x09,         /*bLength: HID Descriptor size*/
 166:Middlewares/ST/STM32_USB_Device_Library/Class/HID/Src/usbd_hid.c ****   HID_DESCRIPTOR_TYPE, /*bDescriptorType: HID*/
 167:Middlewares/ST/STM32_USB_Device_Library/Class/HID/Src/usbd_hid.c ****   0x11,         /*bcdHID: HID Class Spec release number*/
 168:Middlewares/ST/STM32_USB_Device_Library/Class/HID/Src/usbd_hid.c ****   0x01,
 169:Middlewares/ST/STM32_USB_Device_Library/Class/HID/Src/usbd_hid.c ****   0x00,         /*bCountryCode: Hardware target country*/
 170:Middlewares/ST/STM32_USB_Device_Library/Class/HID/Src/usbd_hid.c ****   0x01,         /*bNumDescriptors: Number of HID class descriptors to follow*/
 171:Middlewares/ST/STM32_USB_Device_Library/Class/HID/Src/usbd_hid.c ****   0x22,         /*bDescriptorType*/
 172:Middlewares/ST/STM32_USB_Device_Library/Class/HID/Src/usbd_hid.c ****   HID_CUSTOM_REPORT_DESC_SIZE,/*wItemLength: Total length of Report descriptor*/
 173:Middlewares/ST/STM32_USB_Device_Library/Class/HID/Src/usbd_hid.c ****   0x00,
 174:Middlewares/ST/STM32_USB_Device_Library/Class/HID/Src/usbd_hid.c ****   /******************** Descriptor of Custom endpoint ********************/
 175:Middlewares/ST/STM32_USB_Device_Library/Class/HID/Src/usbd_hid.c ****   /* 27 */
 176:Middlewares/ST/STM32_USB_Device_Library/Class/HID/Src/usbd_hid.c ****   0x07,          /*bLength: Endpoint Descriptor size*/
 177:Middlewares/ST/STM32_USB_Device_Library/Class/HID/Src/usbd_hid.c ****   USB_DESC_TYPE_ENDPOINT, /*bDescriptorType:*/
 178:Middlewares/ST/STM32_USB_Device_Library/Class/HID/Src/usbd_hid.c ****   
 179:Middlewares/ST/STM32_USB_Device_Library/Class/HID/Src/usbd_hid.c ****   HID_EPIN_ADDR,     /*bEndpointAddress: Endpoint Address (IN)*/
 180:Middlewares/ST/STM32_USB_Device_Library/Class/HID/Src/usbd_hid.c ****   0x03,          /*bmAttributes: Interrupt endpoint*/
 181:Middlewares/ST/STM32_USB_Device_Library/Class/HID/Src/usbd_hid.c ****   HID_EPIN_SIZE, /*wMaxPacketSize: 4 Byte max */
 182:Middlewares/ST/STM32_USB_Device_Library/Class/HID/Src/usbd_hid.c ****   0x00,
 183:Middlewares/ST/STM32_USB_Device_Library/Class/HID/Src/usbd_hid.c ****   HID_FS_BINTERVAL,          /*bInterval: Polling Interval (10 ms)*/
 184:Middlewares/ST/STM32_USB_Device_Library/Class/HID/Src/usbd_hid.c ****   /* 34 */
 185:Middlewares/ST/STM32_USB_Device_Library/Class/HID/Src/usbd_hid.c **** } ;
 186:Middlewares/ST/STM32_USB_Device_Library/Class/HID/Src/usbd_hid.c **** 
 187:Middlewares/ST/STM32_USB_Device_Library/Class/HID/Src/usbd_hid.c **** /* USB HID device Configuration Descriptor */
 188:Middlewares/ST/STM32_USB_Device_Library/Class/HID/Src/usbd_hid.c **** __ALIGN_BEGIN static uint8_t USBD_HID_Desc[USB_HID_DESC_SIZ]  __ALIGN_END  =
 189:Middlewares/ST/STM32_USB_Device_Library/Class/HID/Src/usbd_hid.c **** {
 190:Middlewares/ST/STM32_USB_Device_Library/Class/HID/Src/usbd_hid.c ****   /* 18 */
 191:Middlewares/ST/STM32_USB_Device_Library/Class/HID/Src/usbd_hid.c ****   0x09,         /*bLength: HID Descriptor size*/
 192:Middlewares/ST/STM32_USB_Device_Library/Class/HID/Src/usbd_hid.c ****   HID_DESCRIPTOR_TYPE, /*bDescriptorType: HID*/
 193:Middlewares/ST/STM32_USB_Device_Library/Class/HID/Src/usbd_hid.c ****   0x11,         /*bcdHID: HID Class Spec release number*/
 194:Middlewares/ST/STM32_USB_Device_Library/Class/HID/Src/usbd_hid.c ****   0x01,
 195:Middlewares/ST/STM32_USB_Device_Library/Class/HID/Src/usbd_hid.c ****   0x00,         /*bCountryCode: Hardware target country*/
 196:Middlewares/ST/STM32_USB_Device_Library/Class/HID/Src/usbd_hid.c ****   0x01,         /*bNumDescriptors: Number of HID class descriptors to follow*/
 197:Middlewares/ST/STM32_USB_Device_Library/Class/HID/Src/usbd_hid.c ****   0x22,         /*bDescriptorType*/
 198:Middlewares/ST/STM32_USB_Device_Library/Class/HID/Src/usbd_hid.c ****   HID_CUSTOM_REPORT_DESC_SIZE,/*wItemLength: Total length of Report descriptor*/
 199:Middlewares/ST/STM32_USB_Device_Library/Class/HID/Src/usbd_hid.c ****   0x00,
 200:Middlewares/ST/STM32_USB_Device_Library/Class/HID/Src/usbd_hid.c **** };
 201:Middlewares/ST/STM32_USB_Device_Library/Class/HID/Src/usbd_hid.c **** 
 202:Middlewares/ST/STM32_USB_Device_Library/Class/HID/Src/usbd_hid.c **** /* USB Standard Device Descriptor */
 203:Middlewares/ST/STM32_USB_Device_Library/Class/HID/Src/usbd_hid.c **** __ALIGN_BEGIN static uint8_t USBD_HID_DeviceQualifierDesc[USB_LEN_DEV_QUALIFIER_DESC]  __ALIGN_END 
 204:Middlewares/ST/STM32_USB_Device_Library/Class/HID/Src/usbd_hid.c **** {
 205:Middlewares/ST/STM32_USB_Device_Library/Class/HID/Src/usbd_hid.c ****   USB_LEN_DEV_QUALIFIER_DESC,
ARM GAS  /tmp/cchpTffj.s 			page 5


 206:Middlewares/ST/STM32_USB_Device_Library/Class/HID/Src/usbd_hid.c ****   USB_DESC_TYPE_DEVICE_QUALIFIER,
 207:Middlewares/ST/STM32_USB_Device_Library/Class/HID/Src/usbd_hid.c ****   0x00,
 208:Middlewares/ST/STM32_USB_Device_Library/Class/HID/Src/usbd_hid.c ****   0x02,
 209:Middlewares/ST/STM32_USB_Device_Library/Class/HID/Src/usbd_hid.c ****   0x00,
 210:Middlewares/ST/STM32_USB_Device_Library/Class/HID/Src/usbd_hid.c ****   0x00,
 211:Middlewares/ST/STM32_USB_Device_Library/Class/HID/Src/usbd_hid.c ****   0x00,
 212:Middlewares/ST/STM32_USB_Device_Library/Class/HID/Src/usbd_hid.c ****   0x40,
 213:Middlewares/ST/STM32_USB_Device_Library/Class/HID/Src/usbd_hid.c ****   0x01,
 214:Middlewares/ST/STM32_USB_Device_Library/Class/HID/Src/usbd_hid.c ****   0x00,
 215:Middlewares/ST/STM32_USB_Device_Library/Class/HID/Src/usbd_hid.c **** };
 216:Middlewares/ST/STM32_USB_Device_Library/Class/HID/Src/usbd_hid.c **** 
 217:Middlewares/ST/STM32_USB_Device_Library/Class/HID/Src/usbd_hid.c **** //__ALIGN_BEGIN static uint8_t HID_MOUSE_ReportDesc[HID_MOUSE_REPORT_DESC_SIZE]  __ALIGN_END =
 218:Middlewares/ST/STM32_USB_Device_Library/Class/HID/Src/usbd_hid.c **** //{
 219:Middlewares/ST/STM32_USB_Device_Library/Class/HID/Src/usbd_hid.c **** //  0x05,   0x01,
 220:Middlewares/ST/STM32_USB_Device_Library/Class/HID/Src/usbd_hid.c **** //  0x09,   0x02,
 221:Middlewares/ST/STM32_USB_Device_Library/Class/HID/Src/usbd_hid.c **** //  0xA1,   0x01,
 222:Middlewares/ST/STM32_USB_Device_Library/Class/HID/Src/usbd_hid.c **** //  0x09,   0x01,
 223:Middlewares/ST/STM32_USB_Device_Library/Class/HID/Src/usbd_hid.c ****   
 224:Middlewares/ST/STM32_USB_Device_Library/Class/HID/Src/usbd_hid.c **** //  0xA1,   0x00,
 225:Middlewares/ST/STM32_USB_Device_Library/Class/HID/Src/usbd_hid.c **** //  0x05,   0x09,
 226:Middlewares/ST/STM32_USB_Device_Library/Class/HID/Src/usbd_hid.c **** //  0x19,   0x01,
 227:Middlewares/ST/STM32_USB_Device_Library/Class/HID/Src/usbd_hid.c **** //  0x29,   0x03,
 228:Middlewares/ST/STM32_USB_Device_Library/Class/HID/Src/usbd_hid.c ****   
 229:Middlewares/ST/STM32_USB_Device_Library/Class/HID/Src/usbd_hid.c **** //  0x15,   0x00,
 230:Middlewares/ST/STM32_USB_Device_Library/Class/HID/Src/usbd_hid.c **** //  0x25,   0x01,
 231:Middlewares/ST/STM32_USB_Device_Library/Class/HID/Src/usbd_hid.c **** //  0x95,   0x03,
 232:Middlewares/ST/STM32_USB_Device_Library/Class/HID/Src/usbd_hid.c **** //  0x75,   0x01,
 233:Middlewares/ST/STM32_USB_Device_Library/Class/HID/Src/usbd_hid.c ****   
 234:Middlewares/ST/STM32_USB_Device_Library/Class/HID/Src/usbd_hid.c **** //  0x81,   0x02,
 235:Middlewares/ST/STM32_USB_Device_Library/Class/HID/Src/usbd_hid.c **** //  0x95,   0x01,
 236:Middlewares/ST/STM32_USB_Device_Library/Class/HID/Src/usbd_hid.c **** //  0x75,   0x05,
 237:Middlewares/ST/STM32_USB_Device_Library/Class/HID/Src/usbd_hid.c **** //  0x81,   0x01,
 238:Middlewares/ST/STM32_USB_Device_Library/Class/HID/Src/usbd_hid.c ****   
 239:Middlewares/ST/STM32_USB_Device_Library/Class/HID/Src/usbd_hid.c **** //  0x05,   0x01,
 240:Middlewares/ST/STM32_USB_Device_Library/Class/HID/Src/usbd_hid.c **** //  0x09,   0x30,
 241:Middlewares/ST/STM32_USB_Device_Library/Class/HID/Src/usbd_hid.c **** //  0x09,   0x31,
 242:Middlewares/ST/STM32_USB_Device_Library/Class/HID/Src/usbd_hid.c **** //  0x09,   0x38,
 243:Middlewares/ST/STM32_USB_Device_Library/Class/HID/Src/usbd_hid.c ****   
 244:Middlewares/ST/STM32_USB_Device_Library/Class/HID/Src/usbd_hid.c **** //  0x15,   0x81,
 245:Middlewares/ST/STM32_USB_Device_Library/Class/HID/Src/usbd_hid.c **** //  0x25,   0x7F,
 246:Middlewares/ST/STM32_USB_Device_Library/Class/HID/Src/usbd_hid.c **** //  0x75,   0x08,
 247:Middlewares/ST/STM32_USB_Device_Library/Class/HID/Src/usbd_hid.c **** //  0x95,   0x03,
 248:Middlewares/ST/STM32_USB_Device_Library/Class/HID/Src/usbd_hid.c ****   
 249:Middlewares/ST/STM32_USB_Device_Library/Class/HID/Src/usbd_hid.c **** //  0x81,   0x06,
 250:Middlewares/ST/STM32_USB_Device_Library/Class/HID/Src/usbd_hid.c **** //  0xC0,   0x09,
 251:Middlewares/ST/STM32_USB_Device_Library/Class/HID/Src/usbd_hid.c **** //  0x3c,   0x05,
 252:Middlewares/ST/STM32_USB_Device_Library/Class/HID/Src/usbd_hid.c **** //  0xff,   0x09,
 253:Middlewares/ST/STM32_USB_Device_Library/Class/HID/Src/usbd_hid.c ****   
 254:Middlewares/ST/STM32_USB_Device_Library/Class/HID/Src/usbd_hid.c **** //  0x01,   0x15,
 255:Middlewares/ST/STM32_USB_Device_Library/Class/HID/Src/usbd_hid.c **** //  0x00,   0x25,
 256:Middlewares/ST/STM32_USB_Device_Library/Class/HID/Src/usbd_hid.c **** //  0x01,   0x75,
 257:Middlewares/ST/STM32_USB_Device_Library/Class/HID/Src/usbd_hid.c **** //  0x01,   0x95,
 258:Middlewares/ST/STM32_USB_Device_Library/Class/HID/Src/usbd_hid.c ****   
 259:Middlewares/ST/STM32_USB_Device_Library/Class/HID/Src/usbd_hid.c **** //  0x02,   0xb1,
 260:Middlewares/ST/STM32_USB_Device_Library/Class/HID/Src/usbd_hid.c **** //  0x22,   0x75,
 261:Middlewares/ST/STM32_USB_Device_Library/Class/HID/Src/usbd_hid.c **** //  0x06,   0x95,
 262:Middlewares/ST/STM32_USB_Device_Library/Class/HID/Src/usbd_hid.c **** //  0x01,   0xb1,
ARM GAS  /tmp/cchpTffj.s 			page 6


 263:Middlewares/ST/STM32_USB_Device_Library/Class/HID/Src/usbd_hid.c ****   
 264:Middlewares/ST/STM32_USB_Device_Library/Class/HID/Src/usbd_hid.c **** //  0x01,   0xc0
 265:Middlewares/ST/STM32_USB_Device_Library/Class/HID/Src/usbd_hid.c **** //};
 266:Middlewares/ST/STM32_USB_Device_Library/Class/HID/Src/usbd_hid.c **** 
 267:Middlewares/ST/STM32_USB_Device_Library/Class/HID/Src/usbd_hid.c **** __ALIGN_BEGIN static uint8_t HID_CUSTOM_ReportDesc[HID_CUSTOM_REPORT_DESC_SIZE]  __ALIGN_END =
 268:Middlewares/ST/STM32_USB_Device_Library/Class/HID/Src/usbd_hid.c **** {
 269:Middlewares/ST/STM32_USB_Device_Library/Class/HID/Src/usbd_hid.c ****   // 37 bytes
 270:Middlewares/ST/STM32_USB_Device_Library/Class/HID/Src/usbd_hid.c ****     0x05, 0x0C,        // Usage Page (Consumer)
 271:Middlewares/ST/STM32_USB_Device_Library/Class/HID/Src/usbd_hid.c ****     0x09, 0x01,        // Usage (Consumer Control)
 272:Middlewares/ST/STM32_USB_Device_Library/Class/HID/Src/usbd_hid.c ****     0xA1, 0x01,        // Collection (Application)
 273:Middlewares/ST/STM32_USB_Device_Library/Class/HID/Src/usbd_hid.c ****     0x85, 0x02,        //   Report ID (2)
 274:Middlewares/ST/STM32_USB_Device_Library/Class/HID/Src/usbd_hid.c ****     0x05, 0x0C,        //   Usage Page (Consumer)
 275:Middlewares/ST/STM32_USB_Device_Library/Class/HID/Src/usbd_hid.c ****     0x15, 0x00,        //   Logical Minimum (0)
 276:Middlewares/ST/STM32_USB_Device_Library/Class/HID/Src/usbd_hid.c ****     0x25, 0x01,        //   Logical Maximum (1)
 277:Middlewares/ST/STM32_USB_Device_Library/Class/HID/Src/usbd_hid.c ****     0x75, 0x01,        //   Report Size (1)
 278:Middlewares/ST/STM32_USB_Device_Library/Class/HID/Src/usbd_hid.c ****     0x95, 0x08,        //   Report Count (8)
 279:Middlewares/ST/STM32_USB_Device_Library/Class/HID/Src/usbd_hid.c ****     0x09, 0xB5,        //   Usage (Scan Next Track)
 280:Middlewares/ST/STM32_USB_Device_Library/Class/HID/Src/usbd_hid.c ****     0x09, 0xB6,        //   Usage (Scan Previous Track)
 281:Middlewares/ST/STM32_USB_Device_Library/Class/HID/Src/usbd_hid.c ****     0x09, 0xB7,        //   Usage (Stop)
 282:Middlewares/ST/STM32_USB_Device_Library/Class/HID/Src/usbd_hid.c ****     0x09, 0xB8,        //   Usage (Eject)
 283:Middlewares/ST/STM32_USB_Device_Library/Class/HID/Src/usbd_hid.c ****     0x09, 0xCD,        //   Usage (Play/Pause)
 284:Middlewares/ST/STM32_USB_Device_Library/Class/HID/Src/usbd_hid.c ****     0x09, 0xE2,        //   Usage (Mute)
 285:Middlewares/ST/STM32_USB_Device_Library/Class/HID/Src/usbd_hid.c ****     0x09, 0xE9,        //   Usage (Volume Increment)
 286:Middlewares/ST/STM32_USB_Device_Library/Class/HID/Src/usbd_hid.c ****     0x09, 0xEA,        //   Usage (Volume Decrement)
 287:Middlewares/ST/STM32_USB_Device_Library/Class/HID/Src/usbd_hid.c ****     0x81, 0x02,        //   Input (Data,Var,Abs,No Wrap,Linear,Preferred State,No Null Position)
 288:Middlewares/ST/STM32_USB_Device_Library/Class/HID/Src/usbd_hid.c ****     0xC0,              // End Collection
 289:Middlewares/ST/STM32_USB_Device_Library/Class/HID/Src/usbd_hid.c **** };
 290:Middlewares/ST/STM32_USB_Device_Library/Class/HID/Src/usbd_hid.c **** 
 291:Middlewares/ST/STM32_USB_Device_Library/Class/HID/Src/usbd_hid.c **** /**
 292:Middlewares/ST/STM32_USB_Device_Library/Class/HID/Src/usbd_hid.c ****   * @}
 293:Middlewares/ST/STM32_USB_Device_Library/Class/HID/Src/usbd_hid.c ****   */ 
 294:Middlewares/ST/STM32_USB_Device_Library/Class/HID/Src/usbd_hid.c **** 
 295:Middlewares/ST/STM32_USB_Device_Library/Class/HID/Src/usbd_hid.c **** /** @defgroup USBD_HID_Private_Functions
 296:Middlewares/ST/STM32_USB_Device_Library/Class/HID/Src/usbd_hid.c ****   * @{
 297:Middlewares/ST/STM32_USB_Device_Library/Class/HID/Src/usbd_hid.c ****   */ 
 298:Middlewares/ST/STM32_USB_Device_Library/Class/HID/Src/usbd_hid.c **** 
 299:Middlewares/ST/STM32_USB_Device_Library/Class/HID/Src/usbd_hid.c **** /**
 300:Middlewares/ST/STM32_USB_Device_Library/Class/HID/Src/usbd_hid.c ****   * @brief  USBD_HID_Init
 301:Middlewares/ST/STM32_USB_Device_Library/Class/HID/Src/usbd_hid.c ****   *         Initialize the HID interface
 302:Middlewares/ST/STM32_USB_Device_Library/Class/HID/Src/usbd_hid.c ****   * @param  pdev: device instance
 303:Middlewares/ST/STM32_USB_Device_Library/Class/HID/Src/usbd_hid.c ****   * @param  cfgidx: Configuration index
 304:Middlewares/ST/STM32_USB_Device_Library/Class/HID/Src/usbd_hid.c ****   * @retval status
 305:Middlewares/ST/STM32_USB_Device_Library/Class/HID/Src/usbd_hid.c ****   */
 306:Middlewares/ST/STM32_USB_Device_Library/Class/HID/Src/usbd_hid.c **** static uint8_t  USBD_HID_Init (USBD_HandleTypeDef *pdev, 
 307:Middlewares/ST/STM32_USB_Device_Library/Class/HID/Src/usbd_hid.c ****                                uint8_t cfgidx)
 308:Middlewares/ST/STM32_USB_Device_Library/Class/HID/Src/usbd_hid.c **** {
 309:Middlewares/ST/STM32_USB_Device_Library/Class/HID/Src/usbd_hid.c ****   uint8_t ret = 0;
 310:Middlewares/ST/STM32_USB_Device_Library/Class/HID/Src/usbd_hid.c ****   
 311:Middlewares/ST/STM32_USB_Device_Library/Class/HID/Src/usbd_hid.c ****   /* Open EP IN */
 312:Middlewares/ST/STM32_USB_Device_Library/Class/HID/Src/usbd_hid.c ****   USBD_LL_OpenEP(pdev,
 313:Middlewares/ST/STM32_USB_Device_Library/Class/HID/Src/usbd_hid.c ****                  HID_EPIN_ADDR,
 314:Middlewares/ST/STM32_USB_Device_Library/Class/HID/Src/usbd_hid.c ****                  USBD_EP_TYPE_INTR,
 315:Middlewares/ST/STM32_USB_Device_Library/Class/HID/Src/usbd_hid.c ****                  HID_EPIN_SIZE);  
 316:Middlewares/ST/STM32_USB_Device_Library/Class/HID/Src/usbd_hid.c ****   
 317:Middlewares/ST/STM32_USB_Device_Library/Class/HID/Src/usbd_hid.c ****   pdev->pClassData = USBD_malloc(sizeof (USBD_HID_HandleTypeDef));
 318:Middlewares/ST/STM32_USB_Device_Library/Class/HID/Src/usbd_hid.c ****   
 319:Middlewares/ST/STM32_USB_Device_Library/Class/HID/Src/usbd_hid.c ****   if(pdev->pClassData == NULL)
ARM GAS  /tmp/cchpTffj.s 			page 7


 320:Middlewares/ST/STM32_USB_Device_Library/Class/HID/Src/usbd_hid.c ****   {
 321:Middlewares/ST/STM32_USB_Device_Library/Class/HID/Src/usbd_hid.c ****     ret = 1; 
 322:Middlewares/ST/STM32_USB_Device_Library/Class/HID/Src/usbd_hid.c ****   }
 323:Middlewares/ST/STM32_USB_Device_Library/Class/HID/Src/usbd_hid.c ****   else
 324:Middlewares/ST/STM32_USB_Device_Library/Class/HID/Src/usbd_hid.c ****   {
 325:Middlewares/ST/STM32_USB_Device_Library/Class/HID/Src/usbd_hid.c ****     ((USBD_HID_HandleTypeDef *)pdev->pClassData)->state = HID_IDLE;
 326:Middlewares/ST/STM32_USB_Device_Library/Class/HID/Src/usbd_hid.c ****   }
 327:Middlewares/ST/STM32_USB_Device_Library/Class/HID/Src/usbd_hid.c ****   return ret;
 328:Middlewares/ST/STM32_USB_Device_Library/Class/HID/Src/usbd_hid.c **** }
 329:Middlewares/ST/STM32_USB_Device_Library/Class/HID/Src/usbd_hid.c **** 
 330:Middlewares/ST/STM32_USB_Device_Library/Class/HID/Src/usbd_hid.c **** /**
 331:Middlewares/ST/STM32_USB_Device_Library/Class/HID/Src/usbd_hid.c ****   * @brief  USBD_HID_Init
 332:Middlewares/ST/STM32_USB_Device_Library/Class/HID/Src/usbd_hid.c ****   *         DeInitialize the HID layer
 333:Middlewares/ST/STM32_USB_Device_Library/Class/HID/Src/usbd_hid.c ****   * @param  pdev: device instance
 334:Middlewares/ST/STM32_USB_Device_Library/Class/HID/Src/usbd_hid.c ****   * @param  cfgidx: Configuration index
 335:Middlewares/ST/STM32_USB_Device_Library/Class/HID/Src/usbd_hid.c ****   * @retval status
 336:Middlewares/ST/STM32_USB_Device_Library/Class/HID/Src/usbd_hid.c ****   */
 337:Middlewares/ST/STM32_USB_Device_Library/Class/HID/Src/usbd_hid.c **** static uint8_t  USBD_HID_DeInit (USBD_HandleTypeDef *pdev, 
 338:Middlewares/ST/STM32_USB_Device_Library/Class/HID/Src/usbd_hid.c ****                                  uint8_t cfgidx)
 339:Middlewares/ST/STM32_USB_Device_Library/Class/HID/Src/usbd_hid.c **** {
 340:Middlewares/ST/STM32_USB_Device_Library/Class/HID/Src/usbd_hid.c ****   /* Close HID EPs */
 341:Middlewares/ST/STM32_USB_Device_Library/Class/HID/Src/usbd_hid.c ****   USBD_LL_CloseEP(pdev,
 342:Middlewares/ST/STM32_USB_Device_Library/Class/HID/Src/usbd_hid.c ****                   HID_EPIN_ADDR);
 343:Middlewares/ST/STM32_USB_Device_Library/Class/HID/Src/usbd_hid.c ****   
 344:Middlewares/ST/STM32_USB_Device_Library/Class/HID/Src/usbd_hid.c ****   /* FRee allocated memory */
 345:Middlewares/ST/STM32_USB_Device_Library/Class/HID/Src/usbd_hid.c ****   if(pdev->pClassData != NULL)
 346:Middlewares/ST/STM32_USB_Device_Library/Class/HID/Src/usbd_hid.c ****   {
 347:Middlewares/ST/STM32_USB_Device_Library/Class/HID/Src/usbd_hid.c ****     USBD_free(pdev->pClassData);
 348:Middlewares/ST/STM32_USB_Device_Library/Class/HID/Src/usbd_hid.c ****     pdev->pClassData = NULL;
 349:Middlewares/ST/STM32_USB_Device_Library/Class/HID/Src/usbd_hid.c ****   } 
 350:Middlewares/ST/STM32_USB_Device_Library/Class/HID/Src/usbd_hid.c ****   
 351:Middlewares/ST/STM32_USB_Device_Library/Class/HID/Src/usbd_hid.c ****   return USBD_OK;
 352:Middlewares/ST/STM32_USB_Device_Library/Class/HID/Src/usbd_hid.c **** }
 353:Middlewares/ST/STM32_USB_Device_Library/Class/HID/Src/usbd_hid.c **** 
 354:Middlewares/ST/STM32_USB_Device_Library/Class/HID/Src/usbd_hid.c **** /**
 355:Middlewares/ST/STM32_USB_Device_Library/Class/HID/Src/usbd_hid.c ****   * @brief  USBD_HID_Setup
 356:Middlewares/ST/STM32_USB_Device_Library/Class/HID/Src/usbd_hid.c ****   *         Handle the HID specific requests
 357:Middlewares/ST/STM32_USB_Device_Library/Class/HID/Src/usbd_hid.c ****   * @param  pdev: instance
 358:Middlewares/ST/STM32_USB_Device_Library/Class/HID/Src/usbd_hid.c ****   * @param  req: usb requests
 359:Middlewares/ST/STM32_USB_Device_Library/Class/HID/Src/usbd_hid.c ****   * @retval status
 360:Middlewares/ST/STM32_USB_Device_Library/Class/HID/Src/usbd_hid.c ****   */
 361:Middlewares/ST/STM32_USB_Device_Library/Class/HID/Src/usbd_hid.c **** static uint8_t  USBD_HID_Setup (USBD_HandleTypeDef *pdev, 
 362:Middlewares/ST/STM32_USB_Device_Library/Class/HID/Src/usbd_hid.c ****                                 USBD_SetupReqTypedef *req)
 363:Middlewares/ST/STM32_USB_Device_Library/Class/HID/Src/usbd_hid.c **** {
 364:Middlewares/ST/STM32_USB_Device_Library/Class/HID/Src/usbd_hid.c ****   uint16_t len = 0;
 365:Middlewares/ST/STM32_USB_Device_Library/Class/HID/Src/usbd_hid.c ****   uint8_t  *pbuf = NULL;
 366:Middlewares/ST/STM32_USB_Device_Library/Class/HID/Src/usbd_hid.c ****   USBD_HID_HandleTypeDef     *hhid = (USBD_HID_HandleTypeDef*) pdev->pClassData;
 367:Middlewares/ST/STM32_USB_Device_Library/Class/HID/Src/usbd_hid.c ****   
 368:Middlewares/ST/STM32_USB_Device_Library/Class/HID/Src/usbd_hid.c ****   switch (req->bmRequest & USB_REQ_TYPE_MASK)
 369:Middlewares/ST/STM32_USB_Device_Library/Class/HID/Src/usbd_hid.c ****   {
 370:Middlewares/ST/STM32_USB_Device_Library/Class/HID/Src/usbd_hid.c ****   case USB_REQ_TYPE_CLASS :  
 371:Middlewares/ST/STM32_USB_Device_Library/Class/HID/Src/usbd_hid.c ****     switch (req->bRequest)
 372:Middlewares/ST/STM32_USB_Device_Library/Class/HID/Src/usbd_hid.c ****     {
 373:Middlewares/ST/STM32_USB_Device_Library/Class/HID/Src/usbd_hid.c ****       
 374:Middlewares/ST/STM32_USB_Device_Library/Class/HID/Src/usbd_hid.c ****       
 375:Middlewares/ST/STM32_USB_Device_Library/Class/HID/Src/usbd_hid.c ****     case HID_REQ_SET_PROTOCOL:
 376:Middlewares/ST/STM32_USB_Device_Library/Class/HID/Src/usbd_hid.c ****       hhid->Protocol = (uint8_t)(req->wValue);
ARM GAS  /tmp/cchpTffj.s 			page 8


 377:Middlewares/ST/STM32_USB_Device_Library/Class/HID/Src/usbd_hid.c ****       break;
 378:Middlewares/ST/STM32_USB_Device_Library/Class/HID/Src/usbd_hid.c ****       
 379:Middlewares/ST/STM32_USB_Device_Library/Class/HID/Src/usbd_hid.c ****     case HID_REQ_GET_PROTOCOL:
 380:Middlewares/ST/STM32_USB_Device_Library/Class/HID/Src/usbd_hid.c ****       USBD_CtlSendData (pdev, 
 381:Middlewares/ST/STM32_USB_Device_Library/Class/HID/Src/usbd_hid.c ****                         (uint8_t *)&hhid->Protocol,
 382:Middlewares/ST/STM32_USB_Device_Library/Class/HID/Src/usbd_hid.c ****                         1);    
 383:Middlewares/ST/STM32_USB_Device_Library/Class/HID/Src/usbd_hid.c ****       break;
 384:Middlewares/ST/STM32_USB_Device_Library/Class/HID/Src/usbd_hid.c ****       
 385:Middlewares/ST/STM32_USB_Device_Library/Class/HID/Src/usbd_hid.c ****     case HID_REQ_SET_IDLE:
 386:Middlewares/ST/STM32_USB_Device_Library/Class/HID/Src/usbd_hid.c ****       hhid->IdleState = (uint8_t)(req->wValue >> 8);
 387:Middlewares/ST/STM32_USB_Device_Library/Class/HID/Src/usbd_hid.c ****       break;
 388:Middlewares/ST/STM32_USB_Device_Library/Class/HID/Src/usbd_hid.c ****       
 389:Middlewares/ST/STM32_USB_Device_Library/Class/HID/Src/usbd_hid.c ****     case HID_REQ_GET_IDLE:
 390:Middlewares/ST/STM32_USB_Device_Library/Class/HID/Src/usbd_hid.c ****       USBD_CtlSendData (pdev, 
 391:Middlewares/ST/STM32_USB_Device_Library/Class/HID/Src/usbd_hid.c ****                         (uint8_t *)&hhid->IdleState,
 392:Middlewares/ST/STM32_USB_Device_Library/Class/HID/Src/usbd_hid.c ****                         1);        
 393:Middlewares/ST/STM32_USB_Device_Library/Class/HID/Src/usbd_hid.c ****       break;      
 394:Middlewares/ST/STM32_USB_Device_Library/Class/HID/Src/usbd_hid.c ****       
 395:Middlewares/ST/STM32_USB_Device_Library/Class/HID/Src/usbd_hid.c ****     default:
 396:Middlewares/ST/STM32_USB_Device_Library/Class/HID/Src/usbd_hid.c ****       USBD_CtlError (pdev, req);
 397:Middlewares/ST/STM32_USB_Device_Library/Class/HID/Src/usbd_hid.c ****       return USBD_FAIL; 
 398:Middlewares/ST/STM32_USB_Device_Library/Class/HID/Src/usbd_hid.c ****     }
 399:Middlewares/ST/STM32_USB_Device_Library/Class/HID/Src/usbd_hid.c ****     break;
 400:Middlewares/ST/STM32_USB_Device_Library/Class/HID/Src/usbd_hid.c ****     
 401:Middlewares/ST/STM32_USB_Device_Library/Class/HID/Src/usbd_hid.c ****   case USB_REQ_TYPE_STANDARD:
 402:Middlewares/ST/STM32_USB_Device_Library/Class/HID/Src/usbd_hid.c ****     switch (req->bRequest)
 403:Middlewares/ST/STM32_USB_Device_Library/Class/HID/Src/usbd_hid.c ****     {
 404:Middlewares/ST/STM32_USB_Device_Library/Class/HID/Src/usbd_hid.c ****     case USB_REQ_GET_DESCRIPTOR: 
 405:Middlewares/ST/STM32_USB_Device_Library/Class/HID/Src/usbd_hid.c ****       if( req->wValue >> 8 == HID_REPORT_DESC)
 406:Middlewares/ST/STM32_USB_Device_Library/Class/HID/Src/usbd_hid.c ****       {
 407:Middlewares/ST/STM32_USB_Device_Library/Class/HID/Src/usbd_hid.c ****         len = MIN(HID_CUSTOM_REPORT_DESC_SIZE , req->wLength);
 408:Middlewares/ST/STM32_USB_Device_Library/Class/HID/Src/usbd_hid.c ****         pbuf = HID_CUSTOM_ReportDesc;
 409:Middlewares/ST/STM32_USB_Device_Library/Class/HID/Src/usbd_hid.c ****       }
 410:Middlewares/ST/STM32_USB_Device_Library/Class/HID/Src/usbd_hid.c ****       else if( req->wValue >> 8 == HID_DESCRIPTOR_TYPE)
 411:Middlewares/ST/STM32_USB_Device_Library/Class/HID/Src/usbd_hid.c ****       {
 412:Middlewares/ST/STM32_USB_Device_Library/Class/HID/Src/usbd_hid.c ****         pbuf = USBD_HID_Desc;   
 413:Middlewares/ST/STM32_USB_Device_Library/Class/HID/Src/usbd_hid.c ****         len = MIN(USB_HID_DESC_SIZ , req->wLength);
 414:Middlewares/ST/STM32_USB_Device_Library/Class/HID/Src/usbd_hid.c ****       }
 415:Middlewares/ST/STM32_USB_Device_Library/Class/HID/Src/usbd_hid.c ****       
 416:Middlewares/ST/STM32_USB_Device_Library/Class/HID/Src/usbd_hid.c ****       USBD_CtlSendData (pdev, 
 417:Middlewares/ST/STM32_USB_Device_Library/Class/HID/Src/usbd_hid.c ****                         pbuf,
 418:Middlewares/ST/STM32_USB_Device_Library/Class/HID/Src/usbd_hid.c ****                         len);
 419:Middlewares/ST/STM32_USB_Device_Library/Class/HID/Src/usbd_hid.c ****       
 420:Middlewares/ST/STM32_USB_Device_Library/Class/HID/Src/usbd_hid.c ****       break;
 421:Middlewares/ST/STM32_USB_Device_Library/Class/HID/Src/usbd_hid.c ****       
 422:Middlewares/ST/STM32_USB_Device_Library/Class/HID/Src/usbd_hid.c ****     case USB_REQ_GET_INTERFACE :
 423:Middlewares/ST/STM32_USB_Device_Library/Class/HID/Src/usbd_hid.c ****       USBD_CtlSendData (pdev,
 424:Middlewares/ST/STM32_USB_Device_Library/Class/HID/Src/usbd_hid.c ****                         (uint8_t *)&hhid->AltSetting,
 425:Middlewares/ST/STM32_USB_Device_Library/Class/HID/Src/usbd_hid.c ****                         1);
 426:Middlewares/ST/STM32_USB_Device_Library/Class/HID/Src/usbd_hid.c ****       break;
 427:Middlewares/ST/STM32_USB_Device_Library/Class/HID/Src/usbd_hid.c ****       
 428:Middlewares/ST/STM32_USB_Device_Library/Class/HID/Src/usbd_hid.c ****     case USB_REQ_SET_INTERFACE :
 429:Middlewares/ST/STM32_USB_Device_Library/Class/HID/Src/usbd_hid.c ****       hhid->AltSetting = (uint8_t)(req->wValue);
 430:Middlewares/ST/STM32_USB_Device_Library/Class/HID/Src/usbd_hid.c ****       break;
 431:Middlewares/ST/STM32_USB_Device_Library/Class/HID/Src/usbd_hid.c ****     }
 432:Middlewares/ST/STM32_USB_Device_Library/Class/HID/Src/usbd_hid.c ****   }
 433:Middlewares/ST/STM32_USB_Device_Library/Class/HID/Src/usbd_hid.c ****   return USBD_OK;
ARM GAS  /tmp/cchpTffj.s 			page 9


 434:Middlewares/ST/STM32_USB_Device_Library/Class/HID/Src/usbd_hid.c **** }
 435:Middlewares/ST/STM32_USB_Device_Library/Class/HID/Src/usbd_hid.c **** 
 436:Middlewares/ST/STM32_USB_Device_Library/Class/HID/Src/usbd_hid.c **** /**
 437:Middlewares/ST/STM32_USB_Device_Library/Class/HID/Src/usbd_hid.c ****   * @brief  USBD_HID_SendReport 
 438:Middlewares/ST/STM32_USB_Device_Library/Class/HID/Src/usbd_hid.c ****   *         Send HID Report
 439:Middlewares/ST/STM32_USB_Device_Library/Class/HID/Src/usbd_hid.c ****   * @param  pdev: device instance
 440:Middlewares/ST/STM32_USB_Device_Library/Class/HID/Src/usbd_hid.c ****   * @param  buff: pointer to report
 441:Middlewares/ST/STM32_USB_Device_Library/Class/HID/Src/usbd_hid.c ****   * @retval status
 442:Middlewares/ST/STM32_USB_Device_Library/Class/HID/Src/usbd_hid.c ****   */
 443:Middlewares/ST/STM32_USB_Device_Library/Class/HID/Src/usbd_hid.c **** uint8_t USBD_HID_SendReport     (USBD_HandleTypeDef  *pdev, 
 444:Middlewares/ST/STM32_USB_Device_Library/Class/HID/Src/usbd_hid.c ****                                  uint8_t *report,
 445:Middlewares/ST/STM32_USB_Device_Library/Class/HID/Src/usbd_hid.c ****                                  uint16_t len)
 446:Middlewares/ST/STM32_USB_Device_Library/Class/HID/Src/usbd_hid.c **** {
 447:Middlewares/ST/STM32_USB_Device_Library/Class/HID/Src/usbd_hid.c ****   USBD_HID_HandleTypeDef     *hhid = (USBD_HID_HandleTypeDef*)pdev->pClassData;
 448:Middlewares/ST/STM32_USB_Device_Library/Class/HID/Src/usbd_hid.c ****   
 449:Middlewares/ST/STM32_USB_Device_Library/Class/HID/Src/usbd_hid.c ****   if (pdev->dev_state == USBD_STATE_CONFIGURED )
 450:Middlewares/ST/STM32_USB_Device_Library/Class/HID/Src/usbd_hid.c ****   {
 451:Middlewares/ST/STM32_USB_Device_Library/Class/HID/Src/usbd_hid.c ****     if(hhid->state == HID_IDLE)
 452:Middlewares/ST/STM32_USB_Device_Library/Class/HID/Src/usbd_hid.c ****     {
 453:Middlewares/ST/STM32_USB_Device_Library/Class/HID/Src/usbd_hid.c ****       hhid->state = HID_BUSY;
 454:Middlewares/ST/STM32_USB_Device_Library/Class/HID/Src/usbd_hid.c ****       USBD_LL_Transmit (pdev, 
 455:Middlewares/ST/STM32_USB_Device_Library/Class/HID/Src/usbd_hid.c ****                         HID_EPIN_ADDR,                                      
 456:Middlewares/ST/STM32_USB_Device_Library/Class/HID/Src/usbd_hid.c ****                         report,
 457:Middlewares/ST/STM32_USB_Device_Library/Class/HID/Src/usbd_hid.c ****                         len);
 458:Middlewares/ST/STM32_USB_Device_Library/Class/HID/Src/usbd_hid.c ****     }
 459:Middlewares/ST/STM32_USB_Device_Library/Class/HID/Src/usbd_hid.c ****   }
 460:Middlewares/ST/STM32_USB_Device_Library/Class/HID/Src/usbd_hid.c ****   return USBD_OK;
 461:Middlewares/ST/STM32_USB_Device_Library/Class/HID/Src/usbd_hid.c **** }
 462:Middlewares/ST/STM32_USB_Device_Library/Class/HID/Src/usbd_hid.c **** 
 463:Middlewares/ST/STM32_USB_Device_Library/Class/HID/Src/usbd_hid.c **** /**
 464:Middlewares/ST/STM32_USB_Device_Library/Class/HID/Src/usbd_hid.c ****   * @brief  USBD_HID_GetPollingInterval 
 465:Middlewares/ST/STM32_USB_Device_Library/Class/HID/Src/usbd_hid.c ****   *         return polling interval from endpoint descriptor
 466:Middlewares/ST/STM32_USB_Device_Library/Class/HID/Src/usbd_hid.c ****   * @param  pdev: device instance
 467:Middlewares/ST/STM32_USB_Device_Library/Class/HID/Src/usbd_hid.c ****   * @retval polling interval
 468:Middlewares/ST/STM32_USB_Device_Library/Class/HID/Src/usbd_hid.c ****   */
 469:Middlewares/ST/STM32_USB_Device_Library/Class/HID/Src/usbd_hid.c **** uint32_t USBD_HID_GetPollingInterval (USBD_HandleTypeDef *pdev)
 470:Middlewares/ST/STM32_USB_Device_Library/Class/HID/Src/usbd_hid.c **** {
 471:Middlewares/ST/STM32_USB_Device_Library/Class/HID/Src/usbd_hid.c ****   uint32_t polling_interval = 0;
 472:Middlewares/ST/STM32_USB_Device_Library/Class/HID/Src/usbd_hid.c **** 
 473:Middlewares/ST/STM32_USB_Device_Library/Class/HID/Src/usbd_hid.c ****   /* HIGH-speed endpoints */
 474:Middlewares/ST/STM32_USB_Device_Library/Class/HID/Src/usbd_hid.c ****   if(pdev->dev_speed == USBD_SPEED_HIGH)
 475:Middlewares/ST/STM32_USB_Device_Library/Class/HID/Src/usbd_hid.c ****   {
 476:Middlewares/ST/STM32_USB_Device_Library/Class/HID/Src/usbd_hid.c ****    /* Sets the data transfer polling interval for high speed transfers. 
 477:Middlewares/ST/STM32_USB_Device_Library/Class/HID/Src/usbd_hid.c ****     Values between 1..16 are allowed. Values correspond to interval 
 478:Middlewares/ST/STM32_USB_Device_Library/Class/HID/Src/usbd_hid.c ****     of 2 ^ (bInterval-1). This option (8 ms, corresponds to HID_HS_BINTERVAL */
 479:Middlewares/ST/STM32_USB_Device_Library/Class/HID/Src/usbd_hid.c ****     polling_interval = (((1 <<(HID_HS_BINTERVAL - 1)))/8);
 480:Middlewares/ST/STM32_USB_Device_Library/Class/HID/Src/usbd_hid.c ****   }
 481:Middlewares/ST/STM32_USB_Device_Library/Class/HID/Src/usbd_hid.c ****   else   /* LOW and FULL-speed endpoints */
 482:Middlewares/ST/STM32_USB_Device_Library/Class/HID/Src/usbd_hid.c ****   {
 483:Middlewares/ST/STM32_USB_Device_Library/Class/HID/Src/usbd_hid.c ****     /* Sets the data transfer polling interval for low and full 
 484:Middlewares/ST/STM32_USB_Device_Library/Class/HID/Src/usbd_hid.c ****     speed transfers */
 485:Middlewares/ST/STM32_USB_Device_Library/Class/HID/Src/usbd_hid.c ****     polling_interval =  HID_FS_BINTERVAL;
 486:Middlewares/ST/STM32_USB_Device_Library/Class/HID/Src/usbd_hid.c ****   }
 487:Middlewares/ST/STM32_USB_Device_Library/Class/HID/Src/usbd_hid.c ****   
 488:Middlewares/ST/STM32_USB_Device_Library/Class/HID/Src/usbd_hid.c ****   return ((uint32_t)(polling_interval));
 489:Middlewares/ST/STM32_USB_Device_Library/Class/HID/Src/usbd_hid.c **** }
 490:Middlewares/ST/STM32_USB_Device_Library/Class/HID/Src/usbd_hid.c **** 
ARM GAS  /tmp/cchpTffj.s 			page 10


 491:Middlewares/ST/STM32_USB_Device_Library/Class/HID/Src/usbd_hid.c **** /**
 492:Middlewares/ST/STM32_USB_Device_Library/Class/HID/Src/usbd_hid.c ****   * @brief  USBD_HID_GetCfgDesc 
 493:Middlewares/ST/STM32_USB_Device_Library/Class/HID/Src/usbd_hid.c ****   *         return configuration descriptor
 494:Middlewares/ST/STM32_USB_Device_Library/Class/HID/Src/usbd_hid.c ****   * @param  speed : current device speed
 495:Middlewares/ST/STM32_USB_Device_Library/Class/HID/Src/usbd_hid.c ****   * @param  length : pointer data length
 496:Middlewares/ST/STM32_USB_Device_Library/Class/HID/Src/usbd_hid.c ****   * @retval pointer to descriptor buffer
 497:Middlewares/ST/STM32_USB_Device_Library/Class/HID/Src/usbd_hid.c ****   */
 498:Middlewares/ST/STM32_USB_Device_Library/Class/HID/Src/usbd_hid.c **** static uint8_t  *USBD_HID_GetCfgDesc (uint16_t *length)
 499:Middlewares/ST/STM32_USB_Device_Library/Class/HID/Src/usbd_hid.c **** {
  25              		.loc 1 499 0
  26              		.cfi_startproc
  27              		@ args = 0, pretend = 0, frame = 0
  28              		@ frame_needed = 0, uses_anonymous_args = 0
  29              		@ link register save eliminated.
  30              	.LVL0:
 500:Middlewares/ST/STM32_USB_Device_Library/Class/HID/Src/usbd_hid.c ****   *length = sizeof (USBD_HID_CfgDesc);
  31              		.loc 1 500 0
  32 0000 2223     		movs	r3, #34
  33 0002 0380     		strh	r3, [r0]	@ movhi
 501:Middlewares/ST/STM32_USB_Device_Library/Class/HID/Src/usbd_hid.c ****   return USBD_HID_CfgDesc;
 502:Middlewares/ST/STM32_USB_Device_Library/Class/HID/Src/usbd_hid.c **** }
  34              		.loc 1 502 0
  35 0004 0048     		ldr	r0, .L2
  36              	.LVL1:
  37 0006 7047     		bx	lr
  38              	.L3:
  39              		.align	2
  40              	.L2:
  41 0008 00000000 		.word	.LANCHOR0
  42              		.cfi_endproc
  43              	.LFE69:
  45              		.section	.text.USBD_HID_DataIn,"ax",%progbits
  46              		.align	1
  47              		.syntax unified
  48              		.thumb
  49              		.thumb_func
  50              		.fpu softvfp
  52              	USBD_HID_DataIn:
  53              	.LFB70:
 503:Middlewares/ST/STM32_USB_Device_Library/Class/HID/Src/usbd_hid.c **** 
 504:Middlewares/ST/STM32_USB_Device_Library/Class/HID/Src/usbd_hid.c **** 
 505:Middlewares/ST/STM32_USB_Device_Library/Class/HID/Src/usbd_hid.c **** /**
 506:Middlewares/ST/STM32_USB_Device_Library/Class/HID/Src/usbd_hid.c ****   * @brief  USBD_HID_DataIn
 507:Middlewares/ST/STM32_USB_Device_Library/Class/HID/Src/usbd_hid.c ****   *         handle data IN Stage
 508:Middlewares/ST/STM32_USB_Device_Library/Class/HID/Src/usbd_hid.c ****   * @param  pdev: device instance
 509:Middlewares/ST/STM32_USB_Device_Library/Class/HID/Src/usbd_hid.c ****   * @param  epnum: endpoint index
 510:Middlewares/ST/STM32_USB_Device_Library/Class/HID/Src/usbd_hid.c ****   * @retval status
 511:Middlewares/ST/STM32_USB_Device_Library/Class/HID/Src/usbd_hid.c ****   */
 512:Middlewares/ST/STM32_USB_Device_Library/Class/HID/Src/usbd_hid.c **** static uint8_t  USBD_HID_DataIn (USBD_HandleTypeDef *pdev, 
 513:Middlewares/ST/STM32_USB_Device_Library/Class/HID/Src/usbd_hid.c ****                               uint8_t epnum)
 514:Middlewares/ST/STM32_USB_Device_Library/Class/HID/Src/usbd_hid.c **** {
  54              		.loc 1 514 0
  55              		.cfi_startproc
  56              		@ args = 0, pretend = 0, frame = 0
  57              		@ frame_needed = 0, uses_anonymous_args = 0
  58              		@ link register save eliminated.
  59              	.LVL2:
ARM GAS  /tmp/cchpTffj.s 			page 11


 515:Middlewares/ST/STM32_USB_Device_Library/Class/HID/Src/usbd_hid.c ****   
 516:Middlewares/ST/STM32_USB_Device_Library/Class/HID/Src/usbd_hid.c ****   /* Ensure that the FIFO is empty before a new transfer, this condition could 
 517:Middlewares/ST/STM32_USB_Device_Library/Class/HID/Src/usbd_hid.c ****   be caused by  a new transfer before the end of the previous transfer */
 518:Middlewares/ST/STM32_USB_Device_Library/Class/HID/Src/usbd_hid.c ****   ((USBD_HID_HandleTypeDef *)pdev->pClassData)->state = HID_IDLE;
  60              		.loc 1 518 0
  61 0000 D0F81832 		ldr	r3, [r0, #536]
  62 0004 0020     		movs	r0, #0
  63              	.LVL3:
  64 0006 1873     		strb	r0, [r3, #12]
 519:Middlewares/ST/STM32_USB_Device_Library/Class/HID/Src/usbd_hid.c ****   return USBD_OK;
 520:Middlewares/ST/STM32_USB_Device_Library/Class/HID/Src/usbd_hid.c **** }
  65              		.loc 1 520 0
  66 0008 7047     		bx	lr
  67              		.cfi_endproc
  68              	.LFE70:
  70              		.section	.text.USBD_HID_GetDeviceQualifierDesc,"ax",%progbits
  71              		.align	1
  72              		.syntax unified
  73              		.thumb
  74              		.thumb_func
  75              		.fpu softvfp
  77              	USBD_HID_GetDeviceQualifierDesc:
  78              	.LFB71:
 521:Middlewares/ST/STM32_USB_Device_Library/Class/HID/Src/usbd_hid.c **** 
 522:Middlewares/ST/STM32_USB_Device_Library/Class/HID/Src/usbd_hid.c **** 
 523:Middlewares/ST/STM32_USB_Device_Library/Class/HID/Src/usbd_hid.c **** /**
 524:Middlewares/ST/STM32_USB_Device_Library/Class/HID/Src/usbd_hid.c **** * @brief  DeviceQualifierDescriptor 
 525:Middlewares/ST/STM32_USB_Device_Library/Class/HID/Src/usbd_hid.c **** *         return Device Qualifier descriptor
 526:Middlewares/ST/STM32_USB_Device_Library/Class/HID/Src/usbd_hid.c **** * @param  length : pointer data length
 527:Middlewares/ST/STM32_USB_Device_Library/Class/HID/Src/usbd_hid.c **** * @retval pointer to descriptor buffer
 528:Middlewares/ST/STM32_USB_Device_Library/Class/HID/Src/usbd_hid.c **** */
 529:Middlewares/ST/STM32_USB_Device_Library/Class/HID/Src/usbd_hid.c **** static uint8_t  *USBD_HID_GetDeviceQualifierDesc (uint16_t *length)
 530:Middlewares/ST/STM32_USB_Device_Library/Class/HID/Src/usbd_hid.c **** {
  79              		.loc 1 530 0
  80              		.cfi_startproc
  81              		@ args = 0, pretend = 0, frame = 0
  82              		@ frame_needed = 0, uses_anonymous_args = 0
  83              		@ link register save eliminated.
  84              	.LVL4:
 531:Middlewares/ST/STM32_USB_Device_Library/Class/HID/Src/usbd_hid.c ****   *length = sizeof (USBD_HID_DeviceQualifierDesc);
  85              		.loc 1 531 0
  86 0000 0A23     		movs	r3, #10
  87 0002 0380     		strh	r3, [r0]	@ movhi
 532:Middlewares/ST/STM32_USB_Device_Library/Class/HID/Src/usbd_hid.c ****   return USBD_HID_DeviceQualifierDesc;
 533:Middlewares/ST/STM32_USB_Device_Library/Class/HID/Src/usbd_hid.c **** }
  88              		.loc 1 533 0
  89 0004 0048     		ldr	r0, .L6
  90              	.LVL5:
  91 0006 7047     		bx	lr
  92              	.L7:
  93              		.align	2
  94              	.L6:
  95 0008 00000000 		.word	.LANCHOR1
  96              		.cfi_endproc
  97              	.LFE71:
  99              		.section	.text.USBD_HID_Setup,"ax",%progbits
 100              		.align	1
ARM GAS  /tmp/cchpTffj.s 			page 12


 101              		.syntax unified
 102              		.thumb
 103              		.thumb_func
 104              		.fpu softvfp
 106              	USBD_HID_Setup:
 107              	.LFB66:
 363:Middlewares/ST/STM32_USB_Device_Library/Class/HID/Src/usbd_hid.c ****   uint16_t len = 0;
 108              		.loc 1 363 0
 109              		.cfi_startproc
 110              		@ args = 0, pretend = 0, frame = 0
 111              		@ frame_needed = 0, uses_anonymous_args = 0
 112              	.LVL6:
 113 0000 10B5     		push	{r4, lr}
 114              	.LCFI0:
 115              		.cfi_def_cfa_offset 8
 116              		.cfi_offset 4, -8
 117              		.cfi_offset 14, -4
 118              	.LVL7:
 366:Middlewares/ST/STM32_USB_Device_Library/Class/HID/Src/usbd_hid.c ****   
 119              		.loc 1 366 0
 120 0002 D0F81842 		ldr	r4, [r0, #536]
 121              	.LVL8:
 368:Middlewares/ST/STM32_USB_Device_Library/Class/HID/Src/usbd_hid.c ****   {
 122              		.loc 1 368 0
 123 0006 0B78     		ldrb	r3, [r1]	@ zero_extendqisi2
 124 0008 13F06003 		ands	r3, r3, #96
 125 000c 25D0     		beq	.L10
 126 000e 202B     		cmp	r3, #32
 127 0010 4FD1     		bne	.L26
 371:Middlewares/ST/STM32_USB_Device_Library/Class/HID/Src/usbd_hid.c ****     {
 128              		.loc 1 371 0
 129 0012 4B78     		ldrb	r3, [r1, #1]	@ zero_extendqisi2
 130 0014 023B     		subs	r3, r3, #2
 131 0016 092B     		cmp	r3, #9
 132 0018 1BD8     		bhi	.L12
 133 001a DFE803F0 		tbb	[pc, r3]
 134              	.L14:
 135 001e 14       		.byte	(.L13-.L14)/2
 136 001f 09       		.byte	(.L15-.L14)/2
 137 0020 1A       		.byte	(.L12-.L14)/2
 138 0021 1A       		.byte	(.L12-.L14)/2
 139 0022 1A       		.byte	(.L12-.L14)/2
 140 0023 1A       		.byte	(.L12-.L14)/2
 141 0024 1A       		.byte	(.L12-.L14)/2
 142 0025 1A       		.byte	(.L12-.L14)/2
 143 0026 0F       		.byte	(.L16-.L14)/2
 144 0027 05       		.byte	(.L17-.L14)/2
 145              		.p2align 1
 146              	.L17:
 376:Middlewares/ST/STM32_USB_Device_Library/Class/HID/Src/usbd_hid.c ****       break;
 147              		.loc 1 376 0
 148 0028 8B78     		ldrb	r3, [r1, #2]	@ zero_extendqisi2
 149 002a 2360     		str	r3, [r4]
 433:Middlewares/ST/STM32_USB_Device_Library/Class/HID/Src/usbd_hid.c **** }
 150              		.loc 1 433 0
 151 002c 0020     		movs	r0, #0
 152              	.LVL9:
ARM GAS  /tmp/cchpTffj.s 			page 13


 377:Middlewares/ST/STM32_USB_Device_Library/Class/HID/Src/usbd_hid.c ****       
 153              		.loc 1 377 0
 154 002e 10BD     		pop	{r4, pc}
 155              	.LVL10:
 156              	.L15:
 380:Middlewares/ST/STM32_USB_Device_Library/Class/HID/Src/usbd_hid.c ****                         (uint8_t *)&hhid->Protocol,
 157              		.loc 1 380 0
 158 0030 0122     		movs	r2, #1
 159 0032 2146     		mov	r1, r4
 160              	.LVL11:
 161 0034 FFF7FEFF 		bl	USBD_CtlSendData
 162              	.LVL12:
 433:Middlewares/ST/STM32_USB_Device_Library/Class/HID/Src/usbd_hid.c **** }
 163              		.loc 1 433 0
 164 0038 0020     		movs	r0, #0
 383:Middlewares/ST/STM32_USB_Device_Library/Class/HID/Src/usbd_hid.c ****       
 165              		.loc 1 383 0
 166 003a 10BD     		pop	{r4, pc}
 167              	.LVL13:
 168              	.L16:
 386:Middlewares/ST/STM32_USB_Device_Library/Class/HID/Src/usbd_hid.c ****       break;
 169              		.loc 1 386 0
 170 003c 4B88     		ldrh	r3, [r1, #2]
 171 003e 1B0A     		lsrs	r3, r3, #8
 172 0040 6360     		str	r3, [r4, #4]
 433:Middlewares/ST/STM32_USB_Device_Library/Class/HID/Src/usbd_hid.c **** }
 173              		.loc 1 433 0
 174 0042 0020     		movs	r0, #0
 175              	.LVL14:
 387:Middlewares/ST/STM32_USB_Device_Library/Class/HID/Src/usbd_hid.c ****       
 176              		.loc 1 387 0
 177 0044 10BD     		pop	{r4, pc}
 178              	.LVL15:
 179              	.L13:
 390:Middlewares/ST/STM32_USB_Device_Library/Class/HID/Src/usbd_hid.c ****                         (uint8_t *)&hhid->IdleState,
 180              		.loc 1 390 0
 181 0046 0122     		movs	r2, #1
 182 0048 211D     		adds	r1, r4, #4
 183              	.LVL16:
 184 004a FFF7FEFF 		bl	USBD_CtlSendData
 185              	.LVL17:
 433:Middlewares/ST/STM32_USB_Device_Library/Class/HID/Src/usbd_hid.c **** }
 186              		.loc 1 433 0
 187 004e 0020     		movs	r0, #0
 393:Middlewares/ST/STM32_USB_Device_Library/Class/HID/Src/usbd_hid.c ****       
 188              		.loc 1 393 0
 189 0050 10BD     		pop	{r4, pc}
 190              	.LVL18:
 191              	.L12:
 396:Middlewares/ST/STM32_USB_Device_Library/Class/HID/Src/usbd_hid.c ****       return USBD_FAIL; 
 192              		.loc 1 396 0
 193 0052 FFF7FEFF 		bl	USBD_CtlError
 194              	.LVL19:
 397:Middlewares/ST/STM32_USB_Device_Library/Class/HID/Src/usbd_hid.c ****     }
 195              		.loc 1 397 0
 196 0056 0220     		movs	r0, #2
 197 0058 10BD     		pop	{r4, pc}
ARM GAS  /tmp/cchpTffj.s 			page 14


 198              	.LVL20:
 199              	.L10:
 402:Middlewares/ST/STM32_USB_Device_Library/Class/HID/Src/usbd_hid.c ****     {
 200              		.loc 1 402 0
 201 005a 4B78     		ldrb	r3, [r1, #1]	@ zero_extendqisi2
 202 005c 0A2B     		cmp	r3, #10
 203 005e 1DD0     		beq	.L18
 204 0060 0B2B     		cmp	r3, #11
 205 0062 22D0     		beq	.L19
 206 0064 062B     		cmp	r3, #6
 207 0066 01D0     		beq	.L29
 433:Middlewares/ST/STM32_USB_Device_Library/Class/HID/Src/usbd_hid.c **** }
 208              		.loc 1 433 0
 209 0068 0020     		movs	r0, #0
 210              	.LVL21:
 434:Middlewares/ST/STM32_USB_Device_Library/Class/HID/Src/usbd_hid.c **** 
 211              		.loc 1 434 0
 212 006a 10BD     		pop	{r4, pc}
 213              	.LVL22:
 214              	.L29:
 405:Middlewares/ST/STM32_USB_Device_Library/Class/HID/Src/usbd_hid.c ****       {
 215              		.loc 1 405 0
 216 006c 4B88     		ldrh	r3, [r1, #2]
 217 006e 1B0A     		lsrs	r3, r3, #8
 218 0070 222B     		cmp	r3, #34
 219 0072 07D0     		beq	.L30
 410:Middlewares/ST/STM32_USB_Device_Library/Class/HID/Src/usbd_hid.c ****       {
 220              		.loc 1 410 0
 221 0074 212B     		cmp	r3, #33
 222 0076 0BD0     		beq	.L31
 365:Middlewares/ST/STM32_USB_Device_Library/Class/HID/Src/usbd_hid.c ****   USBD_HID_HandleTypeDef     *hhid = (USBD_HID_HandleTypeDef*) pdev->pClassData;
 223              		.loc 1 365 0
 224 0078 0021     		movs	r1, #0
 225              	.LVL23:
 364:Middlewares/ST/STM32_USB_Device_Library/Class/HID/Src/usbd_hid.c ****   uint8_t  *pbuf = NULL;
 226              		.loc 1 364 0
 227 007a 0A46     		mov	r2, r1
 228              	.LVL24:
 229              	.L22:
 416:Middlewares/ST/STM32_USB_Device_Library/Class/HID/Src/usbd_hid.c ****                         pbuf,
 230              		.loc 1 416 0
 231 007c FFF7FEFF 		bl	USBD_CtlSendData
 232              	.LVL25:
 433:Middlewares/ST/STM32_USB_Device_Library/Class/HID/Src/usbd_hid.c **** }
 233              		.loc 1 433 0
 234 0080 0020     		movs	r0, #0
 420:Middlewares/ST/STM32_USB_Device_Library/Class/HID/Src/usbd_hid.c ****       
 235              		.loc 1 420 0
 236 0082 10BD     		pop	{r4, pc}
 237              	.LVL26:
 238              	.L30:
 407:Middlewares/ST/STM32_USB_Device_Library/Class/HID/Src/usbd_hid.c ****         pbuf = HID_CUSTOM_ReportDesc;
 239              		.loc 1 407 0
 240 0084 CA88     		ldrh	r2, [r1, #6]
 241 0086 252A     		cmp	r2, #37
 242 0088 28BF     		it	cs
 243 008a 2522     		movcs	r2, #37
ARM GAS  /tmp/cchpTffj.s 			page 15


 244              	.LVL27:
 408:Middlewares/ST/STM32_USB_Device_Library/Class/HID/Src/usbd_hid.c ****       }
 245              		.loc 1 408 0
 246 008c 0A49     		ldr	r1, .L32
 247              	.LVL28:
 248 008e F5E7     		b	.L22
 249              	.LVL29:
 250              	.L31:
 413:Middlewares/ST/STM32_USB_Device_Library/Class/HID/Src/usbd_hid.c ****       }
 251              		.loc 1 413 0
 252 0090 CA88     		ldrh	r2, [r1, #6]
 253 0092 092A     		cmp	r2, #9
 254 0094 28BF     		it	cs
 255 0096 0922     		movcs	r2, #9
 256              	.LVL30:
 412:Middlewares/ST/STM32_USB_Device_Library/Class/HID/Src/usbd_hid.c ****         len = MIN(USB_HID_DESC_SIZ , req->wLength);
 257              		.loc 1 412 0
 258 0098 0849     		ldr	r1, .L32+4
 259              	.LVL31:
 260 009a EFE7     		b	.L22
 261              	.LVL32:
 262              	.L18:
 423:Middlewares/ST/STM32_USB_Device_Library/Class/HID/Src/usbd_hid.c ****                         (uint8_t *)&hhid->AltSetting,
 263              		.loc 1 423 0
 264 009c 0122     		movs	r2, #1
 265 009e 04F10801 		add	r1, r4, #8
 266              	.LVL33:
 267 00a2 FFF7FEFF 		bl	USBD_CtlSendData
 268              	.LVL34:
 433:Middlewares/ST/STM32_USB_Device_Library/Class/HID/Src/usbd_hid.c **** }
 269              		.loc 1 433 0
 270 00a6 0020     		movs	r0, #0
 426:Middlewares/ST/STM32_USB_Device_Library/Class/HID/Src/usbd_hid.c ****       
 271              		.loc 1 426 0
 272 00a8 10BD     		pop	{r4, pc}
 273              	.LVL35:
 274              	.L19:
 429:Middlewares/ST/STM32_USB_Device_Library/Class/HID/Src/usbd_hid.c ****       break;
 275              		.loc 1 429 0
 276 00aa 8B78     		ldrb	r3, [r1, #2]	@ zero_extendqisi2
 277 00ac A360     		str	r3, [r4, #8]
 433:Middlewares/ST/STM32_USB_Device_Library/Class/HID/Src/usbd_hid.c **** }
 278              		.loc 1 433 0
 279 00ae 0020     		movs	r0, #0
 280              	.LVL36:
 430:Middlewares/ST/STM32_USB_Device_Library/Class/HID/Src/usbd_hid.c ****     }
 281              		.loc 1 430 0
 282 00b0 10BD     		pop	{r4, pc}
 283              	.LVL37:
 284              	.L26:
 433:Middlewares/ST/STM32_USB_Device_Library/Class/HID/Src/usbd_hid.c **** }
 285              		.loc 1 433 0
 286 00b2 0020     		movs	r0, #0
 287              	.LVL38:
 288 00b4 10BD     		pop	{r4, pc}
 289              	.LVL39:
 290              	.L33:
ARM GAS  /tmp/cchpTffj.s 			page 16


 291 00b6 00BF     		.align	2
 292              	.L32:
 293 00b8 00000000 		.word	.LANCHOR2
 294 00bc 00000000 		.word	.LANCHOR3
 295              		.cfi_endproc
 296              	.LFE66:
 298              		.section	.text.USBD_HID_DeInit,"ax",%progbits
 299              		.align	1
 300              		.syntax unified
 301              		.thumb
 302              		.thumb_func
 303              		.fpu softvfp
 305              	USBD_HID_DeInit:
 306              	.LFB65:
 339:Middlewares/ST/STM32_USB_Device_Library/Class/HID/Src/usbd_hid.c ****   /* Close HID EPs */
 307              		.loc 1 339 0
 308              		.cfi_startproc
 309              		@ args = 0, pretend = 0, frame = 0
 310              		@ frame_needed = 0, uses_anonymous_args = 0
 311              	.LVL40:
 312 0000 10B5     		push	{r4, lr}
 313              	.LCFI1:
 314              		.cfi_def_cfa_offset 8
 315              		.cfi_offset 4, -8
 316              		.cfi_offset 14, -4
 317 0002 0446     		mov	r4, r0
 341:Middlewares/ST/STM32_USB_Device_Library/Class/HID/Src/usbd_hid.c ****                   HID_EPIN_ADDR);
 318              		.loc 1 341 0
 319 0004 8121     		movs	r1, #129
 320              	.LVL41:
 321 0006 FFF7FEFF 		bl	USBD_LL_CloseEP
 322              	.LVL42:
 345:Middlewares/ST/STM32_USB_Device_Library/Class/HID/Src/usbd_hid.c ****   {
 323              		.loc 1 345 0
 324 000a D4F81802 		ldr	r0, [r4, #536]
 325 000e 20B1     		cbz	r0, .L35
 347:Middlewares/ST/STM32_USB_Device_Library/Class/HID/Src/usbd_hid.c ****     pdev->pClassData = NULL;
 326              		.loc 1 347 0
 327 0010 FFF7FEFF 		bl	USBD_static_free
 328              	.LVL43:
 348:Middlewares/ST/STM32_USB_Device_Library/Class/HID/Src/usbd_hid.c ****   } 
 329              		.loc 1 348 0
 330 0014 0023     		movs	r3, #0
 331 0016 C4F81832 		str	r3, [r4, #536]
 332              	.L35:
 352:Middlewares/ST/STM32_USB_Device_Library/Class/HID/Src/usbd_hid.c **** 
 333              		.loc 1 352 0
 334 001a 0020     		movs	r0, #0
 335 001c 10BD     		pop	{r4, pc}
 336              		.cfi_endproc
 337              	.LFE65:
 339              		.section	.text.USBD_HID_Init,"ax",%progbits
 340              		.align	1
 341              		.syntax unified
 342              		.thumb
 343              		.thumb_func
 344              		.fpu softvfp
ARM GAS  /tmp/cchpTffj.s 			page 17


 346              	USBD_HID_Init:
 347              	.LFB64:
 308:Middlewares/ST/STM32_USB_Device_Library/Class/HID/Src/usbd_hid.c ****   uint8_t ret = 0;
 348              		.loc 1 308 0
 349              		.cfi_startproc
 350              		@ args = 0, pretend = 0, frame = 0
 351              		@ frame_needed = 0, uses_anonymous_args = 0
 352              	.LVL44:
 353 0000 10B5     		push	{r4, lr}
 354              	.LCFI2:
 355              		.cfi_def_cfa_offset 8
 356              		.cfi_offset 4, -8
 357              		.cfi_offset 14, -4
 358 0002 0446     		mov	r4, r0
 359              	.LVL45:
 312:Middlewares/ST/STM32_USB_Device_Library/Class/HID/Src/usbd_hid.c ****                  HID_EPIN_ADDR,
 360              		.loc 1 312 0
 361 0004 0523     		movs	r3, #5
 362 0006 0322     		movs	r2, #3
 363 0008 8121     		movs	r1, #129
 364              	.LVL46:
 365 000a FFF7FEFF 		bl	USBD_LL_OpenEP
 366              	.LVL47:
 317:Middlewares/ST/STM32_USB_Device_Library/Class/HID/Src/usbd_hid.c ****   
 367              		.loc 1 317 0
 368 000e 1020     		movs	r0, #16
 369 0010 FFF7FEFF 		bl	USBD_static_malloc
 370              	.LVL48:
 371 0014 C4F81802 		str	r0, [r4, #536]
 319:Middlewares/ST/STM32_USB_Device_Library/Class/HID/Src/usbd_hid.c ****   {
 372              		.loc 1 319 0
 373 0018 18B1     		cbz	r0, .L39
 325:Middlewares/ST/STM32_USB_Device_Library/Class/HID/Src/usbd_hid.c ****   }
 374              		.loc 1 325 0
 375 001a 0023     		movs	r3, #0
 376 001c 0373     		strb	r3, [r0, #12]
 309:Middlewares/ST/STM32_USB_Device_Library/Class/HID/Src/usbd_hid.c ****   
 377              		.loc 1 309 0
 378 001e 1846     		mov	r0, r3
 379 0020 10BD     		pop	{r4, pc}
 380              	.LVL49:
 381              	.L39:
 321:Middlewares/ST/STM32_USB_Device_Library/Class/HID/Src/usbd_hid.c ****   }
 382              		.loc 1 321 0
 383 0022 0120     		movs	r0, #1
 384              	.LVL50:
 328:Middlewares/ST/STM32_USB_Device_Library/Class/HID/Src/usbd_hid.c **** 
 385              		.loc 1 328 0
 386 0024 10BD     		pop	{r4, pc}
 387              		.cfi_endproc
 388              	.LFE64:
 390              		.section	.text.USBD_HID_SendReport,"ax",%progbits
 391              		.align	1
 392              		.global	USBD_HID_SendReport
 393              		.syntax unified
 394              		.thumb
 395              		.thumb_func
ARM GAS  /tmp/cchpTffj.s 			page 18


 396              		.fpu softvfp
 398              	USBD_HID_SendReport:
 399              	.LFB67:
 446:Middlewares/ST/STM32_USB_Device_Library/Class/HID/Src/usbd_hid.c ****   USBD_HID_HandleTypeDef     *hhid = (USBD_HID_HandleTypeDef*)pdev->pClassData;
 400              		.loc 1 446 0
 401              		.cfi_startproc
 402              		@ args = 0, pretend = 0, frame = 0
 403              		@ frame_needed = 0, uses_anonymous_args = 0
 404              	.LVL51:
 405 0000 38B5     		push	{r3, r4, r5, lr}
 406              	.LCFI3:
 407              		.cfi_def_cfa_offset 16
 408              		.cfi_offset 3, -16
 409              		.cfi_offset 4, -12
 410              		.cfi_offset 5, -8
 411              		.cfi_offset 14, -4
 447:Middlewares/ST/STM32_USB_Device_Library/Class/HID/Src/usbd_hid.c ****   
 412              		.loc 1 447 0
 413 0002 D0F81852 		ldr	r5, [r0, #536]
 414              	.LVL52:
 449:Middlewares/ST/STM32_USB_Device_Library/Class/HID/Src/usbd_hid.c ****   {
 415              		.loc 1 449 0
 416 0006 90F8FC41 		ldrb	r4, [r0, #508]	@ zero_extendqisi2
 417 000a 032C     		cmp	r4, #3
 418 000c 01D0     		beq	.L44
 419              	.LVL53:
 420              	.L42:
 461:Middlewares/ST/STM32_USB_Device_Library/Class/HID/Src/usbd_hid.c **** 
 421              		.loc 1 461 0
 422 000e 0020     		movs	r0, #0
 423 0010 38BD     		pop	{r3, r4, r5, pc}
 424              	.LVL54:
 425              	.L44:
 451:Middlewares/ST/STM32_USB_Device_Library/Class/HID/Src/usbd_hid.c ****     {
 426              		.loc 1 451 0
 427 0012 2B7B     		ldrb	r3, [r5, #12]	@ zero_extendqisi2
 428 0014 002B     		cmp	r3, #0
 429 0016 FAD1     		bne	.L42
 430 0018 1346     		mov	r3, r2
 431 001a 0A46     		mov	r2, r1
 432              	.LVL55:
 453:Middlewares/ST/STM32_USB_Device_Library/Class/HID/Src/usbd_hid.c ****       USBD_LL_Transmit (pdev, 
 433              		.loc 1 453 0
 434 001c 0121     		movs	r1, #1
 435              	.LVL56:
 436 001e 2973     		strb	r1, [r5, #12]
 454:Middlewares/ST/STM32_USB_Device_Library/Class/HID/Src/usbd_hid.c ****                         HID_EPIN_ADDR,                                      
 437              		.loc 1 454 0
 438 0020 8121     		movs	r1, #129
 439 0022 FFF7FEFF 		bl	USBD_LL_Transmit
 440              	.LVL57:
 441 0026 F2E7     		b	.L42
 442              		.cfi_endproc
 443              	.LFE67:
 445              		.section	.text.USBD_HID_GetPollingInterval,"ax",%progbits
 446              		.align	1
 447              		.global	USBD_HID_GetPollingInterval
ARM GAS  /tmp/cchpTffj.s 			page 19


 448              		.syntax unified
 449              		.thumb
 450              		.thumb_func
 451              		.fpu softvfp
 453              	USBD_HID_GetPollingInterval:
 454              	.LFB68:
 470:Middlewares/ST/STM32_USB_Device_Library/Class/HID/Src/usbd_hid.c ****   uint32_t polling_interval = 0;
 455              		.loc 1 470 0
 456              		.cfi_startproc
 457              		@ args = 0, pretend = 0, frame = 0
 458              		@ frame_needed = 0, uses_anonymous_args = 0
 459              		@ link register save eliminated.
 460              	.LVL58:
 474:Middlewares/ST/STM32_USB_Device_Library/Class/HID/Src/usbd_hid.c ****   {
 461              		.loc 1 474 0
 462 0000 037C     		ldrb	r3, [r0, #16]	@ zero_extendqisi2
 463 0002 0BB1     		cbz	r3, .L48
 485:Middlewares/ST/STM32_USB_Device_Library/Class/HID/Src/usbd_hid.c ****   }
 464              		.loc 1 485 0
 465 0004 0A20     		movs	r0, #10
 466              	.LVL59:
 489:Middlewares/ST/STM32_USB_Device_Library/Class/HID/Src/usbd_hid.c **** 
 467              		.loc 1 489 0
 468 0006 7047     		bx	lr
 469              	.LVL60:
 470              	.L48:
 479:Middlewares/ST/STM32_USB_Device_Library/Class/HID/Src/usbd_hid.c ****   }
 471              		.loc 1 479 0
 472 0008 0820     		movs	r0, #8
 473              	.LVL61:
 474 000a 7047     		bx	lr
 475              		.cfi_endproc
 476              	.LFE68:
 478              		.global	USBD_HID
 479              		.section	.data.HID_CUSTOM_ReportDesc,"aw",%progbits
 480              		.align	2
 481              		.set	.LANCHOR2,. + 0
 484              	HID_CUSTOM_ReportDesc:
 485 0000 05       		.byte	5
 486 0001 0C       		.byte	12
 487 0002 09       		.byte	9
 488 0003 01       		.byte	1
 489 0004 A1       		.byte	-95
 490 0005 01       		.byte	1
 491 0006 85       		.byte	-123
 492 0007 02       		.byte	2
 493 0008 05       		.byte	5
 494 0009 0C       		.byte	12
 495 000a 15       		.byte	21
 496 000b 00       		.byte	0
 497 000c 25       		.byte	37
 498 000d 01       		.byte	1
 499 000e 75       		.byte	117
 500 000f 01       		.byte	1
 501 0010 95       		.byte	-107
 502 0011 08       		.byte	8
 503 0012 09       		.byte	9
ARM GAS  /tmp/cchpTffj.s 			page 20


 504 0013 B5       		.byte	-75
 505 0014 09       		.byte	9
 506 0015 B6       		.byte	-74
 507 0016 09       		.byte	9
 508 0017 B7       		.byte	-73
 509 0018 09       		.byte	9
 510 0019 B8       		.byte	-72
 511 001a 09       		.byte	9
 512 001b CD       		.byte	-51
 513 001c 09       		.byte	9
 514 001d E2       		.byte	-30
 515 001e 09       		.byte	9
 516 001f E9       		.byte	-23
 517 0020 09       		.byte	9
 518 0021 EA       		.byte	-22
 519 0022 81       		.byte	-127
 520 0023 02       		.byte	2
 521 0024 C0       		.byte	-64
 522              		.section	.data.USBD_HID,"aw",%progbits
 523              		.align	2
 526              	USBD_HID:
 527 0000 00000000 		.word	USBD_HID_Init
 528 0004 00000000 		.word	USBD_HID_DeInit
 529 0008 00000000 		.word	USBD_HID_Setup
 530 000c 00000000 		.word	0
 531 0010 00000000 		.word	0
 532 0014 00000000 		.word	USBD_HID_DataIn
 533 0018 00000000 		.word	0
 534 001c 00000000 		.word	0
 535 0020 00000000 		.word	0
 536 0024 00000000 		.word	0
 537 0028 00000000 		.word	USBD_HID_GetCfgDesc
 538 002c 00000000 		.word	USBD_HID_GetCfgDesc
 539 0030 00000000 		.word	USBD_HID_GetCfgDesc
 540 0034 00000000 		.word	USBD_HID_GetDeviceQualifierDesc
 541              		.section	.data.USBD_HID_CfgDesc,"aw",%progbits
 542              		.align	2
 543              		.set	.LANCHOR0,. + 0
 546              	USBD_HID_CfgDesc:
 547 0000 09       		.byte	9
 548 0001 02       		.byte	2
 549 0002 22       		.byte	34
 550 0003 00       		.byte	0
 551 0004 01       		.byte	1
 552 0005 01       		.byte	1
 553 0006 00       		.byte	0
 554 0007 E0       		.byte	-32
 555 0008 32       		.byte	50
 556 0009 09       		.byte	9
 557 000a 04       		.byte	4
 558 000b 00       		.byte	0
 559 000c 00       		.byte	0
 560 000d 01       		.byte	1
 561 000e 03       		.byte	3
 562 000f 00       		.byte	0
 563 0010 01       		.byte	1
 564 0011 00       		.byte	0
ARM GAS  /tmp/cchpTffj.s 			page 21


 565 0012 09       		.byte	9
 566 0013 21       		.byte	33
 567 0014 11       		.byte	17
 568 0015 01       		.byte	1
 569 0016 00       		.byte	0
 570 0017 01       		.byte	1
 571 0018 22       		.byte	34
 572 0019 25       		.byte	37
 573 001a 00       		.byte	0
 574 001b 07       		.byte	7
 575 001c 05       		.byte	5
 576 001d 81       		.byte	-127
 577 001e 03       		.byte	3
 578 001f 05       		.byte	5
 579 0020 00       		.byte	0
 580 0021 0A       		.byte	10
 581              		.section	.data.USBD_HID_Desc,"aw",%progbits
 582              		.align	2
 583              		.set	.LANCHOR3,. + 0
 586              	USBD_HID_Desc:
 587 0000 09       		.byte	9
 588 0001 21       		.byte	33
 589 0002 11       		.byte	17
 590 0003 01       		.byte	1
 591 0004 00       		.byte	0
 592 0005 01       		.byte	1
 593 0006 22       		.byte	34
 594 0007 25       		.byte	37
 595 0008 00       		.byte	0
 596              		.section	.data.USBD_HID_DeviceQualifierDesc,"aw",%progbits
 597              		.align	2
 598              		.set	.LANCHOR1,. + 0
 601              	USBD_HID_DeviceQualifierDesc:
 602 0000 0A       		.byte	10
 603 0001 06       		.byte	6
 604 0002 00       		.byte	0
 605 0003 02       		.byte	2
 606 0004 00       		.byte	0
 607 0005 00       		.byte	0
 608 0006 00       		.byte	0
 609 0007 40       		.byte	64
 610 0008 01       		.byte	1
 611 0009 00       		.byte	0
 612              		.text
 613              	.Letext0:
 614              		.file 2 "/home/mpitiot/opt/gcc-arm-none-eabi-6-2017-q1-update/arm-none-eabi/include/machine/_defau
 615              		.file 3 "/home/mpitiot/opt/gcc-arm-none-eabi-6-2017-q1-update/arm-none-eabi/include/sys/lock.h"
 616              		.file 4 "/home/mpitiot/opt/gcc-arm-none-eabi-6-2017-q1-update/arm-none-eabi/include/sys/_types.h"
 617              		.file 5 "/home/mpitiot/opt/gcc-arm-none-eabi-6-2017-q1-update/lib/gcc/arm-none-eabi/6.3.1/include/
 618              		.file 6 "/home/mpitiot/opt/gcc-arm-none-eabi-6-2017-q1-update/arm-none-eabi/include/sys/reent.h"
 619              		.file 7 "/home/mpitiot/opt/gcc-arm-none-eabi-6-2017-q1-update/arm-none-eabi/include/sys/_stdint.h"
 620              		.file 8 "/home/mpitiot/opt/gcc-arm-none-eabi-6-2017-q1-update/arm-none-eabi/include/stdlib.h"
 621              		.file 9 "Drivers/CMSIS/Include/core_cm3.h"
 622              		.file 10 "Drivers/CMSIS/Device/ST/STM32F1xx/Include/system_stm32f1xx.h"
 623              		.file 11 "Middlewares/ST/STM32_USB_Device_Library/Core/Inc/usbd_def.h"
 624              		.file 12 "Middlewares/ST/STM32_USB_Device_Library/Class/HID/Inc/usbd_hid.h"
 625              		.file 13 "Inc/usbd_desc.h"
ARM GAS  /tmp/cchpTffj.s 			page 22


 626              		.file 14 "Middlewares/ST/STM32_USB_Device_Library/Core/Inc/usbd_core.h"
 627              		.file 15 "Middlewares/ST/STM32_USB_Device_Library/Core/Inc/usbd_ioreq.h"
 628              		.file 16 "Middlewares/ST/STM32_USB_Device_Library/Core/Inc/usbd_ctlreq.h"
 629              		.file 17 "Inc/usbd_conf.h"
ARM GAS  /tmp/cchpTffj.s 			page 23


DEFINED SYMBOLS
                            *ABS*:0000000000000000 usbd_hid.c
     /tmp/cchpTffj.s:16     .text.USBD_HID_GetCfgDesc:0000000000000000 $t
     /tmp/cchpTffj.s:22     .text.USBD_HID_GetCfgDesc:0000000000000000 USBD_HID_GetCfgDesc
     /tmp/cchpTffj.s:41     .text.USBD_HID_GetCfgDesc:0000000000000008 $d
     /tmp/cchpTffj.s:46     .text.USBD_HID_DataIn:0000000000000000 $t
     /tmp/cchpTffj.s:52     .text.USBD_HID_DataIn:0000000000000000 USBD_HID_DataIn
     /tmp/cchpTffj.s:71     .text.USBD_HID_GetDeviceQualifierDesc:0000000000000000 $t
     /tmp/cchpTffj.s:77     .text.USBD_HID_GetDeviceQualifierDesc:0000000000000000 USBD_HID_GetDeviceQualifierDesc
     /tmp/cchpTffj.s:95     .text.USBD_HID_GetDeviceQualifierDesc:0000000000000008 $d
     /tmp/cchpTffj.s:100    .text.USBD_HID_Setup:0000000000000000 $t
     /tmp/cchpTffj.s:106    .text.USBD_HID_Setup:0000000000000000 USBD_HID_Setup
     /tmp/cchpTffj.s:135    .text.USBD_HID_Setup:000000000000001e $d
     /tmp/cchpTffj.s:145    .text.USBD_HID_Setup:0000000000000028 $t
     /tmp/cchpTffj.s:293    .text.USBD_HID_Setup:00000000000000b8 $d
     /tmp/cchpTffj.s:299    .text.USBD_HID_DeInit:0000000000000000 $t
     /tmp/cchpTffj.s:305    .text.USBD_HID_DeInit:0000000000000000 USBD_HID_DeInit
     /tmp/cchpTffj.s:340    .text.USBD_HID_Init:0000000000000000 $t
     /tmp/cchpTffj.s:346    .text.USBD_HID_Init:0000000000000000 USBD_HID_Init
     /tmp/cchpTffj.s:391    .text.USBD_HID_SendReport:0000000000000000 $t
     /tmp/cchpTffj.s:398    .text.USBD_HID_SendReport:0000000000000000 USBD_HID_SendReport
     /tmp/cchpTffj.s:446    .text.USBD_HID_GetPollingInterval:0000000000000000 $t
     /tmp/cchpTffj.s:453    .text.USBD_HID_GetPollingInterval:0000000000000000 USBD_HID_GetPollingInterval
     /tmp/cchpTffj.s:526    .data.USBD_HID:0000000000000000 USBD_HID
     /tmp/cchpTffj.s:480    .data.HID_CUSTOM_ReportDesc:0000000000000000 $d
     /tmp/cchpTffj.s:484    .data.HID_CUSTOM_ReportDesc:0000000000000000 HID_CUSTOM_ReportDesc
     /tmp/cchpTffj.s:523    .data.USBD_HID:0000000000000000 $d
     /tmp/cchpTffj.s:542    .data.USBD_HID_CfgDesc:0000000000000000 $d
     /tmp/cchpTffj.s:546    .data.USBD_HID_CfgDesc:0000000000000000 USBD_HID_CfgDesc
     /tmp/cchpTffj.s:582    .data.USBD_HID_Desc:0000000000000000 $d
     /tmp/cchpTffj.s:586    .data.USBD_HID_Desc:0000000000000000 USBD_HID_Desc
     /tmp/cchpTffj.s:597    .data.USBD_HID_DeviceQualifierDesc:0000000000000000 $d
     /tmp/cchpTffj.s:601    .data.USBD_HID_DeviceQualifierDesc:0000000000000000 USBD_HID_DeviceQualifierDesc
                     .debug_frame:0000000000000010 $d

UNDEFINED SYMBOLS
USBD_CtlSendData
USBD_CtlError
USBD_LL_CloseEP
USBD_static_free
USBD_LL_OpenEP
USBD_static_malloc
USBD_LL_Transmit
