ARM GAS  /tmp/ccgGaLUX.s 			page 1


   1              		.cpu cortex-m3
   2              		.eabi_attribute 20, 1
   3              		.eabi_attribute 21, 1
   4              		.eabi_attribute 23, 3
   5              		.eabi_attribute 24, 1
   6              		.eabi_attribute 25, 1
   7              		.eabi_attribute 26, 1
   8              		.eabi_attribute 30, 1
   9              		.eabi_attribute 34, 1
  10              		.eabi_attribute 18, 4
  11              		.file	"usbd_core.c"
  12              		.text
  13              	.Ltext0:
  14              		.cfi_sections	.debug_frame
  15              		.section	.text.USBD_Init,"ax",%progbits
  16              		.align	1
  17              		.global	USBD_Init
  18              		.syntax unified
  19              		.thumb
  20              		.thumb_func
  21              		.fpu softvfp
  23              	USBD_Init:
  24              	.LFB64:
  25              		.file 1 "Middlewares/ST/STM32_USB_Device_Library/Core/Src/usbd_core.c"
   1:Middlewares/ST/STM32_USB_Device_Library/Core/Src/usbd_core.c **** /**
   2:Middlewares/ST/STM32_USB_Device_Library/Core/Src/usbd_core.c ****   ******************************************************************************
   3:Middlewares/ST/STM32_USB_Device_Library/Core/Src/usbd_core.c ****   * @file    usbd_core.c
   4:Middlewares/ST/STM32_USB_Device_Library/Core/Src/usbd_core.c ****   * @author  MCD Application Team
   5:Middlewares/ST/STM32_USB_Device_Library/Core/Src/usbd_core.c ****   * @version V2.4.2
   6:Middlewares/ST/STM32_USB_Device_Library/Core/Src/usbd_core.c ****   * @date    11-December-2015
   7:Middlewares/ST/STM32_USB_Device_Library/Core/Src/usbd_core.c ****   * @brief   This file provides all the USBD core functions.
   8:Middlewares/ST/STM32_USB_Device_Library/Core/Src/usbd_core.c ****   ******************************************************************************
   9:Middlewares/ST/STM32_USB_Device_Library/Core/Src/usbd_core.c ****   * @attention
  10:Middlewares/ST/STM32_USB_Device_Library/Core/Src/usbd_core.c ****   *
  11:Middlewares/ST/STM32_USB_Device_Library/Core/Src/usbd_core.c ****   * <h2><center>&copy; COPYRIGHT 2015 STMicroelectronics</center></h2>
  12:Middlewares/ST/STM32_USB_Device_Library/Core/Src/usbd_core.c ****   *
  13:Middlewares/ST/STM32_USB_Device_Library/Core/Src/usbd_core.c ****   * Licensed under MCD-ST Liberty SW License Agreement V2, (the "License");
  14:Middlewares/ST/STM32_USB_Device_Library/Core/Src/usbd_core.c ****   * You may not use this file except in compliance with the License.
  15:Middlewares/ST/STM32_USB_Device_Library/Core/Src/usbd_core.c ****   * You may obtain a copy of the License at:
  16:Middlewares/ST/STM32_USB_Device_Library/Core/Src/usbd_core.c ****   *
  17:Middlewares/ST/STM32_USB_Device_Library/Core/Src/usbd_core.c ****   *        http://www.st.com/software_license_agreement_liberty_v2
  18:Middlewares/ST/STM32_USB_Device_Library/Core/Src/usbd_core.c ****   *
  19:Middlewares/ST/STM32_USB_Device_Library/Core/Src/usbd_core.c ****   * Unless required by applicable law or agreed to in writing, software 
  20:Middlewares/ST/STM32_USB_Device_Library/Core/Src/usbd_core.c ****   * distributed under the License is distributed on an "AS IS" BASIS, 
  21:Middlewares/ST/STM32_USB_Device_Library/Core/Src/usbd_core.c ****   * WITHOUT WARRANTIES OR CONDITIONS OF ANY KIND, either express or implied.
  22:Middlewares/ST/STM32_USB_Device_Library/Core/Src/usbd_core.c ****   * See the License for the specific language governing permissions and
  23:Middlewares/ST/STM32_USB_Device_Library/Core/Src/usbd_core.c ****   * limitations under the License.
  24:Middlewares/ST/STM32_USB_Device_Library/Core/Src/usbd_core.c ****   *
  25:Middlewares/ST/STM32_USB_Device_Library/Core/Src/usbd_core.c ****   ******************************************************************************
  26:Middlewares/ST/STM32_USB_Device_Library/Core/Src/usbd_core.c ****   */ 
  27:Middlewares/ST/STM32_USB_Device_Library/Core/Src/usbd_core.c **** 
  28:Middlewares/ST/STM32_USB_Device_Library/Core/Src/usbd_core.c **** /* Includes ------------------------------------------------------------------*/
  29:Middlewares/ST/STM32_USB_Device_Library/Core/Src/usbd_core.c **** #include "usbd_core.h"
  30:Middlewares/ST/STM32_USB_Device_Library/Core/Src/usbd_core.c **** 
  31:Middlewares/ST/STM32_USB_Device_Library/Core/Src/usbd_core.c **** /** @addtogroup STM32_USBD_DEVICE_LIBRARY
  32:Middlewares/ST/STM32_USB_Device_Library/Core/Src/usbd_core.c **** * @{
  33:Middlewares/ST/STM32_USB_Device_Library/Core/Src/usbd_core.c **** */
ARM GAS  /tmp/ccgGaLUX.s 			page 2


  34:Middlewares/ST/STM32_USB_Device_Library/Core/Src/usbd_core.c **** 
  35:Middlewares/ST/STM32_USB_Device_Library/Core/Src/usbd_core.c **** 
  36:Middlewares/ST/STM32_USB_Device_Library/Core/Src/usbd_core.c **** /** @defgroup USBD_CORE 
  37:Middlewares/ST/STM32_USB_Device_Library/Core/Src/usbd_core.c **** * @brief usbd core module
  38:Middlewares/ST/STM32_USB_Device_Library/Core/Src/usbd_core.c **** * @{
  39:Middlewares/ST/STM32_USB_Device_Library/Core/Src/usbd_core.c **** */ 
  40:Middlewares/ST/STM32_USB_Device_Library/Core/Src/usbd_core.c **** 
  41:Middlewares/ST/STM32_USB_Device_Library/Core/Src/usbd_core.c **** /** @defgroup USBD_CORE_Private_TypesDefinitions
  42:Middlewares/ST/STM32_USB_Device_Library/Core/Src/usbd_core.c **** * @{
  43:Middlewares/ST/STM32_USB_Device_Library/Core/Src/usbd_core.c **** */ 
  44:Middlewares/ST/STM32_USB_Device_Library/Core/Src/usbd_core.c **** /**
  45:Middlewares/ST/STM32_USB_Device_Library/Core/Src/usbd_core.c **** * @}
  46:Middlewares/ST/STM32_USB_Device_Library/Core/Src/usbd_core.c **** */ 
  47:Middlewares/ST/STM32_USB_Device_Library/Core/Src/usbd_core.c **** 
  48:Middlewares/ST/STM32_USB_Device_Library/Core/Src/usbd_core.c **** 
  49:Middlewares/ST/STM32_USB_Device_Library/Core/Src/usbd_core.c **** /** @defgroup USBD_CORE_Private_Defines
  50:Middlewares/ST/STM32_USB_Device_Library/Core/Src/usbd_core.c **** * @{
  51:Middlewares/ST/STM32_USB_Device_Library/Core/Src/usbd_core.c **** */ 
  52:Middlewares/ST/STM32_USB_Device_Library/Core/Src/usbd_core.c **** 
  53:Middlewares/ST/STM32_USB_Device_Library/Core/Src/usbd_core.c **** /**
  54:Middlewares/ST/STM32_USB_Device_Library/Core/Src/usbd_core.c **** * @}
  55:Middlewares/ST/STM32_USB_Device_Library/Core/Src/usbd_core.c **** */ 
  56:Middlewares/ST/STM32_USB_Device_Library/Core/Src/usbd_core.c **** 
  57:Middlewares/ST/STM32_USB_Device_Library/Core/Src/usbd_core.c **** 
  58:Middlewares/ST/STM32_USB_Device_Library/Core/Src/usbd_core.c **** /** @defgroup USBD_CORE_Private_Macros
  59:Middlewares/ST/STM32_USB_Device_Library/Core/Src/usbd_core.c **** * @{
  60:Middlewares/ST/STM32_USB_Device_Library/Core/Src/usbd_core.c **** */ 
  61:Middlewares/ST/STM32_USB_Device_Library/Core/Src/usbd_core.c **** /**
  62:Middlewares/ST/STM32_USB_Device_Library/Core/Src/usbd_core.c **** * @}
  63:Middlewares/ST/STM32_USB_Device_Library/Core/Src/usbd_core.c **** */ 
  64:Middlewares/ST/STM32_USB_Device_Library/Core/Src/usbd_core.c **** 
  65:Middlewares/ST/STM32_USB_Device_Library/Core/Src/usbd_core.c **** 
  66:Middlewares/ST/STM32_USB_Device_Library/Core/Src/usbd_core.c **** 
  67:Middlewares/ST/STM32_USB_Device_Library/Core/Src/usbd_core.c **** 
  68:Middlewares/ST/STM32_USB_Device_Library/Core/Src/usbd_core.c **** /** @defgroup USBD_CORE_Private_FunctionPrototypes
  69:Middlewares/ST/STM32_USB_Device_Library/Core/Src/usbd_core.c **** * @{
  70:Middlewares/ST/STM32_USB_Device_Library/Core/Src/usbd_core.c **** */ 
  71:Middlewares/ST/STM32_USB_Device_Library/Core/Src/usbd_core.c **** 
  72:Middlewares/ST/STM32_USB_Device_Library/Core/Src/usbd_core.c **** /**
  73:Middlewares/ST/STM32_USB_Device_Library/Core/Src/usbd_core.c **** * @}
  74:Middlewares/ST/STM32_USB_Device_Library/Core/Src/usbd_core.c **** */ 
  75:Middlewares/ST/STM32_USB_Device_Library/Core/Src/usbd_core.c **** 
  76:Middlewares/ST/STM32_USB_Device_Library/Core/Src/usbd_core.c **** /** @defgroup USBD_CORE_Private_Variables
  77:Middlewares/ST/STM32_USB_Device_Library/Core/Src/usbd_core.c **** * @{
  78:Middlewares/ST/STM32_USB_Device_Library/Core/Src/usbd_core.c **** */ 
  79:Middlewares/ST/STM32_USB_Device_Library/Core/Src/usbd_core.c **** 
  80:Middlewares/ST/STM32_USB_Device_Library/Core/Src/usbd_core.c **** /**
  81:Middlewares/ST/STM32_USB_Device_Library/Core/Src/usbd_core.c **** * @}
  82:Middlewares/ST/STM32_USB_Device_Library/Core/Src/usbd_core.c **** */ 
  83:Middlewares/ST/STM32_USB_Device_Library/Core/Src/usbd_core.c **** 
  84:Middlewares/ST/STM32_USB_Device_Library/Core/Src/usbd_core.c **** /** @defgroup USBD_CORE_Private_Functions
  85:Middlewares/ST/STM32_USB_Device_Library/Core/Src/usbd_core.c **** * @{
  86:Middlewares/ST/STM32_USB_Device_Library/Core/Src/usbd_core.c **** */ 
  87:Middlewares/ST/STM32_USB_Device_Library/Core/Src/usbd_core.c **** 
  88:Middlewares/ST/STM32_USB_Device_Library/Core/Src/usbd_core.c **** /**
  89:Middlewares/ST/STM32_USB_Device_Library/Core/Src/usbd_core.c **** * @brief  USBD_Init
  90:Middlewares/ST/STM32_USB_Device_Library/Core/Src/usbd_core.c **** *         Initializes the device stack and load the class driver
ARM GAS  /tmp/ccgGaLUX.s 			page 3


  91:Middlewares/ST/STM32_USB_Device_Library/Core/Src/usbd_core.c **** * @param  pdev: device instance
  92:Middlewares/ST/STM32_USB_Device_Library/Core/Src/usbd_core.c **** * @param  pdesc: Descriptor structure address
  93:Middlewares/ST/STM32_USB_Device_Library/Core/Src/usbd_core.c **** * @param  id: Low level core index
  94:Middlewares/ST/STM32_USB_Device_Library/Core/Src/usbd_core.c **** * @retval None
  95:Middlewares/ST/STM32_USB_Device_Library/Core/Src/usbd_core.c **** */
  96:Middlewares/ST/STM32_USB_Device_Library/Core/Src/usbd_core.c **** USBD_StatusTypeDef USBD_Init(USBD_HandleTypeDef *pdev, USBD_DescriptorsTypeDef *pdesc, uint8_t id)
  97:Middlewares/ST/STM32_USB_Device_Library/Core/Src/usbd_core.c **** {
  26              		.loc 1 97 0
  27              		.cfi_startproc
  28              		@ args = 0, pretend = 0, frame = 0
  29              		@ frame_needed = 0, uses_anonymous_args = 0
  30              	.LVL0:
  98:Middlewares/ST/STM32_USB_Device_Library/Core/Src/usbd_core.c ****   /* Check whether the USB Host handle is valid */
  99:Middlewares/ST/STM32_USB_Device_Library/Core/Src/usbd_core.c ****   if(pdev == NULL)
  31              		.loc 1 99 0
  32 0000 98B1     		cbz	r0, .L5
  97:Middlewares/ST/STM32_USB_Device_Library/Core/Src/usbd_core.c ****   /* Check whether the USB Host handle is valid */
  33              		.loc 1 97 0
  34 0002 08B5     		push	{r3, lr}
  35              	.LCFI0:
  36              		.cfi_def_cfa_offset 8
  37              		.cfi_offset 3, -8
  38              		.cfi_offset 14, -4
  39 0004 0346     		mov	r3, r0
 100:Middlewares/ST/STM32_USB_Device_Library/Core/Src/usbd_core.c ****   {
 101:Middlewares/ST/STM32_USB_Device_Library/Core/Src/usbd_core.c ****     USBD_ErrLog("Invalid Device handle");
 102:Middlewares/ST/STM32_USB_Device_Library/Core/Src/usbd_core.c ****     return USBD_FAIL; 
 103:Middlewares/ST/STM32_USB_Device_Library/Core/Src/usbd_core.c ****   }
 104:Middlewares/ST/STM32_USB_Device_Library/Core/Src/usbd_core.c ****   
 105:Middlewares/ST/STM32_USB_Device_Library/Core/Src/usbd_core.c ****   /* Unlink previous class*/
 106:Middlewares/ST/STM32_USB_Device_Library/Core/Src/usbd_core.c ****   if(pdev->pClass != NULL)
  40              		.loc 1 106 0
  41 0006 D0F81402 		ldr	r0, [r0, #532]
  42              	.LVL1:
  43 000a 10B1     		cbz	r0, .L3
 107:Middlewares/ST/STM32_USB_Device_Library/Core/Src/usbd_core.c ****   {
 108:Middlewares/ST/STM32_USB_Device_Library/Core/Src/usbd_core.c ****     pdev->pClass = NULL;
  44              		.loc 1 108 0
  45 000c 0020     		movs	r0, #0
  46 000e C3F81402 		str	r0, [r3, #532]
  47              	.L3:
 109:Middlewares/ST/STM32_USB_Device_Library/Core/Src/usbd_core.c ****   }
 110:Middlewares/ST/STM32_USB_Device_Library/Core/Src/usbd_core.c ****   
 111:Middlewares/ST/STM32_USB_Device_Library/Core/Src/usbd_core.c ****   /* Assign USBD Descriptors */
 112:Middlewares/ST/STM32_USB_Device_Library/Core/Src/usbd_core.c ****   if(pdesc != NULL)
  48              		.loc 1 112 0
  49 0012 09B1     		cbz	r1, .L4
 113:Middlewares/ST/STM32_USB_Device_Library/Core/Src/usbd_core.c ****   {
 114:Middlewares/ST/STM32_USB_Device_Library/Core/Src/usbd_core.c ****     pdev->pDesc = pdesc;
  50              		.loc 1 114 0
  51 0014 C3F81012 		str	r1, [r3, #528]
  52              	.L4:
  53 0018 1846     		mov	r0, r3
 115:Middlewares/ST/STM32_USB_Device_Library/Core/Src/usbd_core.c ****   }
 116:Middlewares/ST/STM32_USB_Device_Library/Core/Src/usbd_core.c ****   
 117:Middlewares/ST/STM32_USB_Device_Library/Core/Src/usbd_core.c ****   /* Set Device initial State */
 118:Middlewares/ST/STM32_USB_Device_Library/Core/Src/usbd_core.c ****   pdev->dev_state  = USBD_STATE_DEFAULT;
ARM GAS  /tmp/ccgGaLUX.s 			page 4


  54              		.loc 1 118 0
  55 001a 0123     		movs	r3, #1
  56              	.LVL2:
  57 001c 80F8FC31 		strb	r3, [r0, #508]
 119:Middlewares/ST/STM32_USB_Device_Library/Core/Src/usbd_core.c ****   pdev->id = id;
  58              		.loc 1 119 0
  59 0020 0270     		strb	r2, [r0]
 120:Middlewares/ST/STM32_USB_Device_Library/Core/Src/usbd_core.c ****   /* Initialize low level driver */
 121:Middlewares/ST/STM32_USB_Device_Library/Core/Src/usbd_core.c ****   USBD_LL_Init(pdev);
  60              		.loc 1 121 0
  61 0022 FFF7FEFF 		bl	USBD_LL_Init
  62              	.LVL3:
 122:Middlewares/ST/STM32_USB_Device_Library/Core/Src/usbd_core.c ****   
 123:Middlewares/ST/STM32_USB_Device_Library/Core/Src/usbd_core.c ****   return USBD_OK; 
  63              		.loc 1 123 0
  64 0026 0020     		movs	r0, #0
  65 0028 08BD     		pop	{r3, pc}
  66              	.LVL4:
  67              	.L5:
  68              	.LCFI1:
  69              		.cfi_def_cfa_offset 0
  70              		.cfi_restore 3
  71              		.cfi_restore 14
 102:Middlewares/ST/STM32_USB_Device_Library/Core/Src/usbd_core.c ****   }
  72              		.loc 1 102 0
  73 002a 0220     		movs	r0, #2
  74              	.LVL5:
  75 002c 7047     		bx	lr
  76              		.cfi_endproc
  77              	.LFE64:
  79              		.section	.text.USBD_DeInit,"ax",%progbits
  80              		.align	1
  81              		.global	USBD_DeInit
  82              		.syntax unified
  83              		.thumb
  84              		.thumb_func
  85              		.fpu softvfp
  87              	USBD_DeInit:
  88              	.LFB65:
 124:Middlewares/ST/STM32_USB_Device_Library/Core/Src/usbd_core.c **** }
 125:Middlewares/ST/STM32_USB_Device_Library/Core/Src/usbd_core.c **** 
 126:Middlewares/ST/STM32_USB_Device_Library/Core/Src/usbd_core.c **** /**
 127:Middlewares/ST/STM32_USB_Device_Library/Core/Src/usbd_core.c **** * @brief  USBD_DeInit 
 128:Middlewares/ST/STM32_USB_Device_Library/Core/Src/usbd_core.c **** *         Re-Initialize th device library
 129:Middlewares/ST/STM32_USB_Device_Library/Core/Src/usbd_core.c **** * @param  pdev: device instance
 130:Middlewares/ST/STM32_USB_Device_Library/Core/Src/usbd_core.c **** * @retval status: status
 131:Middlewares/ST/STM32_USB_Device_Library/Core/Src/usbd_core.c **** */
 132:Middlewares/ST/STM32_USB_Device_Library/Core/Src/usbd_core.c **** USBD_StatusTypeDef USBD_DeInit(USBD_HandleTypeDef *pdev)
 133:Middlewares/ST/STM32_USB_Device_Library/Core/Src/usbd_core.c **** {
  89              		.loc 1 133 0
  90              		.cfi_startproc
  91              		@ args = 0, pretend = 0, frame = 0
  92              		@ frame_needed = 0, uses_anonymous_args = 0
  93              	.LVL6:
  94 0000 10B5     		push	{r4, lr}
  95              	.LCFI2:
  96              		.cfi_def_cfa_offset 8
ARM GAS  /tmp/ccgGaLUX.s 			page 5


  97              		.cfi_offset 4, -8
  98              		.cfi_offset 14, -4
  99 0002 0446     		mov	r4, r0
 134:Middlewares/ST/STM32_USB_Device_Library/Core/Src/usbd_core.c ****   /* Set Default State */
 135:Middlewares/ST/STM32_USB_Device_Library/Core/Src/usbd_core.c ****   pdev->dev_state  = USBD_STATE_DEFAULT;
 100              		.loc 1 135 0
 101 0004 0123     		movs	r3, #1
 102 0006 80F8FC31 		strb	r3, [r0, #508]
 136:Middlewares/ST/STM32_USB_Device_Library/Core/Src/usbd_core.c ****   
 137:Middlewares/ST/STM32_USB_Device_Library/Core/Src/usbd_core.c ****   /* Free Class Resources */
 138:Middlewares/ST/STM32_USB_Device_Library/Core/Src/usbd_core.c ****   pdev->pClass->DeInit(pdev, pdev->dev_config);  
 103              		.loc 1 138 0
 104 000a D0F81432 		ldr	r3, [r0, #532]
 105 000e 5B68     		ldr	r3, [r3, #4]
 106 0010 0179     		ldrb	r1, [r0, #4]	@ zero_extendqisi2
 107 0012 9847     		blx	r3
 108              	.LVL7:
 139:Middlewares/ST/STM32_USB_Device_Library/Core/Src/usbd_core.c ****   
 140:Middlewares/ST/STM32_USB_Device_Library/Core/Src/usbd_core.c ****     /* Stop the low level driver  */
 141:Middlewares/ST/STM32_USB_Device_Library/Core/Src/usbd_core.c ****   USBD_LL_Stop(pdev); 
 109              		.loc 1 141 0
 110 0014 2046     		mov	r0, r4
 111 0016 FFF7FEFF 		bl	USBD_LL_Stop
 112              	.LVL8:
 142:Middlewares/ST/STM32_USB_Device_Library/Core/Src/usbd_core.c ****   
 143:Middlewares/ST/STM32_USB_Device_Library/Core/Src/usbd_core.c ****   /* Initialize low level driver */
 144:Middlewares/ST/STM32_USB_Device_Library/Core/Src/usbd_core.c ****   USBD_LL_DeInit(pdev);
 113              		.loc 1 144 0
 114 001a 2046     		mov	r0, r4
 115 001c FFF7FEFF 		bl	USBD_LL_DeInit
 116              	.LVL9:
 145:Middlewares/ST/STM32_USB_Device_Library/Core/Src/usbd_core.c ****   
 146:Middlewares/ST/STM32_USB_Device_Library/Core/Src/usbd_core.c ****   return USBD_OK;
 147:Middlewares/ST/STM32_USB_Device_Library/Core/Src/usbd_core.c **** }
 117              		.loc 1 147 0
 118 0020 0020     		movs	r0, #0
 119 0022 10BD     		pop	{r4, pc}
 120              		.cfi_endproc
 121              	.LFE65:
 123              		.section	.text.USBD_RegisterClass,"ax",%progbits
 124              		.align	1
 125              		.global	USBD_RegisterClass
 126              		.syntax unified
 127              		.thumb
 128              		.thumb_func
 129              		.fpu softvfp
 131              	USBD_RegisterClass:
 132              	.LFB66:
 148:Middlewares/ST/STM32_USB_Device_Library/Core/Src/usbd_core.c **** 
 149:Middlewares/ST/STM32_USB_Device_Library/Core/Src/usbd_core.c **** 
 150:Middlewares/ST/STM32_USB_Device_Library/Core/Src/usbd_core.c **** /**
 151:Middlewares/ST/STM32_USB_Device_Library/Core/Src/usbd_core.c ****   * @brief  USBD_RegisterClass 
 152:Middlewares/ST/STM32_USB_Device_Library/Core/Src/usbd_core.c ****   *         Link class driver to Device Core.
 153:Middlewares/ST/STM32_USB_Device_Library/Core/Src/usbd_core.c ****   * @param  pDevice : Device Handle
 154:Middlewares/ST/STM32_USB_Device_Library/Core/Src/usbd_core.c ****   * @param  pclass: Class handle
 155:Middlewares/ST/STM32_USB_Device_Library/Core/Src/usbd_core.c ****   * @retval USBD Status
 156:Middlewares/ST/STM32_USB_Device_Library/Core/Src/usbd_core.c ****   */
ARM GAS  /tmp/ccgGaLUX.s 			page 6


 157:Middlewares/ST/STM32_USB_Device_Library/Core/Src/usbd_core.c **** USBD_StatusTypeDef  USBD_RegisterClass(USBD_HandleTypeDef *pdev, USBD_ClassTypeDef *pclass)
 158:Middlewares/ST/STM32_USB_Device_Library/Core/Src/usbd_core.c **** {
 133              		.loc 1 158 0
 134              		.cfi_startproc
 135              		@ args = 0, pretend = 0, frame = 0
 136              		@ frame_needed = 0, uses_anonymous_args = 0
 137              		@ link register save eliminated.
 138              	.LVL10:
 159:Middlewares/ST/STM32_USB_Device_Library/Core/Src/usbd_core.c ****   USBD_StatusTypeDef   status = USBD_OK;
 160:Middlewares/ST/STM32_USB_Device_Library/Core/Src/usbd_core.c ****   if(pclass != 0)
 139              		.loc 1 160 0
 140 0000 19B1     		cbz	r1, .L14
 161:Middlewares/ST/STM32_USB_Device_Library/Core/Src/usbd_core.c ****   {
 162:Middlewares/ST/STM32_USB_Device_Library/Core/Src/usbd_core.c ****     /* link the class to the USB Device handle */
 163:Middlewares/ST/STM32_USB_Device_Library/Core/Src/usbd_core.c ****     pdev->pClass = pclass;
 141              		.loc 1 163 0
 142 0002 C0F81412 		str	r1, [r0, #532]
 164:Middlewares/ST/STM32_USB_Device_Library/Core/Src/usbd_core.c ****     status = USBD_OK;
 143              		.loc 1 164 0
 144 0006 0020     		movs	r0, #0
 145              	.LVL11:
 146 0008 7047     		bx	lr
 147              	.LVL12:
 148              	.L14:
 165:Middlewares/ST/STM32_USB_Device_Library/Core/Src/usbd_core.c ****   }
 166:Middlewares/ST/STM32_USB_Device_Library/Core/Src/usbd_core.c ****   else
 167:Middlewares/ST/STM32_USB_Device_Library/Core/Src/usbd_core.c ****   {
 168:Middlewares/ST/STM32_USB_Device_Library/Core/Src/usbd_core.c ****     USBD_ErrLog("Invalid Class handle");
 169:Middlewares/ST/STM32_USB_Device_Library/Core/Src/usbd_core.c ****     status = USBD_FAIL; 
 149              		.loc 1 169 0
 150 000a 0220     		movs	r0, #2
 151              	.LVL13:
 170:Middlewares/ST/STM32_USB_Device_Library/Core/Src/usbd_core.c ****   }
 171:Middlewares/ST/STM32_USB_Device_Library/Core/Src/usbd_core.c ****   
 172:Middlewares/ST/STM32_USB_Device_Library/Core/Src/usbd_core.c ****   return status;
 173:Middlewares/ST/STM32_USB_Device_Library/Core/Src/usbd_core.c **** }
 152              		.loc 1 173 0
 153 000c 7047     		bx	lr
 154              		.cfi_endproc
 155              	.LFE66:
 157              		.section	.text.USBD_Start,"ax",%progbits
 158              		.align	1
 159              		.global	USBD_Start
 160              		.syntax unified
 161              		.thumb
 162              		.thumb_func
 163              		.fpu softvfp
 165              	USBD_Start:
 166              	.LFB67:
 174:Middlewares/ST/STM32_USB_Device_Library/Core/Src/usbd_core.c **** 
 175:Middlewares/ST/STM32_USB_Device_Library/Core/Src/usbd_core.c **** /**
 176:Middlewares/ST/STM32_USB_Device_Library/Core/Src/usbd_core.c ****   * @brief  USBD_Start 
 177:Middlewares/ST/STM32_USB_Device_Library/Core/Src/usbd_core.c ****   *         Start the USB Device Core.
 178:Middlewares/ST/STM32_USB_Device_Library/Core/Src/usbd_core.c ****   * @param  pdev: Device Handle
 179:Middlewares/ST/STM32_USB_Device_Library/Core/Src/usbd_core.c ****   * @retval USBD Status
 180:Middlewares/ST/STM32_USB_Device_Library/Core/Src/usbd_core.c ****   */
 181:Middlewares/ST/STM32_USB_Device_Library/Core/Src/usbd_core.c **** USBD_StatusTypeDef  USBD_Start  (USBD_HandleTypeDef *pdev)
ARM GAS  /tmp/ccgGaLUX.s 			page 7


 182:Middlewares/ST/STM32_USB_Device_Library/Core/Src/usbd_core.c **** {
 167              		.loc 1 182 0
 168              		.cfi_startproc
 169              		@ args = 0, pretend = 0, frame = 0
 170              		@ frame_needed = 0, uses_anonymous_args = 0
 171              	.LVL14:
 172 0000 08B5     		push	{r3, lr}
 173              	.LCFI3:
 174              		.cfi_def_cfa_offset 8
 175              		.cfi_offset 3, -8
 176              		.cfi_offset 14, -4
 183:Middlewares/ST/STM32_USB_Device_Library/Core/Src/usbd_core.c ****   
 184:Middlewares/ST/STM32_USB_Device_Library/Core/Src/usbd_core.c ****   /* Start the low level driver  */
 185:Middlewares/ST/STM32_USB_Device_Library/Core/Src/usbd_core.c ****   USBD_LL_Start(pdev); 
 177              		.loc 1 185 0
 178 0002 FFF7FEFF 		bl	USBD_LL_Start
 179              	.LVL15:
 186:Middlewares/ST/STM32_USB_Device_Library/Core/Src/usbd_core.c ****   
 187:Middlewares/ST/STM32_USB_Device_Library/Core/Src/usbd_core.c ****   return USBD_OK;  
 188:Middlewares/ST/STM32_USB_Device_Library/Core/Src/usbd_core.c **** }
 180              		.loc 1 188 0
 181 0006 0020     		movs	r0, #0
 182 0008 08BD     		pop	{r3, pc}
 183              		.cfi_endproc
 184              	.LFE67:
 186              		.section	.text.USBD_Stop,"ax",%progbits
 187              		.align	1
 188              		.global	USBD_Stop
 189              		.syntax unified
 190              		.thumb
 191              		.thumb_func
 192              		.fpu softvfp
 194              	USBD_Stop:
 195              	.LFB68:
 189:Middlewares/ST/STM32_USB_Device_Library/Core/Src/usbd_core.c **** 
 190:Middlewares/ST/STM32_USB_Device_Library/Core/Src/usbd_core.c **** /**
 191:Middlewares/ST/STM32_USB_Device_Library/Core/Src/usbd_core.c ****   * @brief  USBD_Stop 
 192:Middlewares/ST/STM32_USB_Device_Library/Core/Src/usbd_core.c ****   *         Stop the USB Device Core.
 193:Middlewares/ST/STM32_USB_Device_Library/Core/Src/usbd_core.c ****   * @param  pdev: Device Handle
 194:Middlewares/ST/STM32_USB_Device_Library/Core/Src/usbd_core.c ****   * @retval USBD Status
 195:Middlewares/ST/STM32_USB_Device_Library/Core/Src/usbd_core.c ****   */
 196:Middlewares/ST/STM32_USB_Device_Library/Core/Src/usbd_core.c **** USBD_StatusTypeDef  USBD_Stop   (USBD_HandleTypeDef *pdev)
 197:Middlewares/ST/STM32_USB_Device_Library/Core/Src/usbd_core.c **** {
 196              		.loc 1 197 0
 197              		.cfi_startproc
 198              		@ args = 0, pretend = 0, frame = 0
 199              		@ frame_needed = 0, uses_anonymous_args = 0
 200              	.LVL16:
 201 0000 10B5     		push	{r4, lr}
 202              	.LCFI4:
 203              		.cfi_def_cfa_offset 8
 204              		.cfi_offset 4, -8
 205              		.cfi_offset 14, -4
 206 0002 0446     		mov	r4, r0
 198:Middlewares/ST/STM32_USB_Device_Library/Core/Src/usbd_core.c ****   /* Free Class Resources */
 199:Middlewares/ST/STM32_USB_Device_Library/Core/Src/usbd_core.c ****   pdev->pClass->DeInit(pdev, pdev->dev_config);  
 207              		.loc 1 199 0
ARM GAS  /tmp/ccgGaLUX.s 			page 8


 208 0004 D0F81432 		ldr	r3, [r0, #532]
 209 0008 5B68     		ldr	r3, [r3, #4]
 210 000a 0179     		ldrb	r1, [r0, #4]	@ zero_extendqisi2
 211 000c 9847     		blx	r3
 212              	.LVL17:
 200:Middlewares/ST/STM32_USB_Device_Library/Core/Src/usbd_core.c **** 
 201:Middlewares/ST/STM32_USB_Device_Library/Core/Src/usbd_core.c ****   /* Stop the low level driver  */
 202:Middlewares/ST/STM32_USB_Device_Library/Core/Src/usbd_core.c ****   USBD_LL_Stop(pdev); 
 213              		.loc 1 202 0
 214 000e 2046     		mov	r0, r4
 215 0010 FFF7FEFF 		bl	USBD_LL_Stop
 216              	.LVL18:
 203:Middlewares/ST/STM32_USB_Device_Library/Core/Src/usbd_core.c ****   
 204:Middlewares/ST/STM32_USB_Device_Library/Core/Src/usbd_core.c ****   return USBD_OK;  
 205:Middlewares/ST/STM32_USB_Device_Library/Core/Src/usbd_core.c **** }
 217              		.loc 1 205 0
 218 0014 0020     		movs	r0, #0
 219 0016 10BD     		pop	{r4, pc}
 220              		.cfi_endproc
 221              	.LFE68:
 223              		.section	.text.USBD_RunTestMode,"ax",%progbits
 224              		.align	1
 225              		.global	USBD_RunTestMode
 226              		.syntax unified
 227              		.thumb
 228              		.thumb_func
 229              		.fpu softvfp
 231              	USBD_RunTestMode:
 232              	.LFB69:
 206:Middlewares/ST/STM32_USB_Device_Library/Core/Src/usbd_core.c **** 
 207:Middlewares/ST/STM32_USB_Device_Library/Core/Src/usbd_core.c **** /**
 208:Middlewares/ST/STM32_USB_Device_Library/Core/Src/usbd_core.c **** * @brief  USBD_RunTestMode 
 209:Middlewares/ST/STM32_USB_Device_Library/Core/Src/usbd_core.c **** *         Launch test mode process
 210:Middlewares/ST/STM32_USB_Device_Library/Core/Src/usbd_core.c **** * @param  pdev: device instance
 211:Middlewares/ST/STM32_USB_Device_Library/Core/Src/usbd_core.c **** * @retval status
 212:Middlewares/ST/STM32_USB_Device_Library/Core/Src/usbd_core.c **** */
 213:Middlewares/ST/STM32_USB_Device_Library/Core/Src/usbd_core.c **** USBD_StatusTypeDef  USBD_RunTestMode (USBD_HandleTypeDef  *pdev) 
 214:Middlewares/ST/STM32_USB_Device_Library/Core/Src/usbd_core.c **** {
 233              		.loc 1 214 0
 234              		.cfi_startproc
 235              		@ args = 0, pretend = 0, frame = 0
 236              		@ frame_needed = 0, uses_anonymous_args = 0
 237              		@ link register save eliminated.
 238              	.LVL19:
 215:Middlewares/ST/STM32_USB_Device_Library/Core/Src/usbd_core.c ****   return USBD_OK;
 216:Middlewares/ST/STM32_USB_Device_Library/Core/Src/usbd_core.c **** }
 239              		.loc 1 216 0
 240 0000 0020     		movs	r0, #0
 241              	.LVL20:
 242 0002 7047     		bx	lr
 243              		.cfi_endproc
 244              	.LFE69:
 246              		.section	.text.USBD_SetClassConfig,"ax",%progbits
 247              		.align	1
 248              		.global	USBD_SetClassConfig
 249              		.syntax unified
 250              		.thumb
ARM GAS  /tmp/ccgGaLUX.s 			page 9


 251              		.thumb_func
 252              		.fpu softvfp
 254              	USBD_SetClassConfig:
 255              	.LFB70:
 217:Middlewares/ST/STM32_USB_Device_Library/Core/Src/usbd_core.c **** 
 218:Middlewares/ST/STM32_USB_Device_Library/Core/Src/usbd_core.c **** 
 219:Middlewares/ST/STM32_USB_Device_Library/Core/Src/usbd_core.c **** /**
 220:Middlewares/ST/STM32_USB_Device_Library/Core/Src/usbd_core.c **** * @brief  USBD_SetClassConfig 
 221:Middlewares/ST/STM32_USB_Device_Library/Core/Src/usbd_core.c **** *        Configure device and start the interface
 222:Middlewares/ST/STM32_USB_Device_Library/Core/Src/usbd_core.c **** * @param  pdev: device instance
 223:Middlewares/ST/STM32_USB_Device_Library/Core/Src/usbd_core.c **** * @param  cfgidx: configuration index
 224:Middlewares/ST/STM32_USB_Device_Library/Core/Src/usbd_core.c **** * @retval status
 225:Middlewares/ST/STM32_USB_Device_Library/Core/Src/usbd_core.c **** */
 226:Middlewares/ST/STM32_USB_Device_Library/Core/Src/usbd_core.c **** 
 227:Middlewares/ST/STM32_USB_Device_Library/Core/Src/usbd_core.c **** USBD_StatusTypeDef USBD_SetClassConfig(USBD_HandleTypeDef  *pdev, uint8_t cfgidx)
 228:Middlewares/ST/STM32_USB_Device_Library/Core/Src/usbd_core.c **** {
 256              		.loc 1 228 0
 257              		.cfi_startproc
 258              		@ args = 0, pretend = 0, frame = 0
 259              		@ frame_needed = 0, uses_anonymous_args = 0
 260              	.LVL21:
 261 0000 08B5     		push	{r3, lr}
 262              	.LCFI5:
 263              		.cfi_def_cfa_offset 8
 264              		.cfi_offset 3, -8
 265              		.cfi_offset 14, -4
 266              	.LVL22:
 229:Middlewares/ST/STM32_USB_Device_Library/Core/Src/usbd_core.c ****   USBD_StatusTypeDef   ret = USBD_FAIL;
 230:Middlewares/ST/STM32_USB_Device_Library/Core/Src/usbd_core.c ****   
 231:Middlewares/ST/STM32_USB_Device_Library/Core/Src/usbd_core.c ****   if(pdev->pClass != NULL)
 267              		.loc 1 231 0
 268 0002 D0F81432 		ldr	r3, [r0, #532]
 269 0006 23B1     		cbz	r3, .L22
 232:Middlewares/ST/STM32_USB_Device_Library/Core/Src/usbd_core.c ****   {
 233:Middlewares/ST/STM32_USB_Device_Library/Core/Src/usbd_core.c ****     /* Set configuration  and Start the Class*/
 234:Middlewares/ST/STM32_USB_Device_Library/Core/Src/usbd_core.c ****     if(pdev->pClass->Init(pdev, cfgidx) == 0)
 270              		.loc 1 234 0
 271 0008 1B68     		ldr	r3, [r3]
 272 000a 9847     		blx	r3
 273              	.LVL23:
 274 000c 18B1     		cbz	r0, .L23
 229:Middlewares/ST/STM32_USB_Device_Library/Core/Src/usbd_core.c ****   USBD_StatusTypeDef   ret = USBD_FAIL;
 275              		.loc 1 229 0
 276 000e 0220     		movs	r0, #2
 277 0010 08BD     		pop	{r3, pc}
 278              	.LVL24:
 279              	.L22:
 280 0012 0220     		movs	r0, #2
 281              	.LVL25:
 282 0014 08BD     		pop	{r3, pc}
 283              	.LVL26:
 284              	.L23:
 235:Middlewares/ST/STM32_USB_Device_Library/Core/Src/usbd_core.c ****     {
 236:Middlewares/ST/STM32_USB_Device_Library/Core/Src/usbd_core.c ****       ret = USBD_OK;
 285              		.loc 1 236 0
 286 0016 0020     		movs	r0, #0
 287              	.LVL27:
ARM GAS  /tmp/ccgGaLUX.s 			page 10


 237:Middlewares/ST/STM32_USB_Device_Library/Core/Src/usbd_core.c ****     }
 238:Middlewares/ST/STM32_USB_Device_Library/Core/Src/usbd_core.c ****   }
 239:Middlewares/ST/STM32_USB_Device_Library/Core/Src/usbd_core.c ****   return ret; 
 240:Middlewares/ST/STM32_USB_Device_Library/Core/Src/usbd_core.c **** }
 288              		.loc 1 240 0
 289 0018 08BD     		pop	{r3, pc}
 290              		.cfi_endproc
 291              	.LFE70:
 293              		.section	.text.USBD_ClrClassConfig,"ax",%progbits
 294              		.align	1
 295              		.global	USBD_ClrClassConfig
 296              		.syntax unified
 297              		.thumb
 298              		.thumb_func
 299              		.fpu softvfp
 301              	USBD_ClrClassConfig:
 302              	.LFB71:
 241:Middlewares/ST/STM32_USB_Device_Library/Core/Src/usbd_core.c **** 
 242:Middlewares/ST/STM32_USB_Device_Library/Core/Src/usbd_core.c **** /**
 243:Middlewares/ST/STM32_USB_Device_Library/Core/Src/usbd_core.c **** * @brief  USBD_ClrClassConfig 
 244:Middlewares/ST/STM32_USB_Device_Library/Core/Src/usbd_core.c **** *         Clear current configuration
 245:Middlewares/ST/STM32_USB_Device_Library/Core/Src/usbd_core.c **** * @param  pdev: device instance
 246:Middlewares/ST/STM32_USB_Device_Library/Core/Src/usbd_core.c **** * @param  cfgidx: configuration index
 247:Middlewares/ST/STM32_USB_Device_Library/Core/Src/usbd_core.c **** * @retval status: USBD_StatusTypeDef
 248:Middlewares/ST/STM32_USB_Device_Library/Core/Src/usbd_core.c **** */
 249:Middlewares/ST/STM32_USB_Device_Library/Core/Src/usbd_core.c **** USBD_StatusTypeDef USBD_ClrClassConfig(USBD_HandleTypeDef  *pdev, uint8_t cfgidx)
 250:Middlewares/ST/STM32_USB_Device_Library/Core/Src/usbd_core.c **** {
 303              		.loc 1 250 0
 304              		.cfi_startproc
 305              		@ args = 0, pretend = 0, frame = 0
 306              		@ frame_needed = 0, uses_anonymous_args = 0
 307              	.LVL28:
 308 0000 08B5     		push	{r3, lr}
 309              	.LCFI6:
 310              		.cfi_def_cfa_offset 8
 311              		.cfi_offset 3, -8
 312              		.cfi_offset 14, -4
 251:Middlewares/ST/STM32_USB_Device_Library/Core/Src/usbd_core.c ****   /* Clear configuration  and De-initialize the Class process*/
 252:Middlewares/ST/STM32_USB_Device_Library/Core/Src/usbd_core.c ****   pdev->pClass->DeInit(pdev, cfgidx);  
 313              		.loc 1 252 0
 314 0002 D0F81432 		ldr	r3, [r0, #532]
 315 0006 5B68     		ldr	r3, [r3, #4]
 316 0008 9847     		blx	r3
 317              	.LVL29:
 253:Middlewares/ST/STM32_USB_Device_Library/Core/Src/usbd_core.c ****   return USBD_OK;
 254:Middlewares/ST/STM32_USB_Device_Library/Core/Src/usbd_core.c **** }
 318              		.loc 1 254 0
 319 000a 0020     		movs	r0, #0
 320 000c 08BD     		pop	{r3, pc}
 321              		.cfi_endproc
 322              	.LFE71:
 324              		.section	.text.USBD_LL_SetupStage,"ax",%progbits
 325              		.align	1
 326              		.global	USBD_LL_SetupStage
 327              		.syntax unified
 328              		.thumb
 329              		.thumb_func
ARM GAS  /tmp/ccgGaLUX.s 			page 11


 330              		.fpu softvfp
 332              	USBD_LL_SetupStage:
 333              	.LFB72:
 255:Middlewares/ST/STM32_USB_Device_Library/Core/Src/usbd_core.c **** 
 256:Middlewares/ST/STM32_USB_Device_Library/Core/Src/usbd_core.c **** 
 257:Middlewares/ST/STM32_USB_Device_Library/Core/Src/usbd_core.c **** /**
 258:Middlewares/ST/STM32_USB_Device_Library/Core/Src/usbd_core.c **** * @brief  USBD_SetupStage 
 259:Middlewares/ST/STM32_USB_Device_Library/Core/Src/usbd_core.c **** *         Handle the setup stage
 260:Middlewares/ST/STM32_USB_Device_Library/Core/Src/usbd_core.c **** * @param  pdev: device instance
 261:Middlewares/ST/STM32_USB_Device_Library/Core/Src/usbd_core.c **** * @retval status
 262:Middlewares/ST/STM32_USB_Device_Library/Core/Src/usbd_core.c **** */
 263:Middlewares/ST/STM32_USB_Device_Library/Core/Src/usbd_core.c **** USBD_StatusTypeDef USBD_LL_SetupStage(USBD_HandleTypeDef *pdev, uint8_t *psetup)
 264:Middlewares/ST/STM32_USB_Device_Library/Core/Src/usbd_core.c **** {
 334              		.loc 1 264 0
 335              		.cfi_startproc
 336              		@ args = 0, pretend = 0, frame = 0
 337              		@ frame_needed = 0, uses_anonymous_args = 0
 338              	.LVL30:
 339 0000 38B5     		push	{r3, r4, r5, lr}
 340              	.LCFI7:
 341              		.cfi_def_cfa_offset 16
 342              		.cfi_offset 3, -16
 343              		.cfi_offset 4, -12
 344              		.cfi_offset 5, -8
 345              		.cfi_offset 14, -4
 346 0002 0446     		mov	r4, r0
 265:Middlewares/ST/STM32_USB_Device_Library/Core/Src/usbd_core.c **** 
 266:Middlewares/ST/STM32_USB_Device_Library/Core/Src/usbd_core.c ****   USBD_ParseSetupRequest(&pdev->request, psetup);
 347              		.loc 1 266 0
 348 0004 00F50275 		add	r5, r0, #520
 349 0008 2846     		mov	r0, r5
 350              	.LVL31:
 351 000a FFF7FEFF 		bl	USBD_ParseSetupRequest
 352              	.LVL32:
 267:Middlewares/ST/STM32_USB_Device_Library/Core/Src/usbd_core.c ****   
 268:Middlewares/ST/STM32_USB_Device_Library/Core/Src/usbd_core.c ****   pdev->ep0_state = USBD_EP0_SETUP;
 353              		.loc 1 268 0
 354 000e 0123     		movs	r3, #1
 355 0010 C4F8F431 		str	r3, [r4, #500]
 269:Middlewares/ST/STM32_USB_Device_Library/Core/Src/usbd_core.c ****   pdev->ep0_data_len = pdev->request.wLength;
 356              		.loc 1 269 0
 357 0014 B4F80E32 		ldrh	r3, [r4, #526]
 358 0018 C4F8F831 		str	r3, [r4, #504]
 270:Middlewares/ST/STM32_USB_Device_Library/Core/Src/usbd_core.c ****   
 271:Middlewares/ST/STM32_USB_Device_Library/Core/Src/usbd_core.c ****   switch (pdev->request.bmRequest & 0x1F) 
 359              		.loc 1 271 0
 360 001c 94F80812 		ldrb	r1, [r4, #520]	@ zero_extendqisi2
 361 0020 01F01F03 		and	r3, r1, #31
 362 0024 012B     		cmp	r3, #1
 363 0026 0ED0     		beq	.L29
 364 0028 3BB1     		cbz	r3, .L30
 365 002a 022B     		cmp	r3, #2
 366 002c 10D0     		beq	.L31
 272:Middlewares/ST/STM32_USB_Device_Library/Core/Src/usbd_core.c ****   {
 273:Middlewares/ST/STM32_USB_Device_Library/Core/Src/usbd_core.c ****   case USB_REQ_RECIPIENT_DEVICE:   
 274:Middlewares/ST/STM32_USB_Device_Library/Core/Src/usbd_core.c ****     USBD_StdDevReq (pdev, &pdev->request);
 275:Middlewares/ST/STM32_USB_Device_Library/Core/Src/usbd_core.c ****     break;
ARM GAS  /tmp/ccgGaLUX.s 			page 12


 276:Middlewares/ST/STM32_USB_Device_Library/Core/Src/usbd_core.c ****     
 277:Middlewares/ST/STM32_USB_Device_Library/Core/Src/usbd_core.c ****   case USB_REQ_RECIPIENT_INTERFACE:     
 278:Middlewares/ST/STM32_USB_Device_Library/Core/Src/usbd_core.c ****     USBD_StdItfReq(pdev, &pdev->request);
 279:Middlewares/ST/STM32_USB_Device_Library/Core/Src/usbd_core.c ****     break;
 280:Middlewares/ST/STM32_USB_Device_Library/Core/Src/usbd_core.c ****     
 281:Middlewares/ST/STM32_USB_Device_Library/Core/Src/usbd_core.c ****   case USB_REQ_RECIPIENT_ENDPOINT:        
 282:Middlewares/ST/STM32_USB_Device_Library/Core/Src/usbd_core.c ****     USBD_StdEPReq(pdev, &pdev->request);   
 283:Middlewares/ST/STM32_USB_Device_Library/Core/Src/usbd_core.c ****     break;
 284:Middlewares/ST/STM32_USB_Device_Library/Core/Src/usbd_core.c ****     
 285:Middlewares/ST/STM32_USB_Device_Library/Core/Src/usbd_core.c ****   default:           
 286:Middlewares/ST/STM32_USB_Device_Library/Core/Src/usbd_core.c ****     USBD_LL_StallEP(pdev , pdev->request.bmRequest & 0x80);
 367              		.loc 1 286 0
 368 002e 01F08001 		and	r1, r1, #128
 369 0032 2046     		mov	r0, r4
 370 0034 FFF7FEFF 		bl	USBD_LL_StallEP
 371              	.LVL33:
 287:Middlewares/ST/STM32_USB_Device_Library/Core/Src/usbd_core.c ****     break;
 372              		.loc 1 287 0
 373 0038 03E0     		b	.L32
 374              	.L30:
 274:Middlewares/ST/STM32_USB_Device_Library/Core/Src/usbd_core.c ****     break;
 375              		.loc 1 274 0
 376 003a 2946     		mov	r1, r5
 377 003c 2046     		mov	r0, r4
 378 003e FFF7FEFF 		bl	USBD_StdDevReq
 379              	.LVL34:
 380              	.L32:
 288:Middlewares/ST/STM32_USB_Device_Library/Core/Src/usbd_core.c ****   }  
 289:Middlewares/ST/STM32_USB_Device_Library/Core/Src/usbd_core.c ****   return USBD_OK;  
 290:Middlewares/ST/STM32_USB_Device_Library/Core/Src/usbd_core.c **** }
 381              		.loc 1 290 0
 382 0042 0020     		movs	r0, #0
 383 0044 38BD     		pop	{r3, r4, r5, pc}
 384              	.LVL35:
 385              	.L29:
 278:Middlewares/ST/STM32_USB_Device_Library/Core/Src/usbd_core.c ****     break;
 386              		.loc 1 278 0
 387 0046 2946     		mov	r1, r5
 388 0048 2046     		mov	r0, r4
 389 004a FFF7FEFF 		bl	USBD_StdItfReq
 390              	.LVL36:
 279:Middlewares/ST/STM32_USB_Device_Library/Core/Src/usbd_core.c ****     
 391              		.loc 1 279 0
 392 004e F8E7     		b	.L32
 393              	.L31:
 282:Middlewares/ST/STM32_USB_Device_Library/Core/Src/usbd_core.c ****     break;
 394              		.loc 1 282 0
 395 0050 2946     		mov	r1, r5
 396 0052 2046     		mov	r0, r4
 397 0054 FFF7FEFF 		bl	USBD_StdEPReq
 398              	.LVL37:
 283:Middlewares/ST/STM32_USB_Device_Library/Core/Src/usbd_core.c ****     
 399              		.loc 1 283 0
 400 0058 F3E7     		b	.L32
 401              		.cfi_endproc
 402              	.LFE72:
 404              		.section	.text.USBD_LL_DataOutStage,"ax",%progbits
ARM GAS  /tmp/ccgGaLUX.s 			page 13


 405              		.align	1
 406              		.global	USBD_LL_DataOutStage
 407              		.syntax unified
 408              		.thumb
 409              		.thumb_func
 410              		.fpu softvfp
 412              	USBD_LL_DataOutStage:
 413              	.LFB73:
 291:Middlewares/ST/STM32_USB_Device_Library/Core/Src/usbd_core.c **** 
 292:Middlewares/ST/STM32_USB_Device_Library/Core/Src/usbd_core.c **** /**
 293:Middlewares/ST/STM32_USB_Device_Library/Core/Src/usbd_core.c **** * @brief  USBD_DataOutStage 
 294:Middlewares/ST/STM32_USB_Device_Library/Core/Src/usbd_core.c **** *         Handle data OUT stage
 295:Middlewares/ST/STM32_USB_Device_Library/Core/Src/usbd_core.c **** * @param  pdev: device instance
 296:Middlewares/ST/STM32_USB_Device_Library/Core/Src/usbd_core.c **** * @param  epnum: endpoint index
 297:Middlewares/ST/STM32_USB_Device_Library/Core/Src/usbd_core.c **** * @retval status
 298:Middlewares/ST/STM32_USB_Device_Library/Core/Src/usbd_core.c **** */
 299:Middlewares/ST/STM32_USB_Device_Library/Core/Src/usbd_core.c **** USBD_StatusTypeDef USBD_LL_DataOutStage(USBD_HandleTypeDef *pdev , uint8_t epnum, uint8_t *pdata)
 300:Middlewares/ST/STM32_USB_Device_Library/Core/Src/usbd_core.c **** {
 414              		.loc 1 300 0
 415              		.cfi_startproc
 416              		@ args = 0, pretend = 0, frame = 0
 417              		@ frame_needed = 0, uses_anonymous_args = 0
 418              	.LVL38:
 419 0000 10B5     		push	{r4, lr}
 420              	.LCFI8:
 421              		.cfi_def_cfa_offset 8
 422              		.cfi_offset 4, -8
 423              		.cfi_offset 14, -4
 424 0002 0446     		mov	r4, r0
 301:Middlewares/ST/STM32_USB_Device_Library/Core/Src/usbd_core.c ****   USBD_EndpointTypeDef    *pep;
 302:Middlewares/ST/STM32_USB_Device_Library/Core/Src/usbd_core.c ****   
 303:Middlewares/ST/STM32_USB_Device_Library/Core/Src/usbd_core.c ****   if(epnum == 0) 
 425              		.loc 1 303 0
 426 0004 19BB     		cbnz	r1, .L36
 427 0006 1346     		mov	r3, r2
 428              	.LVL39:
 304:Middlewares/ST/STM32_USB_Device_Library/Core/Src/usbd_core.c ****   {
 305:Middlewares/ST/STM32_USB_Device_Library/Core/Src/usbd_core.c ****     pep = &pdev->ep_out[0];
 306:Middlewares/ST/STM32_USB_Device_Library/Core/Src/usbd_core.c ****     
 307:Middlewares/ST/STM32_USB_Device_Library/Core/Src/usbd_core.c ****     if ( pdev->ep0_state == USBD_EP0_DATA_OUT)
 429              		.loc 1 307 0
 430 0008 D0F8F421 		ldr	r2, [r0, #500]
 431              	.LVL40:
 432 000c 032A     		cmp	r2, #3
 433 000e 27D1     		bne	.L37
 308:Middlewares/ST/STM32_USB_Device_Library/Core/Src/usbd_core.c ****     {
 309:Middlewares/ST/STM32_USB_Device_Library/Core/Src/usbd_core.c ****       if(pep->rem_length > pep->maxpacket)
 434              		.loc 1 309 0
 435 0010 D0F80C11 		ldr	r1, [r0, #268]
 436              	.LVL41:
 437 0014 D0F81021 		ldr	r2, [r0, #272]
 438 0018 9142     		cmp	r1, r2
 439 001a 0BD8     		bhi	.L41
 310:Middlewares/ST/STM32_USB_Device_Library/Core/Src/usbd_core.c ****       {
 311:Middlewares/ST/STM32_USB_Device_Library/Core/Src/usbd_core.c ****         pep->rem_length -=  pep->maxpacket;
 312:Middlewares/ST/STM32_USB_Device_Library/Core/Src/usbd_core.c ****        
 313:Middlewares/ST/STM32_USB_Device_Library/Core/Src/usbd_core.c ****         USBD_CtlContinueRx (pdev, 
ARM GAS  /tmp/ccgGaLUX.s 			page 14


 314:Middlewares/ST/STM32_USB_Device_Library/Core/Src/usbd_core.c ****                             pdata,
 315:Middlewares/ST/STM32_USB_Device_Library/Core/Src/usbd_core.c ****                             MIN(pep->rem_length ,pep->maxpacket));
 316:Middlewares/ST/STM32_USB_Device_Library/Core/Src/usbd_core.c ****       }
 317:Middlewares/ST/STM32_USB_Device_Library/Core/Src/usbd_core.c ****       else
 318:Middlewares/ST/STM32_USB_Device_Library/Core/Src/usbd_core.c ****       {
 319:Middlewares/ST/STM32_USB_Device_Library/Core/Src/usbd_core.c ****         if((pdev->pClass->EP0_RxReady != NULL)&&
 440              		.loc 1 319 0
 441 001c D0F81432 		ldr	r3, [r0, #532]
 442              	.LVL42:
 443 0020 1B69     		ldr	r3, [r3, #16]
 444 0022 1BB1     		cbz	r3, .L39
 320:Middlewares/ST/STM32_USB_Device_Library/Core/Src/usbd_core.c ****            (pdev->dev_state == USBD_STATE_CONFIGURED))
 445              		.loc 1 320 0 discriminator 1
 446 0024 90F8FC21 		ldrb	r2, [r0, #508]	@ zero_extendqisi2
 319:Middlewares/ST/STM32_USB_Device_Library/Core/Src/usbd_core.c ****            (pdev->dev_state == USBD_STATE_CONFIGURED))
 447              		.loc 1 319 0 discriminator 1
 448 0028 032A     		cmp	r2, #3
 449 002a 0ED0     		beq	.L42
 450              	.LVL43:
 451              	.L39:
 321:Middlewares/ST/STM32_USB_Device_Library/Core/Src/usbd_core.c ****         {
 322:Middlewares/ST/STM32_USB_Device_Library/Core/Src/usbd_core.c ****           pdev->pClass->EP0_RxReady(pdev); 
 323:Middlewares/ST/STM32_USB_Device_Library/Core/Src/usbd_core.c ****         }
 324:Middlewares/ST/STM32_USB_Device_Library/Core/Src/usbd_core.c ****         USBD_CtlSendStatus(pdev);
 452              		.loc 1 324 0
 453 002c 2046     		mov	r0, r4
 454 002e FFF7FEFF 		bl	USBD_CtlSendStatus
 455              	.LVL44:
 456 0032 15E0     		b	.L37
 457              	.LVL45:
 458              	.L41:
 311:Middlewares/ST/STM32_USB_Device_Library/Core/Src/usbd_core.c ****        
 459              		.loc 1 311 0
 460 0034 891A     		subs	r1, r1, r2
 461 0036 C0F80C11 		str	r1, [r0, #268]
 315:Middlewares/ST/STM32_USB_Device_Library/Core/Src/usbd_core.c ****       }
 462              		.loc 1 315 0
 463 003a 8A42     		cmp	r2, r1
 464 003c 28BF     		it	cs
 465 003e 0A46     		movcs	r2, r1
 313:Middlewares/ST/STM32_USB_Device_Library/Core/Src/usbd_core.c ****                             pdata,
 466              		.loc 1 313 0
 467 0040 92B2     		uxth	r2, r2
 468 0042 1946     		mov	r1, r3
 469 0044 FFF7FEFF 		bl	USBD_CtlContinueRx
 470              	.LVL46:
 471 0048 0AE0     		b	.L37
 472              	.LVL47:
 473              	.L42:
 322:Middlewares/ST/STM32_USB_Device_Library/Core/Src/usbd_core.c ****         }
 474              		.loc 1 322 0
 475 004a 9847     		blx	r3
 476              	.LVL48:
 477 004c EEE7     		b	.L39
 478              	.LVL49:
 479              	.L36:
 480 004e 0A46     		mov	r2, r1
ARM GAS  /tmp/ccgGaLUX.s 			page 15


 481              	.LVL50:
 325:Middlewares/ST/STM32_USB_Device_Library/Core/Src/usbd_core.c ****       }
 326:Middlewares/ST/STM32_USB_Device_Library/Core/Src/usbd_core.c ****     }
 327:Middlewares/ST/STM32_USB_Device_Library/Core/Src/usbd_core.c ****   }
 328:Middlewares/ST/STM32_USB_Device_Library/Core/Src/usbd_core.c ****   else if((pdev->pClass->DataOut != NULL)&&
 482              		.loc 1 328 0
 483 0050 D0F81432 		ldr	r3, [r0, #532]
 484 0054 9B69     		ldr	r3, [r3, #24]
 485 0056 1BB1     		cbz	r3, .L37
 329:Middlewares/ST/STM32_USB_Device_Library/Core/Src/usbd_core.c ****           (pdev->dev_state == USBD_STATE_CONFIGURED))
 486              		.loc 1 329 0 discriminator 1
 487 0058 90F8FC11 		ldrb	r1, [r0, #508]	@ zero_extendqisi2
 488              	.LVL51:
 328:Middlewares/ST/STM32_USB_Device_Library/Core/Src/usbd_core.c ****           (pdev->dev_state == USBD_STATE_CONFIGURED))
 489              		.loc 1 328 0 discriminator 1
 490 005c 0329     		cmp	r1, #3
 491 005e 01D0     		beq	.L43
 492              	.LVL52:
 493              	.L37:
 330:Middlewares/ST/STM32_USB_Device_Library/Core/Src/usbd_core.c ****   {
 331:Middlewares/ST/STM32_USB_Device_Library/Core/Src/usbd_core.c ****     pdev->pClass->DataOut(pdev, epnum); 
 332:Middlewares/ST/STM32_USB_Device_Library/Core/Src/usbd_core.c ****   }  
 333:Middlewares/ST/STM32_USB_Device_Library/Core/Src/usbd_core.c ****   return USBD_OK;
 334:Middlewares/ST/STM32_USB_Device_Library/Core/Src/usbd_core.c **** }
 494              		.loc 1 334 0
 495 0060 0020     		movs	r0, #0
 496 0062 10BD     		pop	{r4, pc}
 497              	.LVL53:
 498              	.L43:
 331:Middlewares/ST/STM32_USB_Device_Library/Core/Src/usbd_core.c ****   }  
 499              		.loc 1 331 0
 500 0064 1146     		mov	r1, r2
 501 0066 9847     		blx	r3
 502              	.LVL54:
 503 0068 FAE7     		b	.L37
 504              		.cfi_endproc
 505              	.LFE73:
 507              		.section	.text.USBD_LL_DataInStage,"ax",%progbits
 508              		.align	1
 509              		.global	USBD_LL_DataInStage
 510              		.syntax unified
 511              		.thumb
 512              		.thumb_func
 513              		.fpu softvfp
 515              	USBD_LL_DataInStage:
 516              	.LFB74:
 335:Middlewares/ST/STM32_USB_Device_Library/Core/Src/usbd_core.c **** 
 336:Middlewares/ST/STM32_USB_Device_Library/Core/Src/usbd_core.c **** /**
 337:Middlewares/ST/STM32_USB_Device_Library/Core/Src/usbd_core.c **** * @brief  USBD_DataInStage 
 338:Middlewares/ST/STM32_USB_Device_Library/Core/Src/usbd_core.c **** *         Handle data in stage
 339:Middlewares/ST/STM32_USB_Device_Library/Core/Src/usbd_core.c **** * @param  pdev: device instance
 340:Middlewares/ST/STM32_USB_Device_Library/Core/Src/usbd_core.c **** * @param  epnum: endpoint index
 341:Middlewares/ST/STM32_USB_Device_Library/Core/Src/usbd_core.c **** * @retval status
 342:Middlewares/ST/STM32_USB_Device_Library/Core/Src/usbd_core.c **** */
 343:Middlewares/ST/STM32_USB_Device_Library/Core/Src/usbd_core.c **** USBD_StatusTypeDef USBD_LL_DataInStage(USBD_HandleTypeDef *pdev ,uint8_t epnum, uint8_t *pdata)
 344:Middlewares/ST/STM32_USB_Device_Library/Core/Src/usbd_core.c **** {
 517              		.loc 1 344 0
ARM GAS  /tmp/ccgGaLUX.s 			page 16


 518              		.cfi_startproc
 519              		@ args = 0, pretend = 0, frame = 0
 520              		@ frame_needed = 0, uses_anonymous_args = 0
 521              	.LVL55:
 522 0000 10B5     		push	{r4, lr}
 523              	.LCFI9:
 524              		.cfi_def_cfa_offset 8
 525              		.cfi_offset 4, -8
 526              		.cfi_offset 14, -4
 527 0002 0446     		mov	r4, r0
 345:Middlewares/ST/STM32_USB_Device_Library/Core/Src/usbd_core.c ****   USBD_EndpointTypeDef    *pep;
 346:Middlewares/ST/STM32_USB_Device_Library/Core/Src/usbd_core.c ****     
 347:Middlewares/ST/STM32_USB_Device_Library/Core/Src/usbd_core.c ****   if(epnum == 0) 
 528              		.loc 1 347 0
 529 0004 0029     		cmp	r1, #0
 530 0006 47D1     		bne	.L45
 531 0008 1346     		mov	r3, r2
 532              	.LVL56:
 348:Middlewares/ST/STM32_USB_Device_Library/Core/Src/usbd_core.c ****   {
 349:Middlewares/ST/STM32_USB_Device_Library/Core/Src/usbd_core.c ****     pep = &pdev->ep_in[0];
 350:Middlewares/ST/STM32_USB_Device_Library/Core/Src/usbd_core.c ****     
 351:Middlewares/ST/STM32_USB_Device_Library/Core/Src/usbd_core.c ****     if ( pdev->ep0_state == USBD_EP0_DATA_IN)
 533              		.loc 1 351 0
 534 000a D0F8F421 		ldr	r2, [r0, #500]
 535              	.LVL57:
 536 000e 022A     		cmp	r2, #2
 537 0010 05D0     		beq	.L52
 538              	.LVL58:
 539              	.L46:
 352:Middlewares/ST/STM32_USB_Device_Library/Core/Src/usbd_core.c ****     {
 353:Middlewares/ST/STM32_USB_Device_Library/Core/Src/usbd_core.c ****       if(pep->rem_length > pep->maxpacket)
 354:Middlewares/ST/STM32_USB_Device_Library/Core/Src/usbd_core.c ****       {
 355:Middlewares/ST/STM32_USB_Device_Library/Core/Src/usbd_core.c ****         pep->rem_length -=  pep->maxpacket;
 356:Middlewares/ST/STM32_USB_Device_Library/Core/Src/usbd_core.c ****         
 357:Middlewares/ST/STM32_USB_Device_Library/Core/Src/usbd_core.c ****         USBD_CtlContinueSendData (pdev, 
 358:Middlewares/ST/STM32_USB_Device_Library/Core/Src/usbd_core.c ****                                   pdata, 
 359:Middlewares/ST/STM32_USB_Device_Library/Core/Src/usbd_core.c ****                                   pep->rem_length);
 360:Middlewares/ST/STM32_USB_Device_Library/Core/Src/usbd_core.c ****         
 361:Middlewares/ST/STM32_USB_Device_Library/Core/Src/usbd_core.c ****         /* Prepare endpoint for premature end of transfer */
 362:Middlewares/ST/STM32_USB_Device_Library/Core/Src/usbd_core.c ****         USBD_LL_PrepareReceive (pdev,
 363:Middlewares/ST/STM32_USB_Device_Library/Core/Src/usbd_core.c ****                                 0,
 364:Middlewares/ST/STM32_USB_Device_Library/Core/Src/usbd_core.c ****                                 NULL,
 365:Middlewares/ST/STM32_USB_Device_Library/Core/Src/usbd_core.c ****                                 0);  
 366:Middlewares/ST/STM32_USB_Device_Library/Core/Src/usbd_core.c ****       }
 367:Middlewares/ST/STM32_USB_Device_Library/Core/Src/usbd_core.c ****       else
 368:Middlewares/ST/STM32_USB_Device_Library/Core/Src/usbd_core.c ****       { /* last packet is MPS multiple, so send ZLP packet */
 369:Middlewares/ST/STM32_USB_Device_Library/Core/Src/usbd_core.c ****         if((pep->total_length % pep->maxpacket == 0) &&
 370:Middlewares/ST/STM32_USB_Device_Library/Core/Src/usbd_core.c ****            (pep->total_length >= pep->maxpacket) &&
 371:Middlewares/ST/STM32_USB_Device_Library/Core/Src/usbd_core.c ****              (pep->total_length < pdev->ep0_data_len ))
 372:Middlewares/ST/STM32_USB_Device_Library/Core/Src/usbd_core.c ****         {
 373:Middlewares/ST/STM32_USB_Device_Library/Core/Src/usbd_core.c ****           
 374:Middlewares/ST/STM32_USB_Device_Library/Core/Src/usbd_core.c ****           USBD_CtlContinueSendData(pdev , NULL, 0);
 375:Middlewares/ST/STM32_USB_Device_Library/Core/Src/usbd_core.c ****           pdev->ep0_data_len = 0;
 376:Middlewares/ST/STM32_USB_Device_Library/Core/Src/usbd_core.c ****           
 377:Middlewares/ST/STM32_USB_Device_Library/Core/Src/usbd_core.c ****         /* Prepare endpoint for premature end of transfer */
 378:Middlewares/ST/STM32_USB_Device_Library/Core/Src/usbd_core.c ****         USBD_LL_PrepareReceive (pdev,
 379:Middlewares/ST/STM32_USB_Device_Library/Core/Src/usbd_core.c ****                                 0,
ARM GAS  /tmp/ccgGaLUX.s 			page 17


 380:Middlewares/ST/STM32_USB_Device_Library/Core/Src/usbd_core.c ****                                 NULL,
 381:Middlewares/ST/STM32_USB_Device_Library/Core/Src/usbd_core.c ****                                 0);
 382:Middlewares/ST/STM32_USB_Device_Library/Core/Src/usbd_core.c ****         }
 383:Middlewares/ST/STM32_USB_Device_Library/Core/Src/usbd_core.c ****         else
 384:Middlewares/ST/STM32_USB_Device_Library/Core/Src/usbd_core.c ****         {
 385:Middlewares/ST/STM32_USB_Device_Library/Core/Src/usbd_core.c ****           if((pdev->pClass->EP0_TxSent != NULL)&&
 386:Middlewares/ST/STM32_USB_Device_Library/Core/Src/usbd_core.c ****              (pdev->dev_state == USBD_STATE_CONFIGURED))
 387:Middlewares/ST/STM32_USB_Device_Library/Core/Src/usbd_core.c ****           {
 388:Middlewares/ST/STM32_USB_Device_Library/Core/Src/usbd_core.c ****             pdev->pClass->EP0_TxSent(pdev); 
 389:Middlewares/ST/STM32_USB_Device_Library/Core/Src/usbd_core.c ****           }          
 390:Middlewares/ST/STM32_USB_Device_Library/Core/Src/usbd_core.c ****           USBD_CtlReceiveStatus(pdev);
 391:Middlewares/ST/STM32_USB_Device_Library/Core/Src/usbd_core.c ****         }
 392:Middlewares/ST/STM32_USB_Device_Library/Core/Src/usbd_core.c ****       }
 393:Middlewares/ST/STM32_USB_Device_Library/Core/Src/usbd_core.c ****     }
 394:Middlewares/ST/STM32_USB_Device_Library/Core/Src/usbd_core.c ****     if (pdev->dev_test_mode == 1)
 540              		.loc 1 394 0
 541 0012 94F80032 		ldrb	r3, [r4, #512]	@ zero_extendqisi2
 542 0016 012B     		cmp	r3, #1
 543 0018 3AD0     		beq	.L53
 544              	.LVL59:
 545              	.L50:
 395:Middlewares/ST/STM32_USB_Device_Library/Core/Src/usbd_core.c ****     {
 396:Middlewares/ST/STM32_USB_Device_Library/Core/Src/usbd_core.c ****       USBD_RunTestMode(pdev); 
 397:Middlewares/ST/STM32_USB_Device_Library/Core/Src/usbd_core.c ****       pdev->dev_test_mode = 0;
 398:Middlewares/ST/STM32_USB_Device_Library/Core/Src/usbd_core.c ****     }
 399:Middlewares/ST/STM32_USB_Device_Library/Core/Src/usbd_core.c ****   }
 400:Middlewares/ST/STM32_USB_Device_Library/Core/Src/usbd_core.c ****   else if((pdev->pClass->DataIn != NULL)&& 
 401:Middlewares/ST/STM32_USB_Device_Library/Core/Src/usbd_core.c ****           (pdev->dev_state == USBD_STATE_CONFIGURED))
 402:Middlewares/ST/STM32_USB_Device_Library/Core/Src/usbd_core.c ****   {
 403:Middlewares/ST/STM32_USB_Device_Library/Core/Src/usbd_core.c ****     pdev->pClass->DataIn(pdev, epnum); 
 404:Middlewares/ST/STM32_USB_Device_Library/Core/Src/usbd_core.c ****   }  
 405:Middlewares/ST/STM32_USB_Device_Library/Core/Src/usbd_core.c ****   return USBD_OK;
 406:Middlewares/ST/STM32_USB_Device_Library/Core/Src/usbd_core.c **** }
 546              		.loc 1 406 0
 547 001a 0020     		movs	r0, #0
 548 001c 10BD     		pop	{r4, pc}
 549              	.LVL60:
 550              	.L52:
 353:Middlewares/ST/STM32_USB_Device_Library/Core/Src/usbd_core.c ****       {
 551              		.loc 1 353 0
 552 001e C169     		ldr	r1, [r0, #28]
 553              	.LVL61:
 554 0020 026A     		ldr	r2, [r0, #32]
 555 0022 9142     		cmp	r1, r2
 556 0024 17D8     		bhi	.L54
 369:Middlewares/ST/STM32_USB_Device_Library/Core/Src/usbd_core.c ****            (pep->total_length >= pep->maxpacket) &&
 557              		.loc 1 369 0
 558 0026 8169     		ldr	r1, [r0, #24]
 559 0028 B1FBF2F3 		udiv	r3, r1, r2
 560              	.LVL62:
 561 002c 02FB1313 		mls	r3, r2, r3, r1
 562 0030 2BB9     		cbnz	r3, .L48
 369:Middlewares/ST/STM32_USB_Device_Library/Core/Src/usbd_core.c ****            (pep->total_length >= pep->maxpacket) &&
 563              		.loc 1 369 0 is_stmt 0 discriminator 1
 564 0032 8A42     		cmp	r2, r1
 565 0034 03D8     		bhi	.L48
 371:Middlewares/ST/STM32_USB_Device_Library/Core/Src/usbd_core.c ****         {
ARM GAS  /tmp/ccgGaLUX.s 			page 18


 566              		.loc 1 371 0 is_stmt 1
 567 0036 D0F8F831 		ldr	r3, [r0, #504]
 370:Middlewares/ST/STM32_USB_Device_Library/Core/Src/usbd_core.c ****              (pep->total_length < pdev->ep0_data_len ))
 568              		.loc 1 370 0
 569 003a 9942     		cmp	r1, r3
 570 003c 18D3     		bcc	.L55
 571              	.L48:
 385:Middlewares/ST/STM32_USB_Device_Library/Core/Src/usbd_core.c ****              (pdev->dev_state == USBD_STATE_CONFIGURED))
 572              		.loc 1 385 0
 573 003e D4F81432 		ldr	r3, [r4, #532]
 574 0042 DB68     		ldr	r3, [r3, #12]
 575 0044 1BB1     		cbz	r3, .L49
 386:Middlewares/ST/STM32_USB_Device_Library/Core/Src/usbd_core.c ****           {
 576              		.loc 1 386 0 discriminator 1
 577 0046 94F8FC21 		ldrb	r2, [r4, #508]	@ zero_extendqisi2
 385:Middlewares/ST/STM32_USB_Device_Library/Core/Src/usbd_core.c ****              (pdev->dev_state == USBD_STATE_CONFIGURED))
 578              		.loc 1 385 0 discriminator 1
 579 004a 032A     		cmp	r2, #3
 580 004c 1DD0     		beq	.L56
 581              	.LVL63:
 582              	.L49:
 390:Middlewares/ST/STM32_USB_Device_Library/Core/Src/usbd_core.c ****         }
 583              		.loc 1 390 0
 584 004e 2046     		mov	r0, r4
 585 0050 FFF7FEFF 		bl	USBD_CtlReceiveStatus
 586              	.LVL64:
 587 0054 DDE7     		b	.L46
 588              	.LVL65:
 589              	.L54:
 355:Middlewares/ST/STM32_USB_Device_Library/Core/Src/usbd_core.c ****         
 590              		.loc 1 355 0
 591 0056 8A1A     		subs	r2, r1, r2
 592 0058 C261     		str	r2, [r0, #28]
 357:Middlewares/ST/STM32_USB_Device_Library/Core/Src/usbd_core.c ****                                   pdata, 
 593              		.loc 1 357 0
 594 005a 92B2     		uxth	r2, r2
 595 005c 1946     		mov	r1, r3
 596 005e FFF7FEFF 		bl	USBD_CtlContinueSendData
 597              	.LVL66:
 362:Middlewares/ST/STM32_USB_Device_Library/Core/Src/usbd_core.c ****                                 0,
 598              		.loc 1 362 0
 599 0062 0023     		movs	r3, #0
 600 0064 1A46     		mov	r2, r3
 601 0066 1946     		mov	r1, r3
 602 0068 2046     		mov	r0, r4
 603 006a FFF7FEFF 		bl	USBD_LL_PrepareReceive
 604              	.LVL67:
 605 006e D0E7     		b	.L46
 606              	.LVL68:
 607              	.L55:
 374:Middlewares/ST/STM32_USB_Device_Library/Core/Src/usbd_core.c ****           pdev->ep0_data_len = 0;
 608              		.loc 1 374 0
 609 0070 0022     		movs	r2, #0
 610 0072 1146     		mov	r1, r2
 611 0074 FFF7FEFF 		bl	USBD_CtlContinueSendData
 612              	.LVL69:
 375:Middlewares/ST/STM32_USB_Device_Library/Core/Src/usbd_core.c ****           
ARM GAS  /tmp/ccgGaLUX.s 			page 19


 613              		.loc 1 375 0
 614 0078 0021     		movs	r1, #0
 615 007a C4F8F811 		str	r1, [r4, #504]
 378:Middlewares/ST/STM32_USB_Device_Library/Core/Src/usbd_core.c ****                                 0,
 616              		.loc 1 378 0
 617 007e 0B46     		mov	r3, r1
 618 0080 0A46     		mov	r2, r1
 619 0082 2046     		mov	r0, r4
 620 0084 FFF7FEFF 		bl	USBD_LL_PrepareReceive
 621              	.LVL70:
 622 0088 C3E7     		b	.L46
 623              	.LVL71:
 624              	.L56:
 388:Middlewares/ST/STM32_USB_Device_Library/Core/Src/usbd_core.c ****           }          
 625              		.loc 1 388 0
 626 008a 2046     		mov	r0, r4
 627              	.LVL72:
 628 008c 9847     		blx	r3
 629              	.LVL73:
 630 008e DEE7     		b	.L49
 631              	.L53:
 397:Middlewares/ST/STM32_USB_Device_Library/Core/Src/usbd_core.c ****     }
 632              		.loc 1 397 0
 633 0090 0023     		movs	r3, #0
 634 0092 84F80032 		strb	r3, [r4, #512]
 635 0096 C0E7     		b	.L50
 636              	.LVL74:
 637              	.L45:
 638 0098 0A46     		mov	r2, r1
 639              	.LVL75:
 400:Middlewares/ST/STM32_USB_Device_Library/Core/Src/usbd_core.c ****           (pdev->dev_state == USBD_STATE_CONFIGURED))
 640              		.loc 1 400 0
 641 009a D0F81432 		ldr	r3, [r0, #532]
 642 009e 5B69     		ldr	r3, [r3, #20]
 643 00a0 002B     		cmp	r3, #0
 644 00a2 BAD0     		beq	.L50
 401:Middlewares/ST/STM32_USB_Device_Library/Core/Src/usbd_core.c ****   {
 645              		.loc 1 401 0 discriminator 1
 646 00a4 90F8FC11 		ldrb	r1, [r0, #508]	@ zero_extendqisi2
 647              	.LVL76:
 400:Middlewares/ST/STM32_USB_Device_Library/Core/Src/usbd_core.c ****           (pdev->dev_state == USBD_STATE_CONFIGURED))
 648              		.loc 1 400 0 discriminator 1
 649 00a8 0329     		cmp	r1, #3
 650 00aa B6D1     		bne	.L50
 403:Middlewares/ST/STM32_USB_Device_Library/Core/Src/usbd_core.c ****   }  
 651              		.loc 1 403 0
 652 00ac 1146     		mov	r1, r2
 653 00ae 9847     		blx	r3
 654              	.LVL77:
 655 00b0 B3E7     		b	.L50
 656              		.cfi_endproc
 657              	.LFE74:
 659              		.section	.text.USBD_LL_Reset,"ax",%progbits
 660              		.align	1
 661              		.global	USBD_LL_Reset
 662              		.syntax unified
 663              		.thumb
ARM GAS  /tmp/ccgGaLUX.s 			page 20


 664              		.thumb_func
 665              		.fpu softvfp
 667              	USBD_LL_Reset:
 668              	.LFB75:
 407:Middlewares/ST/STM32_USB_Device_Library/Core/Src/usbd_core.c **** 
 408:Middlewares/ST/STM32_USB_Device_Library/Core/Src/usbd_core.c **** /**
 409:Middlewares/ST/STM32_USB_Device_Library/Core/Src/usbd_core.c **** * @brief  USBD_LL_Reset 
 410:Middlewares/ST/STM32_USB_Device_Library/Core/Src/usbd_core.c **** *         Handle Reset event
 411:Middlewares/ST/STM32_USB_Device_Library/Core/Src/usbd_core.c **** * @param  pdev: device instance
 412:Middlewares/ST/STM32_USB_Device_Library/Core/Src/usbd_core.c **** * @retval status
 413:Middlewares/ST/STM32_USB_Device_Library/Core/Src/usbd_core.c **** */
 414:Middlewares/ST/STM32_USB_Device_Library/Core/Src/usbd_core.c **** 
 415:Middlewares/ST/STM32_USB_Device_Library/Core/Src/usbd_core.c **** USBD_StatusTypeDef USBD_LL_Reset(USBD_HandleTypeDef  *pdev)
 416:Middlewares/ST/STM32_USB_Device_Library/Core/Src/usbd_core.c **** {
 669              		.loc 1 416 0
 670              		.cfi_startproc
 671              		@ args = 0, pretend = 0, frame = 0
 672              		@ frame_needed = 0, uses_anonymous_args = 0
 673              	.LVL78:
 674 0000 38B5     		push	{r3, r4, r5, lr}
 675              	.LCFI10:
 676              		.cfi_def_cfa_offset 16
 677              		.cfi_offset 3, -16
 678              		.cfi_offset 4, -12
 679              		.cfi_offset 5, -8
 680              		.cfi_offset 14, -4
 681 0002 0446     		mov	r4, r0
 417:Middlewares/ST/STM32_USB_Device_Library/Core/Src/usbd_core.c ****   /* Open EP0 OUT */
 418:Middlewares/ST/STM32_USB_Device_Library/Core/Src/usbd_core.c ****   USBD_LL_OpenEP(pdev,
 682              		.loc 1 418 0
 683 0004 4023     		movs	r3, #64
 684 0006 0022     		movs	r2, #0
 685 0008 1146     		mov	r1, r2
 686 000a FFF7FEFF 		bl	USBD_LL_OpenEP
 687              	.LVL79:
 419:Middlewares/ST/STM32_USB_Device_Library/Core/Src/usbd_core.c ****               0x00,
 420:Middlewares/ST/STM32_USB_Device_Library/Core/Src/usbd_core.c ****               USBD_EP_TYPE_CTRL,
 421:Middlewares/ST/STM32_USB_Device_Library/Core/Src/usbd_core.c ****               USB_MAX_EP0_SIZE);
 422:Middlewares/ST/STM32_USB_Device_Library/Core/Src/usbd_core.c ****   
 423:Middlewares/ST/STM32_USB_Device_Library/Core/Src/usbd_core.c ****   pdev->ep_out[0].maxpacket = USB_MAX_EP0_SIZE;
 688              		.loc 1 423 0
 689 000e 4025     		movs	r5, #64
 690 0010 C4F81051 		str	r5, [r4, #272]
 424:Middlewares/ST/STM32_USB_Device_Library/Core/Src/usbd_core.c ****   
 425:Middlewares/ST/STM32_USB_Device_Library/Core/Src/usbd_core.c ****   /* Open EP0 IN */
 426:Middlewares/ST/STM32_USB_Device_Library/Core/Src/usbd_core.c ****   USBD_LL_OpenEP(pdev,
 691              		.loc 1 426 0
 692 0014 2B46     		mov	r3, r5
 693 0016 0022     		movs	r2, #0
 694 0018 8021     		movs	r1, #128
 695 001a 2046     		mov	r0, r4
 696 001c FFF7FEFF 		bl	USBD_LL_OpenEP
 697              	.LVL80:
 427:Middlewares/ST/STM32_USB_Device_Library/Core/Src/usbd_core.c ****               0x80,
 428:Middlewares/ST/STM32_USB_Device_Library/Core/Src/usbd_core.c ****               USBD_EP_TYPE_CTRL,
 429:Middlewares/ST/STM32_USB_Device_Library/Core/Src/usbd_core.c ****               USB_MAX_EP0_SIZE);
 430:Middlewares/ST/STM32_USB_Device_Library/Core/Src/usbd_core.c ****   
ARM GAS  /tmp/ccgGaLUX.s 			page 21


 431:Middlewares/ST/STM32_USB_Device_Library/Core/Src/usbd_core.c ****   pdev->ep_in[0].maxpacket = USB_MAX_EP0_SIZE;
 698              		.loc 1 431 0
 699 0020 2562     		str	r5, [r4, #32]
 432:Middlewares/ST/STM32_USB_Device_Library/Core/Src/usbd_core.c ****   /* Upon Reset call user call back */
 433:Middlewares/ST/STM32_USB_Device_Library/Core/Src/usbd_core.c ****   pdev->dev_state = USBD_STATE_DEFAULT;
 700              		.loc 1 433 0
 701 0022 0123     		movs	r3, #1
 702 0024 84F8FC31 		strb	r3, [r4, #508]
 434:Middlewares/ST/STM32_USB_Device_Library/Core/Src/usbd_core.c ****   
 435:Middlewares/ST/STM32_USB_Device_Library/Core/Src/usbd_core.c ****   if (pdev->pClassData) 
 703              		.loc 1 435 0
 704 0028 D4F81832 		ldr	r3, [r4, #536]
 705 002c 2BB1     		cbz	r3, .L58
 436:Middlewares/ST/STM32_USB_Device_Library/Core/Src/usbd_core.c ****     pdev->pClass->DeInit(pdev, pdev->dev_config);  
 706              		.loc 1 436 0
 707 002e D4F81432 		ldr	r3, [r4, #532]
 708 0032 5B68     		ldr	r3, [r3, #4]
 709 0034 2179     		ldrb	r1, [r4, #4]	@ zero_extendqisi2
 710 0036 2046     		mov	r0, r4
 711 0038 9847     		blx	r3
 712              	.LVL81:
 713              	.L58:
 437:Middlewares/ST/STM32_USB_Device_Library/Core/Src/usbd_core.c ****  
 438:Middlewares/ST/STM32_USB_Device_Library/Core/Src/usbd_core.c ****   
 439:Middlewares/ST/STM32_USB_Device_Library/Core/Src/usbd_core.c ****   return USBD_OK;
 440:Middlewares/ST/STM32_USB_Device_Library/Core/Src/usbd_core.c **** }
 714              		.loc 1 440 0
 715 003a 0020     		movs	r0, #0
 716 003c 38BD     		pop	{r3, r4, r5, pc}
 717              		.cfi_endproc
 718              	.LFE75:
 720              		.section	.text.USBD_LL_SetSpeed,"ax",%progbits
 721              		.align	1
 722              		.global	USBD_LL_SetSpeed
 723              		.syntax unified
 724              		.thumb
 725              		.thumb_func
 726              		.fpu softvfp
 728              	USBD_LL_SetSpeed:
 729              	.LFB76:
 441:Middlewares/ST/STM32_USB_Device_Library/Core/Src/usbd_core.c **** 
 442:Middlewares/ST/STM32_USB_Device_Library/Core/Src/usbd_core.c **** 
 443:Middlewares/ST/STM32_USB_Device_Library/Core/Src/usbd_core.c **** 
 444:Middlewares/ST/STM32_USB_Device_Library/Core/Src/usbd_core.c **** 
 445:Middlewares/ST/STM32_USB_Device_Library/Core/Src/usbd_core.c **** /**
 446:Middlewares/ST/STM32_USB_Device_Library/Core/Src/usbd_core.c **** * @brief  USBD_LL_Reset 
 447:Middlewares/ST/STM32_USB_Device_Library/Core/Src/usbd_core.c **** *         Handle Reset event
 448:Middlewares/ST/STM32_USB_Device_Library/Core/Src/usbd_core.c **** * @param  pdev: device instance
 449:Middlewares/ST/STM32_USB_Device_Library/Core/Src/usbd_core.c **** * @retval status
 450:Middlewares/ST/STM32_USB_Device_Library/Core/Src/usbd_core.c **** */
 451:Middlewares/ST/STM32_USB_Device_Library/Core/Src/usbd_core.c **** USBD_StatusTypeDef USBD_LL_SetSpeed(USBD_HandleTypeDef  *pdev, USBD_SpeedTypeDef speed)
 452:Middlewares/ST/STM32_USB_Device_Library/Core/Src/usbd_core.c **** {
 730              		.loc 1 452 0
 731              		.cfi_startproc
 732              		@ args = 0, pretend = 0, frame = 0
 733              		@ frame_needed = 0, uses_anonymous_args = 0
 734              		@ link register save eliminated.
ARM GAS  /tmp/ccgGaLUX.s 			page 22


 735              	.LVL82:
 453:Middlewares/ST/STM32_USB_Device_Library/Core/Src/usbd_core.c ****   pdev->dev_speed = speed;
 736              		.loc 1 453 0
 737 0000 0174     		strb	r1, [r0, #16]
 454:Middlewares/ST/STM32_USB_Device_Library/Core/Src/usbd_core.c ****   return USBD_OK;
 455:Middlewares/ST/STM32_USB_Device_Library/Core/Src/usbd_core.c **** }
 738              		.loc 1 455 0
 739 0002 0020     		movs	r0, #0
 740              	.LVL83:
 741 0004 7047     		bx	lr
 742              		.cfi_endproc
 743              	.LFE76:
 745              		.section	.text.USBD_LL_Suspend,"ax",%progbits
 746              		.align	1
 747              		.global	USBD_LL_Suspend
 748              		.syntax unified
 749              		.thumb
 750              		.thumb_func
 751              		.fpu softvfp
 753              	USBD_LL_Suspend:
 754              	.LFB77:
 456:Middlewares/ST/STM32_USB_Device_Library/Core/Src/usbd_core.c **** 
 457:Middlewares/ST/STM32_USB_Device_Library/Core/Src/usbd_core.c **** /**
 458:Middlewares/ST/STM32_USB_Device_Library/Core/Src/usbd_core.c **** * @brief  USBD_Suspend 
 459:Middlewares/ST/STM32_USB_Device_Library/Core/Src/usbd_core.c **** *         Handle Suspend event
 460:Middlewares/ST/STM32_USB_Device_Library/Core/Src/usbd_core.c **** * @param  pdev: device instance
 461:Middlewares/ST/STM32_USB_Device_Library/Core/Src/usbd_core.c **** * @retval status
 462:Middlewares/ST/STM32_USB_Device_Library/Core/Src/usbd_core.c **** */
 463:Middlewares/ST/STM32_USB_Device_Library/Core/Src/usbd_core.c **** 
 464:Middlewares/ST/STM32_USB_Device_Library/Core/Src/usbd_core.c **** USBD_StatusTypeDef USBD_LL_Suspend(USBD_HandleTypeDef  *pdev)
 465:Middlewares/ST/STM32_USB_Device_Library/Core/Src/usbd_core.c **** {
 755              		.loc 1 465 0
 756              		.cfi_startproc
 757              		@ args = 0, pretend = 0, frame = 0
 758              		@ frame_needed = 0, uses_anonymous_args = 0
 759              		@ link register save eliminated.
 760              	.LVL84:
 466:Middlewares/ST/STM32_USB_Device_Library/Core/Src/usbd_core.c ****   pdev->dev_old_state =  pdev->dev_state;
 761              		.loc 1 466 0
 762 0000 90F8FC31 		ldrb	r3, [r0, #508]	@ zero_extendqisi2
 763 0004 80F8FD31 		strb	r3, [r0, #509]
 467:Middlewares/ST/STM32_USB_Device_Library/Core/Src/usbd_core.c ****   pdev->dev_state  = USBD_STATE_SUSPENDED;
 764              		.loc 1 467 0
 765 0008 0423     		movs	r3, #4
 766 000a 80F8FC31 		strb	r3, [r0, #508]
 468:Middlewares/ST/STM32_USB_Device_Library/Core/Src/usbd_core.c ****   return USBD_OK;
 469:Middlewares/ST/STM32_USB_Device_Library/Core/Src/usbd_core.c **** }
 767              		.loc 1 469 0
 768 000e 0020     		movs	r0, #0
 769              	.LVL85:
 770 0010 7047     		bx	lr
 771              		.cfi_endproc
 772              	.LFE77:
 774              		.section	.text.USBD_LL_Resume,"ax",%progbits
 775              		.align	1
 776              		.global	USBD_LL_Resume
 777              		.syntax unified
ARM GAS  /tmp/ccgGaLUX.s 			page 23


 778              		.thumb
 779              		.thumb_func
 780              		.fpu softvfp
 782              	USBD_LL_Resume:
 783              	.LFB78:
 470:Middlewares/ST/STM32_USB_Device_Library/Core/Src/usbd_core.c **** 
 471:Middlewares/ST/STM32_USB_Device_Library/Core/Src/usbd_core.c **** /**
 472:Middlewares/ST/STM32_USB_Device_Library/Core/Src/usbd_core.c **** * @brief  USBD_Resume 
 473:Middlewares/ST/STM32_USB_Device_Library/Core/Src/usbd_core.c **** *         Handle Resume event
 474:Middlewares/ST/STM32_USB_Device_Library/Core/Src/usbd_core.c **** * @param  pdev: device instance
 475:Middlewares/ST/STM32_USB_Device_Library/Core/Src/usbd_core.c **** * @retval status
 476:Middlewares/ST/STM32_USB_Device_Library/Core/Src/usbd_core.c **** */
 477:Middlewares/ST/STM32_USB_Device_Library/Core/Src/usbd_core.c **** 
 478:Middlewares/ST/STM32_USB_Device_Library/Core/Src/usbd_core.c **** USBD_StatusTypeDef USBD_LL_Resume(USBD_HandleTypeDef  *pdev)
 479:Middlewares/ST/STM32_USB_Device_Library/Core/Src/usbd_core.c **** {
 784              		.loc 1 479 0
 785              		.cfi_startproc
 786              		@ args = 0, pretend = 0, frame = 0
 787              		@ frame_needed = 0, uses_anonymous_args = 0
 788              		@ link register save eliminated.
 789              	.LVL86:
 480:Middlewares/ST/STM32_USB_Device_Library/Core/Src/usbd_core.c ****   pdev->dev_state = pdev->dev_old_state;  
 790              		.loc 1 480 0
 791 0000 90F8FD31 		ldrb	r3, [r0, #509]	@ zero_extendqisi2
 792 0004 80F8FC31 		strb	r3, [r0, #508]
 481:Middlewares/ST/STM32_USB_Device_Library/Core/Src/usbd_core.c ****   return USBD_OK;
 482:Middlewares/ST/STM32_USB_Device_Library/Core/Src/usbd_core.c **** }
 793              		.loc 1 482 0
 794 0008 0020     		movs	r0, #0
 795              	.LVL87:
 796 000a 7047     		bx	lr
 797              		.cfi_endproc
 798              	.LFE78:
 800              		.section	.text.USBD_LL_SOF,"ax",%progbits
 801              		.align	1
 802              		.global	USBD_LL_SOF
 803              		.syntax unified
 804              		.thumb
 805              		.thumb_func
 806              		.fpu softvfp
 808              	USBD_LL_SOF:
 809              	.LFB79:
 483:Middlewares/ST/STM32_USB_Device_Library/Core/Src/usbd_core.c **** 
 484:Middlewares/ST/STM32_USB_Device_Library/Core/Src/usbd_core.c **** /**
 485:Middlewares/ST/STM32_USB_Device_Library/Core/Src/usbd_core.c **** * @brief  USBD_SOF 
 486:Middlewares/ST/STM32_USB_Device_Library/Core/Src/usbd_core.c **** *         Handle SOF event
 487:Middlewares/ST/STM32_USB_Device_Library/Core/Src/usbd_core.c **** * @param  pdev: device instance
 488:Middlewares/ST/STM32_USB_Device_Library/Core/Src/usbd_core.c **** * @retval status
 489:Middlewares/ST/STM32_USB_Device_Library/Core/Src/usbd_core.c **** */
 490:Middlewares/ST/STM32_USB_Device_Library/Core/Src/usbd_core.c **** 
 491:Middlewares/ST/STM32_USB_Device_Library/Core/Src/usbd_core.c **** USBD_StatusTypeDef USBD_LL_SOF(USBD_HandleTypeDef  *pdev)
 492:Middlewares/ST/STM32_USB_Device_Library/Core/Src/usbd_core.c **** {
 810              		.loc 1 492 0
 811              		.cfi_startproc
 812              		@ args = 0, pretend = 0, frame = 0
 813              		@ frame_needed = 0, uses_anonymous_args = 0
 814              	.LVL88:
ARM GAS  /tmp/ccgGaLUX.s 			page 24


 815 0000 08B5     		push	{r3, lr}
 816              	.LCFI11:
 817              		.cfi_def_cfa_offset 8
 818              		.cfi_offset 3, -8
 819              		.cfi_offset 14, -4
 493:Middlewares/ST/STM32_USB_Device_Library/Core/Src/usbd_core.c ****   if(pdev->dev_state == USBD_STATE_CONFIGURED)
 820              		.loc 1 493 0
 821 0002 90F8FC31 		ldrb	r3, [r0, #508]	@ zero_extendqisi2
 822 0006 032B     		cmp	r3, #3
 823 0008 01D0     		beq	.L66
 824              	.LVL89:
 825              	.L64:
 494:Middlewares/ST/STM32_USB_Device_Library/Core/Src/usbd_core.c ****   {
 495:Middlewares/ST/STM32_USB_Device_Library/Core/Src/usbd_core.c ****     if(pdev->pClass->SOF != NULL)
 496:Middlewares/ST/STM32_USB_Device_Library/Core/Src/usbd_core.c ****     {
 497:Middlewares/ST/STM32_USB_Device_Library/Core/Src/usbd_core.c ****       pdev->pClass->SOF(pdev);
 498:Middlewares/ST/STM32_USB_Device_Library/Core/Src/usbd_core.c ****     }
 499:Middlewares/ST/STM32_USB_Device_Library/Core/Src/usbd_core.c ****   }
 500:Middlewares/ST/STM32_USB_Device_Library/Core/Src/usbd_core.c ****   return USBD_OK;
 501:Middlewares/ST/STM32_USB_Device_Library/Core/Src/usbd_core.c **** }
 826              		.loc 1 501 0
 827 000a 0020     		movs	r0, #0
 828 000c 08BD     		pop	{r3, pc}
 829              	.LVL90:
 830              	.L66:
 495:Middlewares/ST/STM32_USB_Device_Library/Core/Src/usbd_core.c ****     {
 831              		.loc 1 495 0
 832 000e D0F81432 		ldr	r3, [r0, #532]
 833 0012 DB69     		ldr	r3, [r3, #28]
 834 0014 002B     		cmp	r3, #0
 835 0016 F8D0     		beq	.L64
 497:Middlewares/ST/STM32_USB_Device_Library/Core/Src/usbd_core.c ****     }
 836              		.loc 1 497 0
 837 0018 9847     		blx	r3
 838              	.LVL91:
 839 001a F6E7     		b	.L64
 840              		.cfi_endproc
 841              	.LFE79:
 843              		.section	.text.USBD_LL_IsoINIncomplete,"ax",%progbits
 844              		.align	1
 845              		.global	USBD_LL_IsoINIncomplete
 846              		.syntax unified
 847              		.thumb
 848              		.thumb_func
 849              		.fpu softvfp
 851              	USBD_LL_IsoINIncomplete:
 852              	.LFB80:
 502:Middlewares/ST/STM32_USB_Device_Library/Core/Src/usbd_core.c **** 
 503:Middlewares/ST/STM32_USB_Device_Library/Core/Src/usbd_core.c **** /**
 504:Middlewares/ST/STM32_USB_Device_Library/Core/Src/usbd_core.c **** * @brief  USBD_IsoINIncomplete 
 505:Middlewares/ST/STM32_USB_Device_Library/Core/Src/usbd_core.c **** *         Handle iso in incomplete event
 506:Middlewares/ST/STM32_USB_Device_Library/Core/Src/usbd_core.c **** * @param  pdev: device instance
 507:Middlewares/ST/STM32_USB_Device_Library/Core/Src/usbd_core.c **** * @retval status
 508:Middlewares/ST/STM32_USB_Device_Library/Core/Src/usbd_core.c **** */
 509:Middlewares/ST/STM32_USB_Device_Library/Core/Src/usbd_core.c **** USBD_StatusTypeDef USBD_LL_IsoINIncomplete(USBD_HandleTypeDef  *pdev, uint8_t epnum)
 510:Middlewares/ST/STM32_USB_Device_Library/Core/Src/usbd_core.c **** {
 853              		.loc 1 510 0
ARM GAS  /tmp/ccgGaLUX.s 			page 25


 854              		.cfi_startproc
 855              		@ args = 0, pretend = 0, frame = 0
 856              		@ frame_needed = 0, uses_anonymous_args = 0
 857              		@ link register save eliminated.
 858              	.LVL92:
 511:Middlewares/ST/STM32_USB_Device_Library/Core/Src/usbd_core.c ****   return USBD_OK;
 512:Middlewares/ST/STM32_USB_Device_Library/Core/Src/usbd_core.c **** }
 859              		.loc 1 512 0
 860 0000 0020     		movs	r0, #0
 861              	.LVL93:
 862 0002 7047     		bx	lr
 863              		.cfi_endproc
 864              	.LFE80:
 866              		.section	.text.USBD_LL_IsoOUTIncomplete,"ax",%progbits
 867              		.align	1
 868              		.global	USBD_LL_IsoOUTIncomplete
 869              		.syntax unified
 870              		.thumb
 871              		.thumb_func
 872              		.fpu softvfp
 874              	USBD_LL_IsoOUTIncomplete:
 875              	.LFB81:
 513:Middlewares/ST/STM32_USB_Device_Library/Core/Src/usbd_core.c **** 
 514:Middlewares/ST/STM32_USB_Device_Library/Core/Src/usbd_core.c **** /**
 515:Middlewares/ST/STM32_USB_Device_Library/Core/Src/usbd_core.c **** * @brief  USBD_IsoOUTIncomplete 
 516:Middlewares/ST/STM32_USB_Device_Library/Core/Src/usbd_core.c **** *         Handle iso out incomplete event
 517:Middlewares/ST/STM32_USB_Device_Library/Core/Src/usbd_core.c **** * @param  pdev: device instance
 518:Middlewares/ST/STM32_USB_Device_Library/Core/Src/usbd_core.c **** * @retval status
 519:Middlewares/ST/STM32_USB_Device_Library/Core/Src/usbd_core.c **** */
 520:Middlewares/ST/STM32_USB_Device_Library/Core/Src/usbd_core.c **** USBD_StatusTypeDef USBD_LL_IsoOUTIncomplete(USBD_HandleTypeDef  *pdev, uint8_t epnum)
 521:Middlewares/ST/STM32_USB_Device_Library/Core/Src/usbd_core.c **** {
 876              		.loc 1 521 0
 877              		.cfi_startproc
 878              		@ args = 0, pretend = 0, frame = 0
 879              		@ frame_needed = 0, uses_anonymous_args = 0
 880              		@ link register save eliminated.
 881              	.LVL94:
 522:Middlewares/ST/STM32_USB_Device_Library/Core/Src/usbd_core.c ****   return USBD_OK;
 523:Middlewares/ST/STM32_USB_Device_Library/Core/Src/usbd_core.c **** }
 882              		.loc 1 523 0
 883 0000 0020     		movs	r0, #0
 884              	.LVL95:
 885 0002 7047     		bx	lr
 886              		.cfi_endproc
 887              	.LFE81:
 889              		.section	.text.USBD_LL_DevConnected,"ax",%progbits
 890              		.align	1
 891              		.global	USBD_LL_DevConnected
 892              		.syntax unified
 893              		.thumb
 894              		.thumb_func
 895              		.fpu softvfp
 897              	USBD_LL_DevConnected:
 898              	.LFB82:
 524:Middlewares/ST/STM32_USB_Device_Library/Core/Src/usbd_core.c **** 
 525:Middlewares/ST/STM32_USB_Device_Library/Core/Src/usbd_core.c **** /**
 526:Middlewares/ST/STM32_USB_Device_Library/Core/Src/usbd_core.c **** * @brief  USBD_DevConnected 
ARM GAS  /tmp/ccgGaLUX.s 			page 26


 527:Middlewares/ST/STM32_USB_Device_Library/Core/Src/usbd_core.c **** *         Handle device connection event
 528:Middlewares/ST/STM32_USB_Device_Library/Core/Src/usbd_core.c **** * @param  pdev: device instance
 529:Middlewares/ST/STM32_USB_Device_Library/Core/Src/usbd_core.c **** * @retval status
 530:Middlewares/ST/STM32_USB_Device_Library/Core/Src/usbd_core.c **** */
 531:Middlewares/ST/STM32_USB_Device_Library/Core/Src/usbd_core.c **** USBD_StatusTypeDef USBD_LL_DevConnected(USBD_HandleTypeDef  *pdev)
 532:Middlewares/ST/STM32_USB_Device_Library/Core/Src/usbd_core.c **** {
 899              		.loc 1 532 0
 900              		.cfi_startproc
 901              		@ args = 0, pretend = 0, frame = 0
 902              		@ frame_needed = 0, uses_anonymous_args = 0
 903              		@ link register save eliminated.
 904              	.LVL96:
 533:Middlewares/ST/STM32_USB_Device_Library/Core/Src/usbd_core.c ****   return USBD_OK;
 534:Middlewares/ST/STM32_USB_Device_Library/Core/Src/usbd_core.c **** }
 905              		.loc 1 534 0
 906 0000 0020     		movs	r0, #0
 907              	.LVL97:
 908 0002 7047     		bx	lr
 909              		.cfi_endproc
 910              	.LFE82:
 912              		.section	.text.USBD_LL_DevDisconnected,"ax",%progbits
 913              		.align	1
 914              		.global	USBD_LL_DevDisconnected
 915              		.syntax unified
 916              		.thumb
 917              		.thumb_func
 918              		.fpu softvfp
 920              	USBD_LL_DevDisconnected:
 921              	.LFB83:
 535:Middlewares/ST/STM32_USB_Device_Library/Core/Src/usbd_core.c **** 
 536:Middlewares/ST/STM32_USB_Device_Library/Core/Src/usbd_core.c **** /**
 537:Middlewares/ST/STM32_USB_Device_Library/Core/Src/usbd_core.c **** * @brief  USBD_DevDisconnected 
 538:Middlewares/ST/STM32_USB_Device_Library/Core/Src/usbd_core.c **** *         Handle device disconnection event
 539:Middlewares/ST/STM32_USB_Device_Library/Core/Src/usbd_core.c **** * @param  pdev: device instance
 540:Middlewares/ST/STM32_USB_Device_Library/Core/Src/usbd_core.c **** * @retval status
 541:Middlewares/ST/STM32_USB_Device_Library/Core/Src/usbd_core.c **** */
 542:Middlewares/ST/STM32_USB_Device_Library/Core/Src/usbd_core.c **** USBD_StatusTypeDef USBD_LL_DevDisconnected(USBD_HandleTypeDef  *pdev)
 543:Middlewares/ST/STM32_USB_Device_Library/Core/Src/usbd_core.c **** {
 922              		.loc 1 543 0
 923              		.cfi_startproc
 924              		@ args = 0, pretend = 0, frame = 0
 925              		@ frame_needed = 0, uses_anonymous_args = 0
 926              	.LVL98:
 927 0000 08B5     		push	{r3, lr}
 928              	.LCFI12:
 929              		.cfi_def_cfa_offset 8
 930              		.cfi_offset 3, -8
 931              		.cfi_offset 14, -4
 544:Middlewares/ST/STM32_USB_Device_Library/Core/Src/usbd_core.c ****   /* Free Class Resources */
 545:Middlewares/ST/STM32_USB_Device_Library/Core/Src/usbd_core.c ****   pdev->dev_state = USBD_STATE_DEFAULT;
 932              		.loc 1 545 0
 933 0002 0122     		movs	r2, #1
 934 0004 80F8FC21 		strb	r2, [r0, #508]
 546:Middlewares/ST/STM32_USB_Device_Library/Core/Src/usbd_core.c ****   pdev->pClass->DeInit(pdev, pdev->dev_config);  
 935              		.loc 1 546 0
 936 0008 D0F81422 		ldr	r2, [r0, #532]
 937 000c 5268     		ldr	r2, [r2, #4]
ARM GAS  /tmp/ccgGaLUX.s 			page 27


 938 000e 0179     		ldrb	r1, [r0, #4]	@ zero_extendqisi2
 939 0010 9047     		blx	r2
 940              	.LVL99:
 547:Middlewares/ST/STM32_USB_Device_Library/Core/Src/usbd_core.c ****    
 548:Middlewares/ST/STM32_USB_Device_Library/Core/Src/usbd_core.c ****   return USBD_OK;
 549:Middlewares/ST/STM32_USB_Device_Library/Core/Src/usbd_core.c **** }
 941              		.loc 1 549 0
 942 0012 0020     		movs	r0, #0
 943 0014 08BD     		pop	{r3, pc}
 944              		.cfi_endproc
 945              	.LFE83:
 947              		.text
 948              	.Letext0:
 949              		.file 2 "/home/mpitiot/opt/gcc-arm-none-eabi-6-2017-q1-update/arm-none-eabi/include/machine/_defau
 950              		.file 3 "/home/mpitiot/opt/gcc-arm-none-eabi-6-2017-q1-update/arm-none-eabi/include/sys/lock.h"
 951              		.file 4 "/home/mpitiot/opt/gcc-arm-none-eabi-6-2017-q1-update/arm-none-eabi/include/sys/_types.h"
 952              		.file 5 "/home/mpitiot/opt/gcc-arm-none-eabi-6-2017-q1-update/lib/gcc/arm-none-eabi/6.3.1/include/
 953              		.file 6 "/home/mpitiot/opt/gcc-arm-none-eabi-6-2017-q1-update/arm-none-eabi/include/sys/reent.h"
 954              		.file 7 "/home/mpitiot/opt/gcc-arm-none-eabi-6-2017-q1-update/arm-none-eabi/include/sys/_stdint.h"
 955              		.file 8 "/home/mpitiot/opt/gcc-arm-none-eabi-6-2017-q1-update/arm-none-eabi/include/stdlib.h"
 956              		.file 9 "Drivers/CMSIS/Include/core_cm3.h"
 957              		.file 10 "Drivers/CMSIS/Device/ST/STM32F1xx/Include/system_stm32f1xx.h"
 958              		.file 11 "Middlewares/ST/STM32_USB_Device_Library/Core/Inc/usbd_def.h"
 959              		.file 12 "Middlewares/ST/STM32_USB_Device_Library/Core/Inc/usbd_core.h"
 960              		.file 13 "Middlewares/ST/STM32_USB_Device_Library/Core/Inc/usbd_ioreq.h"
 961              		.file 14 "Middlewares/ST/STM32_USB_Device_Library/Core/Inc/usbd_ctlreq.h"
ARM GAS  /tmp/ccgGaLUX.s 			page 28


DEFINED SYMBOLS
                            *ABS*:0000000000000000 usbd_core.c
     /tmp/ccgGaLUX.s:16     .text.USBD_Init:0000000000000000 $t
     /tmp/ccgGaLUX.s:23     .text.USBD_Init:0000000000000000 USBD_Init
     /tmp/ccgGaLUX.s:80     .text.USBD_DeInit:0000000000000000 $t
     /tmp/ccgGaLUX.s:87     .text.USBD_DeInit:0000000000000000 USBD_DeInit
     /tmp/ccgGaLUX.s:124    .text.USBD_RegisterClass:0000000000000000 $t
     /tmp/ccgGaLUX.s:131    .text.USBD_RegisterClass:0000000000000000 USBD_RegisterClass
     /tmp/ccgGaLUX.s:158    .text.USBD_Start:0000000000000000 $t
     /tmp/ccgGaLUX.s:165    .text.USBD_Start:0000000000000000 USBD_Start
     /tmp/ccgGaLUX.s:187    .text.USBD_Stop:0000000000000000 $t
     /tmp/ccgGaLUX.s:194    .text.USBD_Stop:0000000000000000 USBD_Stop
     /tmp/ccgGaLUX.s:224    .text.USBD_RunTestMode:0000000000000000 $t
     /tmp/ccgGaLUX.s:231    .text.USBD_RunTestMode:0000000000000000 USBD_RunTestMode
     /tmp/ccgGaLUX.s:247    .text.USBD_SetClassConfig:0000000000000000 $t
     /tmp/ccgGaLUX.s:254    .text.USBD_SetClassConfig:0000000000000000 USBD_SetClassConfig
     /tmp/ccgGaLUX.s:294    .text.USBD_ClrClassConfig:0000000000000000 $t
     /tmp/ccgGaLUX.s:301    .text.USBD_ClrClassConfig:0000000000000000 USBD_ClrClassConfig
     /tmp/ccgGaLUX.s:325    .text.USBD_LL_SetupStage:0000000000000000 $t
     /tmp/ccgGaLUX.s:332    .text.USBD_LL_SetupStage:0000000000000000 USBD_LL_SetupStage
     /tmp/ccgGaLUX.s:405    .text.USBD_LL_DataOutStage:0000000000000000 $t
     /tmp/ccgGaLUX.s:412    .text.USBD_LL_DataOutStage:0000000000000000 USBD_LL_DataOutStage
     /tmp/ccgGaLUX.s:508    .text.USBD_LL_DataInStage:0000000000000000 $t
     /tmp/ccgGaLUX.s:515    .text.USBD_LL_DataInStage:0000000000000000 USBD_LL_DataInStage
     /tmp/ccgGaLUX.s:660    .text.USBD_LL_Reset:0000000000000000 $t
     /tmp/ccgGaLUX.s:667    .text.USBD_LL_Reset:0000000000000000 USBD_LL_Reset
     /tmp/ccgGaLUX.s:721    .text.USBD_LL_SetSpeed:0000000000000000 $t
     /tmp/ccgGaLUX.s:728    .text.USBD_LL_SetSpeed:0000000000000000 USBD_LL_SetSpeed
     /tmp/ccgGaLUX.s:746    .text.USBD_LL_Suspend:0000000000000000 $t
     /tmp/ccgGaLUX.s:753    .text.USBD_LL_Suspend:0000000000000000 USBD_LL_Suspend
     /tmp/ccgGaLUX.s:775    .text.USBD_LL_Resume:0000000000000000 $t
     /tmp/ccgGaLUX.s:782    .text.USBD_LL_Resume:0000000000000000 USBD_LL_Resume
     /tmp/ccgGaLUX.s:801    .text.USBD_LL_SOF:0000000000000000 $t
     /tmp/ccgGaLUX.s:808    .text.USBD_LL_SOF:0000000000000000 USBD_LL_SOF
     /tmp/ccgGaLUX.s:844    .text.USBD_LL_IsoINIncomplete:0000000000000000 $t
     /tmp/ccgGaLUX.s:851    .text.USBD_LL_IsoINIncomplete:0000000000000000 USBD_LL_IsoINIncomplete
     /tmp/ccgGaLUX.s:867    .text.USBD_LL_IsoOUTIncomplete:0000000000000000 $t
     /tmp/ccgGaLUX.s:874    .text.USBD_LL_IsoOUTIncomplete:0000000000000000 USBD_LL_IsoOUTIncomplete
     /tmp/ccgGaLUX.s:890    .text.USBD_LL_DevConnected:0000000000000000 $t
     /tmp/ccgGaLUX.s:897    .text.USBD_LL_DevConnected:0000000000000000 USBD_LL_DevConnected
     /tmp/ccgGaLUX.s:913    .text.USBD_LL_DevDisconnected:0000000000000000 $t
     /tmp/ccgGaLUX.s:920    .text.USBD_LL_DevDisconnected:0000000000000000 USBD_LL_DevDisconnected
                     .debug_frame:0000000000000010 $d

UNDEFINED SYMBOLS
USBD_LL_Init
USBD_LL_Stop
USBD_LL_DeInit
USBD_LL_Start
USBD_ParseSetupRequest
USBD_LL_StallEP
USBD_StdDevReq
USBD_StdItfReq
USBD_StdEPReq
USBD_CtlSendStatus
USBD_CtlContinueRx
USBD_CtlReceiveStatus
ARM GAS  /tmp/ccgGaLUX.s 			page 29


USBD_CtlContinueSendData
USBD_LL_PrepareReceive
USBD_LL_OpenEP
